<?xml version="1.0" encoding="UTF-8"?>
<coverage generated="1661459718196" clover="3.2.0">
  <project timestamp="1661459718196" name="All files">
    <metrics statements="1287" coveredstatements="1287" conditionals="419" coveredconditionals="415" methods="393" coveredmethods="380" elements="2099" coveredelements="2082" complexity="0" loc="1287" ncloc="1287" packages="8" files="62" classes="62"/>
    <package name="src">
      <metrics statements="59" coveredstatements="59" conditionals="0" coveredconditionals="0" methods="10" coveredmethods="5"/>
      <file name="index.ts" path="/Users/dario/Personal/@queelag/core/src/index.ts">
        <metrics statements="59" coveredstatements="59" conditionals="0" coveredconditionals="0" methods="10" coveredmethods="5"/>
        <line num="1" count="48" type="stmt"/>
        <line num="2" count="48" type="stmt"/>
        <line num="3" count="76" type="stmt"/>
        <line num="16" count="48" type="stmt"/>
        <line num="17" count="48" type="stmt"/>
        <line num="18" count="48" type="stmt"/>
        <line num="19" count="48" type="stmt"/>
        <line num="20" count="48" type="stmt"/>
        <line num="21" count="48" type="stmt"/>
        <line num="22" count="48" type="stmt"/>
        <line num="23" count="48" type="stmt"/>
        <line num="24" count="48" type="stmt"/>
        <line num="25" count="48" type="stmt"/>
        <line num="26" count="48" type="stmt"/>
        <line num="27" count="48" type="stmt"/>
        <line num="28" count="48" type="stmt"/>
        <line num="29" count="48" type="stmt"/>
        <line num="30" count="48" type="stmt"/>
        <line num="31" count="48" type="stmt"/>
        <line num="32" count="48" type="stmt"/>
        <line num="33" count="48" type="stmt"/>
        <line num="34" count="48" type="stmt"/>
        <line num="35" count="48" type="stmt"/>
        <line num="36" count="58" type="stmt"/>
        <line num="37" count="48" type="stmt"/>
        <line num="38" count="48" type="stmt"/>
        <line num="39" count="48" type="stmt"/>
        <line num="40" count="48" type="stmt"/>
        <line num="41" count="48" type="stmt"/>
        <line num="42" count="48" type="stmt"/>
        <line num="43" count="48" type="stmt"/>
        <line num="44" count="48" type="stmt"/>
        <line num="45" count="48" type="stmt"/>
        <line num="46" count="48" type="stmt"/>
        <line num="47" count="48" type="stmt"/>
        <line num="48" count="48" type="stmt"/>
        <line num="49" count="48" type="stmt"/>
        <line num="50" count="48" type="stmt"/>
        <line num="51" count="48" type="stmt"/>
        <line num="52" count="48" type="stmt"/>
        <line num="53" count="48" type="stmt"/>
        <line num="54" count="48" type="stmt"/>
        <line num="55" count="48" type="stmt"/>
        <line num="56" count="48" type="stmt"/>
        <line num="57" count="48" type="stmt"/>
        <line num="58" count="48" type="stmt"/>
        <line num="59" count="48" type="stmt"/>
        <line num="60" count="48" type="stmt"/>
        <line num="61" count="48" type="stmt"/>
        <line num="62" count="48" type="stmt"/>
        <line num="63" count="48" type="stmt"/>
        <line num="64" count="48" type="stmt"/>
        <line num="65" count="48" type="stmt"/>
        <line num="66" count="48" type="stmt"/>
        <line num="67" count="48" type="stmt"/>
        <line num="68" count="48" type="stmt"/>
        <line num="69" count="48" type="stmt"/>
        <line num="70" count="48" type="stmt"/>
        <line num="71" count="48" type="stmt"/>
      </file>
    </package>
    <package name="src.classes">
      <metrics statements="56" coveredstatements="56" conditionals="21" coveredconditionals="21" methods="16" coveredmethods="16"/>
      <file name="fetch.error.ts" path="/Users/dario/Personal/@queelag/core/src/classes/fetch.error.ts">
        <metrics statements="11" coveredstatements="11" conditionals="6" coveredconditionals="6" methods="2" coveredmethods="2"/>
        <line num="1" count="48" type="stmt"/>
        <line num="8" count="48" type="stmt"/>
        <line num="12" count="16" type="stmt"/>
        <line num="14" count="16" type="stmt"/>
        <line num="15" count="16" type="stmt"/>
        <line num="16" count="16" type="stmt"/>
        <line num="24" count="16" type="cond" truecount="4" falsecount="0"/>
        <line num="26" count="1" type="stmt"/>
        <line num="28" count="2" type="stmt"/>
        <line num="30" count="7" type="stmt"/>
        <line num="32" count="6" type="stmt"/>
      </file>
      <file name="fetch.response.ts" path="/Users/dario/Personal/@queelag/core/src/classes/fetch.response.ts">
        <metrics statements="45" coveredstatements="45" conditionals="15" coveredconditionals="15" methods="14" coveredmethods="14"/>
        <line num="1" count="48" type="stmt"/>
        <line num="2" count="48" type="stmt"/>
        <line num="9" count="48" type="stmt"/>
        <line num="23" count="51" type="stmt"/>
        <line num="24" count="51" type="stmt"/>
        <line num="25" count="51" type="stmt"/>
        <line num="26" count="51" type="stmt"/>
        <line num="27" count="51" type="stmt"/>
        <line num="28" count="51" type="stmt"/>
        <line num="29" count="51" type="stmt"/>
        <line num="30" count="51" type="stmt"/>
        <line num="31" count="51" type="stmt"/>
        <line num="32" count="51" type="stmt"/>
        <line num="33" count="51" type="stmt"/>
        <line num="37" count="43" type="cond" truecount="4" falsecount="0"/>
        <line num="41" count="3" type="stmt"/>
        <line num="42" count="3" type="cond" truecount="1" falsecount="0"/>
        <line num="44" count="2" type="stmt"/>
        <line num="45" count="2" type="stmt"/>
        <line num="47" count="2" type="stmt"/>
        <line num="51" count="12" type="stmt"/>
        <line num="52" count="12" type="cond" truecount="1" falsecount="0"/>
        <line num="54" count="11" type="stmt"/>
        <line num="55" count="11" type="stmt"/>
        <line num="57" count="11" type="stmt"/>
        <line num="72" count="17" type="stmt"/>
        <line num="73" count="17" type="cond" truecount="1" falsecount="0"/>
        <line num="75" count="16" type="stmt"/>
        <line num="76" count="16" type="stmt"/>
        <line num="78" count="16" type="stmt"/>
        <line num="82" count="10" type="stmt"/>
        <line num="83" count="10" type="cond" truecount="1" falsecount="0"/>
        <line num="85" count="9" type="stmt"/>
        <line num="86" count="9" type="stmt"/>
        <line num="88" count="9" type="stmt"/>
        <line num="93" count="9" type="stmt"/>
        <line num="97" count="2" type="stmt"/>
        <line num="101" count="2" type="stmt"/>
        <line num="110" count="11" type="stmt"/>
        <line num="114" count="16" type="stmt"/>
        <line num="118" count="43" type="stmt"/>
        <line num="124" count="5" type="cond" truecount="1" falsecount="0"/>
        <line num="125" count="1" type="stmt"/>
        <line num="128" count="4" type="stmt"/>
        <line num="132" count="166" type="cond" truecount="2" falsecount="0"/>
      </file>
    </package>
    <package name="src.definitions">
      <metrics statements="89" coveredstatements="89" conditionals="18" coveredconditionals="18" methods="25" coveredmethods="25"/>
      <file name="constants.ts" path="/Users/dario/Personal/@queelag/core/src/definitions/constants.ts">
        <metrics statements="30" coveredstatements="30" conditionals="2" coveredconditionals="2" methods="8" coveredmethods="8"/>
        <line num="1" count="49" type="stmt"/>
        <line num="2" count="49" type="stmt"/>
        <line num="6" count="49" type="stmt"/>
        <line num="7" count="49" type="stmt"/>
        <line num="8" count="49" type="stmt"/>
        <line num="9" count="49" type="stmt"/>
        <line num="10" count="49" type="stmt"/>
        <line num="12" count="49" type="stmt"/>
        <line num="13" count="49" type="stmt"/>
        <line num="14" count="49" type="stmt"/>
        <line num="16" count="49" type="stmt"/>
        <line num="17" count="132" type="stmt"/>
        <line num="20" count="49" type="stmt"/>
        <line num="22" count="49" type="stmt"/>
        <line num="24" count="49" type="stmt"/>
        <line num="26" count="4" type="cond" truecount="1" falsecount="0"/>
        <line num="27" count="2" type="stmt"/>
        <line num="30" count="2" type="stmt"/>
        <line num="33" count="2" type="cond" truecount="1" falsecount="0"/>
        <line num="34" count="1" type="stmt"/>
        <line num="37" count="1" type="stmt"/>
        <line num="41" count="49" type="stmt"/>
        <line num="52" count="49" type="stmt"/>
        <line num="54" count="49" type="stmt"/>
        <line num="56" count="58" type="stmt"/>
        <line num="58" count="49" type="stmt"/>
        <line num="60" count="49" type="stmt"/>
        <line num="61" count="49" type="stmt"/>
        <line num="62" count="49" type="stmt"/>
        <line num="63" count="49" type="stmt"/>
      </file>
      <file name="enums.ts" path="/Users/dario/Personal/@queelag/core/src/definitions/enums.ts">
        <metrics statements="39" coveredstatements="39" conditionals="14" coveredconditionals="14" methods="7" coveredmethods="7"/>
        <line num="1" count="48" type="cond" truecount="2" falsecount="0"/>
        <line num="2" count="48" type="stmt"/>
        <line num="3" count="48" type="stmt"/>
        <line num="4" count="48" type="stmt"/>
        <line num="5" count="48" type="stmt"/>
        <line num="6" count="48" type="stmt"/>
        <line num="7" count="48" type="stmt"/>
        <line num="8" count="48" type="stmt"/>
        <line num="9" count="48" type="stmt"/>
        <line num="10" count="48" type="stmt"/>
        <line num="13" count="48" type="cond" truecount="2" falsecount="0"/>
        <line num="14" count="48" type="stmt"/>
        <line num="15" count="48" type="stmt"/>
        <line num="16" count="48" type="stmt"/>
        <line num="17" count="48" type="stmt"/>
        <line num="18" count="48" type="stmt"/>
        <line num="21" count="48" type="cond" truecount="2" falsecount="0"/>
        <line num="22" count="48" type="stmt"/>
        <line num="23" count="48" type="stmt"/>
        <line num="26" count="48" type="cond" truecount="2" falsecount="0"/>
        <line num="27" count="48" type="stmt"/>
        <line num="28" count="48" type="stmt"/>
        <line num="29" count="48" type="stmt"/>
        <line num="30" count="48" type="stmt"/>
        <line num="33" count="48" type="cond" truecount="2" falsecount="0"/>
        <line num="34" count="48" type="stmt"/>
        <line num="35" count="48" type="stmt"/>
        <line num="36" count="48" type="stmt"/>
        <line num="37" count="48" type="stmt"/>
        <line num="38" count="48" type="stmt"/>
        <line num="39" count="48" type="stmt"/>
        <line num="40" count="48" type="stmt"/>
        <line num="41" count="48" type="stmt"/>
        <line num="42" count="48" type="stmt"/>
        <line num="45" count="48" type="cond" truecount="2" falsecount="0"/>
        <line num="46" count="48" type="stmt"/>
        <line num="49" count="48" type="cond" truecount="2" falsecount="0"/>
        <line num="50" count="48" type="stmt"/>
        <line num="51" count="48" type="stmt"/>
      </file>
      <file name="stubs.ts" path="/Users/dario/Personal/@queelag/core/src/definitions/stubs.ts">
        <metrics statements="20" coveredstatements="20" conditionals="2" coveredconditionals="2" methods="10" coveredmethods="10"/>
        <line num="1" count="105" type="stmt"/>
        <line num="2" count="15" type="stmt"/>
        <line num="6" count="20" type="stmt"/>
        <line num="7" count="20" type="cond" truecount="1" falsecount="0"/>
        <line num="9" count="12" type="stmt"/>
        <line num="14" count="2" type="stmt"/>
        <line num="15" count="2" type="cond" truecount="1" falsecount="0"/>
        <line num="17" count="1" type="stmt"/>
        <line num="20" count="3" type="stmt"/>
        <line num="23" count="12" type="stmt"/>
        <line num="26" count="2" type="stmt"/>
        <line num="30" count="52" type="stmt"/>
        <line num="31" count="52" type="stmt"/>
        <line num="33" count="52" type="stmt"/>
        <line num="34" count="52" type="stmt"/>
        <line num="36" count="52" type="stmt"/>
        <line num="37" count="1" type="stmt"/>
        <line num="43" count="52" type="stmt"/>
        <line num="44" count="1" type="stmt"/>
        <line num="45" count="1" type="stmt"/>
      </file>
    </package>
    <package name="src.functions">
      <metrics statements="41" coveredstatements="41" conditionals="5" coveredconditionals="5" methods="17" coveredmethods="17"/>
      <file name="gql.ts" path="/Users/dario/Personal/@queelag/core/src/functions/gql.ts">
        <metrics statements="2" coveredstatements="2" conditionals="0" coveredconditionals="0" methods="1" coveredmethods="1"/>
        <line num="1" count="48" type="stmt"/>
        <line num="2" count="2" type="stmt"/>
      </file>
      <file name="noop.ts" path="/Users/dario/Personal/@queelag/core/src/functions/noop.ts">
        <metrics statements="1" coveredstatements="1" conditionals="0" coveredconditionals="0" methods="1" coveredmethods="1"/>
        <line num="4" count="49" type="stmt"/>
      </file>
      <file name="rc.ts" path="/Users/dario/Personal/@queelag/core/src/functions/rc.ts">
        <metrics statements="4" coveredstatements="4" conditionals="0" coveredconditionals="0" methods="2" coveredmethods="2"/>
        <line num="1" count="48" type="stmt"/>
        <line num="8" count="48" type="stmt"/>
        <line num="9" count="34" type="stmt"/>
        <line num="10" count="34" type="stmt"/>
      </file>
      <file name="rcp.ts" path="/Users/dario/Personal/@queelag/core/src/functions/rcp.ts">
        <metrics statements="4" coveredstatements="4" conditionals="0" coveredconditionals="0" methods="2" coveredmethods="2"/>
        <line num="1" count="48" type="stmt"/>
        <line num="8" count="48" type="stmt"/>
        <line num="9" count="1" type="stmt"/>
        <line num="10" count="1" type="stmt"/>
      </file>
      <file name="rv.ts" path="/Users/dario/Personal/@queelag/core/src/functions/rv.ts">
        <metrics statements="3" coveredstatements="3" conditionals="0" coveredconditionals="0" methods="2" coveredmethods="2"/>
        <line num="1" count="48" type="stmt"/>
        <line num="6" count="48" type="stmt"/>
        <line num="7" count="10" type="stmt"/>
      </file>
      <file name="rvp.ts" path="/Users/dario/Personal/@queelag/core/src/functions/rvp.ts">
        <metrics statements="3" coveredstatements="3" conditionals="0" coveredconditionals="0" methods="2" coveredmethods="2"/>
        <line num="1" count="48" type="stmt"/>
        <line num="6" count="48" type="stmt"/>
        <line num="7" count="1" type="stmt"/>
      </file>
      <file name="sleep.ts" path="/Users/dario/Personal/@queelag/core/src/functions/sleep.ts">
        <metrics statements="2" coveredstatements="2" conditionals="0" coveredconditionals="0" methods="3" coveredmethods="3"/>
        <line num="6" count="48" type="stmt"/>
        <line num="7" count="12" type="stmt"/>
      </file>
      <file name="tc.ts" path="/Users/dario/Personal/@queelag/core/src/functions/tc.ts">
        <metrics statements="8" coveredstatements="8" conditionals="2" coveredconditionals="2" methods="1" coveredmethods="1"/>
        <line num="1" count="48" type="stmt"/>
        <line num="9" count="48" type="cond" truecount="1" falsecount="0"/>
        <line num="10" count="748" type="stmt"/>
        <line num="11" count="748" type="stmt"/>
        <line num="13" count="26" type="cond" truecount="1" falsecount="0"/>
        <line num="14" count="1" type="stmt"/>
        <line num="17" count="26" type="stmt"/>
        <line num="19" count="26" type="stmt"/>
      </file>
      <file name="tcp.ts" path="/Users/dario/Personal/@queelag/core/src/functions/tcp.ts">
        <metrics statements="8" coveredstatements="8" conditionals="2" coveredconditionals="2" methods="1" coveredmethods="1"/>
        <line num="1" count="48" type="stmt"/>
        <line num="9" count="48" type="cond" truecount="1" falsecount="0"/>
        <line num="10" count="243" type="stmt"/>
        <line num="11" count="243" type="stmt"/>
        <line num="13" count="30" type="cond" truecount="1" falsecount="0"/>
        <line num="14" count="1" type="stmt"/>
        <line num="17" count="30" type="stmt"/>
        <line num="19" count="30" type="stmt"/>
      </file>
      <file name="tie.ts" path="/Users/dario/Personal/@queelag/core/src/functions/tie.ts">
        <metrics statements="4" coveredstatements="4" conditionals="1" coveredconditionals="1" methods="1" coveredmethods="1"/>
        <line num="1" count="48" type="stmt"/>
        <line num="2" count="11" type="cond" truecount="1" falsecount="0"/>
        <line num="3" count="1" type="stmt"/>
        <line num="6" count="10" type="stmt"/>
      </file>
      <file name="tne.ts" path="/Users/dario/Personal/@queelag/core/src/functions/tne.ts">
        <metrics statements="2" coveredstatements="2" conditionals="0" coveredconditionals="0" methods="1" coveredmethods="1"/>
        <line num="6" count="48" type="stmt"/>
        <line num="7" count="17" type="stmt"/>
      </file>
    </package>
    <package name="src.loggers">
      <metrics statements="9" coveredstatements="9" conditionals="0" coveredconditionals="0" methods="0" coveredmethods="0"/>
      <file name="class.logger.ts" path="/Users/dario/Personal/@queelag/core/src/loggers/class.logger.ts">
        <metrics statements="3" coveredstatements="3" conditionals="0" coveredconditionals="0" methods="0" coveredmethods="0"/>
        <line num="1" count="48" type="stmt"/>
        <line num="2" count="48" type="stmt"/>
        <line num="4" count="48" type="stmt"/>
      </file>
      <file name="module.logger.ts" path="/Users/dario/Personal/@queelag/core/src/loggers/module.logger.ts">
        <metrics statements="3" coveredstatements="3" conditionals="0" coveredconditionals="0" methods="0" coveredmethods="0"/>
        <line num="1" count="48" type="stmt"/>
        <line num="2" count="48" type="stmt"/>
        <line num="4" count="48" type="stmt"/>
      </file>
      <file name="util.logger.ts" path="/Users/dario/Personal/@queelag/core/src/loggers/util.logger.ts">
        <metrics statements="3" coveredstatements="3" conditionals="0" coveredconditionals="0" methods="0" coveredmethods="0"/>
        <line num="1" count="48" type="stmt"/>
        <line num="2" count="48" type="stmt"/>
        <line num="4" count="48" type="stmt"/>
      </file>
    </package>
    <package name="src.modules">
      <metrics statements="582" coveredstatements="582" conditionals="213" coveredconditionals="212" methods="225" coveredmethods="217"/>
      <file name="api.ts" path="/Users/dario/Personal/@queelag/core/src/modules/api.ts">
        <metrics statements="53" coveredstatements="53" conditionals="17" coveredconditionals="17" methods="24" coveredmethods="24"/>
        <line num="1" count="48" type="stmt"/>
        <line num="3" count="48" type="stmt"/>
        <line num="4" count="48" type="stmt"/>
        <line num="6" count="48" type="stmt"/>
        <line num="7" count="48" type="stmt"/>
        <line num="8" count="48" type="stmt"/>
        <line num="9" count="48" type="stmt"/>
        <line num="10" count="48" type="stmt"/>
        <line num="11" count="48" type="stmt"/>
        <line num="12" count="48" type="stmt"/>
        <line num="21" count="48" type="stmt"/>
        <line num="40" count="22" type="stmt"/>
        <line num="41" count="22" type="stmt"/>
        <line num="42" count="22" type="stmt"/>
        <line num="55" count="31" type="stmt"/>
        <line num="57" count="31" type="stmt"/>
        <line num="58" count="31" type="stmt"/>
        <line num="59" count="31" type="stmt"/>
        <line num="60" count="31" type="stmt"/>
        <line num="62" count="31" type="stmt"/>
        <line num="63" count="31" type="stmt"/>
        <line num="65" count="31" type="stmt"/>
        <line num="66" count="31" type="cond" truecount="1" falsecount="0"/>
        <line num="68" count="30" type="stmt"/>
        <line num="74" count="30" type="cond" truecount="1" falsecount="0"/>
        <line num="75" count="7" type="stmt"/>
        <line num="76" count="7" type="cond" truecount="1" falsecount="0"/>
        <line num="78" count="1" type="stmt"/>
        <line num="81" count="23" type="stmt"/>
        <line num="82" count="23" type="cond" truecount="1" falsecount="0"/>
        <line num="84" count="22" type="stmt"/>
        <line num="94" count="1" type="stmt"/>
        <line num="104" count="1" type="stmt"/>
        <line num="114" count="17" type="stmt"/>
        <line num="121" count="1" type="stmt"/>
        <line num="131" count="1" type="stmt"/>
        <line num="142" count="1" type="stmt"/>
        <line num="153" count="4" type="stmt"/>
        <line num="164" count="2" type="stmt"/>
        <line num="171" count="1" type="stmt"/>
        <line num="182" count="2" type="cond" truecount="2" falsecount="0"/>
        <line num="184" count="1" type="stmt"/>
        <line num="186" count="1" type="stmt"/>
        <line num="196" count="29" type="stmt"/>
        <line num="205" count="30" type="cond" truecount="1" falsecount="0"/>
        <line num="206" count="1" type="stmt"/>
        <line num="209" count="29" type="cond" truecount="2" falsecount="0"/>
        <line num="219" count="5" type="stmt"/>
        <line num="228" count="26" type="stmt"/>
        <line num="238" count="21" type="stmt"/>
        <line num="243" count="62" type="cond" truecount="1" falsecount="0"/>
        <line num="244" count="58" type="stmt"/>
        <line num="250" count="62" type="cond" truecount="4" falsecount="0"/>
      </file>
      <file name="base16.ts" path="/Users/dario/Personal/@queelag/core/src/modules/base16.ts">
        <metrics statements="4" coveredstatements="4" conditionals="0" coveredconditionals="0" methods="2" coveredmethods="2"/>
        <line num="1" count="48" type="stmt"/>
        <line num="8" count="48" type="stmt"/>
        <line num="13" count="2" type="stmt"/>
        <line num="20" count="2" type="stmt"/>
      </file>
      <file name="base32.ts" path="/Users/dario/Personal/@queelag/core/src/modules/base32.ts">
        <metrics statements="4" coveredstatements="4" conditionals="0" coveredconditionals="0" methods="2" coveredmethods="2"/>
        <line num="1" count="48" type="stmt"/>
        <line num="8" count="48" type="stmt"/>
        <line num="13" count="2" type="stmt"/>
        <line num="20" count="2" type="stmt"/>
      </file>
      <file name="base64.ts" path="/Users/dario/Personal/@queelag/core/src/modules/base64.ts">
        <metrics statements="4" coveredstatements="4" conditionals="0" coveredconditionals="0" methods="2" coveredmethods="2"/>
        <line num="1" count="48" type="stmt"/>
        <line num="8" count="48" type="stmt"/>
        <line num="13" count="2" type="stmt"/>
        <line num="20" count="2" type="stmt"/>
      </file>
      <file name="cache.ts" path="/Users/dario/Personal/@queelag/core/src/modules/cache.ts">
        <metrics statements="2" coveredstatements="2" conditionals="0" coveredconditionals="0" methods="0" coveredmethods="0"/>
        <line num="2" count="48" type="stmt"/>
        <line num="3" count="48" type="stmt"/>
      </file>
      <file name="configuration.ts" path="/Users/dario/Personal/@queelag/core/src/modules/configuration.ts">
        <metrics statements="3" coveredstatements="3" conditionals="0" coveredconditionals="0" methods="0" coveredmethods="0"/>
        <line num="1" count="48" type="stmt"/>
        <line num="4" count="48" type="stmt"/>
        <line num="5" count="48" type="stmt"/>
      </file>
      <file name="cookie.ts" path="/Users/dario/Personal/@queelag/core/src/modules/cookie.ts">
        <metrics statements="46" coveredstatements="46" conditionals="12" coveredconditionals="12" methods="10" coveredmethods="9"/>
        <line num="1" count="48" type="stmt"/>
        <line num="2" count="48" type="stmt"/>
        <line num="4" count="48" type="stmt"/>
        <line num="5" count="48" type="stmt"/>
        <line num="6" count="48" type="stmt"/>
        <line num="7" count="48" type="stmt"/>
        <line num="14" count="48" type="stmt"/>
        <line num="15" count="48" type="stmt"/>
        <line num="28" count="5" type="stmt"/>
        <line num="29" count="5" type="cond" truecount="1" falsecount="0"/>
        <line num="31" count="4" type="stmt"/>
        <line num="33" count="4" type="stmt"/>
        <line num="35" count="4" type="stmt"/>
        <line num="36" count="9" type="cond" truecount="1" falsecount="0"/>
        <line num="37" count="2" type="stmt"/>
        <line num="38" count="2" type="stmt"/>
        <line num="41" count="7" type="stmt"/>
        <line num="42" count="7" type="stmt"/>
        <line num="45" count="4" type="stmt"/>
        <line num="54" count="4" type="cond" truecount="1" falsecount="0"/>
        <line num="57" count="2" type="stmt"/>
        <line num="58" count="2" type="cond" truecount="1" falsecount="0"/>
        <line num="60" count="1" type="stmt"/>
        <line num="62" count="1" type="stmt"/>
        <line num="63" count="3" type="cond" truecount="1" falsecount="0"/>
        <line num="64" count="1" type="stmt"/>
        <line num="65" count="1" type="stmt"/>
        <line num="68" count="2" type="stmt"/>
        <line num="69" count="2" type="stmt"/>
        <line num="73" count="3" type="stmt"/>
        <line num="76" count="3" type="stmt"/>
        <line num="77" count="3" type="cond" truecount="1" falsecount="0"/>
        <line num="79" count="2" type="stmt"/>
        <line num="80" count="2" type="stmt"/>
        <line num="82" count="2" type="stmt"/>
        <line num="98" count="3" type="cond" truecount="1" falsecount="0"/>
        <line num="99" count="3" type="stmt"/>
        <line num="100" count="3" type="stmt"/>
        <line num="103" count="3" type="stmt"/>
        <line num="106" count="4" type="stmt"/>
        <line num="107" count="4" type="cond" truecount="1" falsecount="0"/>
        <line num="108" count="1" type="stmt"/>
        <line num="110" count="3" type="stmt"/>
        <line num="111" count="3" type="stmt"/>
        <line num="120" count="10" type="stmt"/>
        <line num="127" count="6" type="stmt"/>
      </file>
      <file name="debounce.ts" path="/Users/dario/Personal/@queelag/core/src/modules/debounce.ts">
        <metrics statements="7" coveredstatements="7" conditionals="0" coveredconditionals="0" methods="2" coveredmethods="1"/>
        <line num="1" count="48" type="stmt"/>
        <line num="8" count="48" type="stmt"/>
        <line num="10" count="48" type="stmt"/>
        <line num="19" count="3" type="stmt"/>
        <line num="20" count="3" type="stmt"/>
        <line num="22" count="3" type="stmt"/>
        <line num="23" count="3" type="stmt"/>
      </file>
      <file name="deferred.promise.ts" path="/Users/dario/Personal/@queelag/core/src/modules/deferred.promise.ts">
        <metrics statements="11" coveredstatements="11" conditionals="0" coveredconditionals="0" methods="10" coveredmethods="8"/>
        <line num="1" count="48" type="stmt"/>
        <line num="8" count="48" type="stmt"/>
        <line num="15" count="2" type="stmt"/>
        <line num="16" count="2" type="stmt"/>
        <line num="17" count="2" type="stmt"/>
        <line num="27" count="2" type="stmt"/>
        <line num="28" count="2" type="stmt"/>
        <line num="38" count="2" type="stmt"/>
        <line num="39" count="2" type="stmt"/>
        <line num="62" count="2" type="stmt"/>
        <line num="63" count="2" type="stmt"/>
      </file>
      <file name="environment.ts" path="/Users/dario/Personal/@queelag/core/src/modules/environment.ts">
        <metrics statements="32" coveredstatements="32" conditionals="9" coveredconditionals="9" methods="28" coveredmethods="28"/>
        <line num="1" count="48" type="stmt"/>
        <line num="2" count="48" type="stmt"/>
        <line num="9" count="48" type="stmt"/>
        <line num="16" count="297" type="stmt"/>
        <line num="17" count="297" type="cond" truecount="1" falsecount="0"/>
        <line num="19" count="296" type="cond" truecount="2" falsecount="0"/>
        <line num="28" count="2" type="stmt"/>
        <line num="29" count="2" type="cond" truecount="3" falsecount="0"/>
        <line num="31" count="1" type="stmt"/>
        <line num="55" count="83" type="stmt"/>
        <line num="62" count="1" type="stmt"/>
        <line num="69" count="1" type="stmt"/>
        <line num="76" count="1" type="stmt"/>
        <line num="83" count="79" type="stmt"/>
        <line num="90" count="1" type="stmt"/>
        <line num="97" count="83" type="stmt"/>
        <line num="104" count="1" type="stmt"/>
        <line num="111" count="107" type="stmt"/>
        <line num="118" count="1" type="stmt"/>
        <line num="125" count="9" type="stmt"/>
        <line num="132" count="17" type="stmt"/>
        <line num="139" count="147" type="stmt"/>
        <line num="146" count="1" type="stmt"/>
        <line num="153" count="147" type="stmt"/>
        <line num="160" count="1" type="stmt"/>
        <line num="167" count="1" type="stmt"/>
        <line num="174" count="1" type="stmt"/>
        <line num="181" count="62" type="stmt"/>
        <line num="188" count="45" type="stmt"/>
        <line num="194" count="301" type="stmt"/>
        <line num="195" count="301" type="cond" truecount="1" falsecount="0"/>
        <line num="197" count="300" type="cond" truecount="2" falsecount="0"/>
      </file>
      <file name="fetch.ts" path="/Users/dario/Personal/@queelag/core/src/modules/fetch.ts">
        <metrics statements="31" coveredstatements="31" conditionals="13" coveredconditionals="12" methods="12" coveredmethods="12"/>
        <line num="1" count="48" type="stmt"/>
        <line num="2" count="48" type="stmt"/>
        <line num="3" count="48" type="stmt"/>
        <line num="6" count="48" type="stmt"/>
        <line num="7" count="48" type="stmt"/>
        <line num="8" count="48" type="stmt"/>
        <line num="9" count="48" type="stmt"/>
        <line num="16" count="48" type="stmt"/>
        <line num="27" count="43" type="stmt"/>
        <line num="28" count="43" type="stmt"/>
        <line num="29" count="43" type="stmt"/>
        <line num="30" count="43" type="stmt"/>
        <line num="32" count="43" type="stmt"/>
        <line num="33" count="43" type="stmt"/>
        <line num="35" count="43" type="stmt"/>
        <line num="36" count="43" type="cond" truecount="1" falsecount="0"/>
        <line num="38" count="42" type="stmt"/>
        <line num="40" count="42" type="cond" truecount="1" falsecount="0"/>
        <line num="41" count="42" type="stmt"/>
        <line num="44" count="42" type="cond" truecount="1" falsecount="0"/>
        <line num="45" count="33" type="stmt"/>
        <line num="48" count="9" type="stmt"/>
        <line num="58" count="1" type="stmt"/>
        <line num="69" count="1" type="stmt"/>
        <line num="79" count="5" type="stmt"/>
        <line num="86" count="1" type="stmt"/>
        <line num="96" count="1" type="stmt"/>
        <line num="107" count="1" type="stmt"/>
        <line num="118" count="1" type="stmt"/>
        <line num="127" count="1" type="stmt"/>
        <line num="134" count="1" type="stmt"/>
      </file>
      <file name="graphql.api.ts" path="/Users/dario/Personal/@queelag/core/src/modules/graphql.api.ts">
        <metrics statements="8" coveredstatements="8" conditionals="0" coveredconditionals="0" methods="4" coveredmethods="4"/>
        <line num="3" count="48" type="stmt"/>
        <line num="5" count="48" type="stmt"/>
        <line num="15" count="48" type="stmt"/>
        <line num="21" count="2" type="stmt"/>
        <line num="27" count="2" type="stmt"/>
        <line num="32" count="2" type="stmt"/>
        <line num="42" count="1" type="stmt"/>
        <line num="52" count="1" type="stmt"/>
      </file>
      <file name="history.ts" path="/Users/dario/Personal/@queelag/core/src/modules/history.ts">
        <metrics statements="28" coveredstatements="28" conditionals="4" coveredconditionals="4" methods="11" coveredmethods="11"/>
        <line num="1" count="48" type="stmt"/>
        <line num="3" count="48" type="stmt"/>
        <line num="4" count="48" type="stmt"/>
        <line num="11" count="48" type="stmt"/>
        <line num="19" count="5" type="stmt"/>
        <line num="20" count="5" type="stmt"/>
        <line num="21" count="5" type="stmt"/>
        <line num="22" count="5" type="stmt"/>
        <line num="23" count="5" type="stmt"/>
        <line num="27" count="2" type="cond" truecount="1" falsecount="0"/>
        <line num="28" count="1" type="stmt"/>
        <line num="31" count="1" type="stmt"/>
        <line num="35" count="2" type="cond" truecount="1" falsecount="0"/>
        <line num="36" count="1" type="stmt"/>
        <line num="39" count="1" type="stmt"/>
        <line num="43" count="301" type="cond" truecount="1" falsecount="0"/>
        <line num="44" count="102" type="stmt"/>
        <line num="45" count="102" type="stmt"/>
        <line num="48" count="301" type="stmt"/>
        <line num="49" count="301" type="stmt"/>
        <line num="53" count="2" type="stmt"/>
        <line num="54" count="2" type="stmt"/>
        <line num="58" count="301" type="stmt"/>
        <line num="62" count="301" type="stmt"/>
        <line num="66" count="2" type="stmt"/>
        <line num="70" count="2" type="stmt"/>
        <line num="74" count="2" type="stmt"/>
        <line num="78" count="2" type="stmt"/>
      </file>
      <file name="id.ts" path="/Users/dario/Personal/@queelag/core/src/modules/id.ts">
        <metrics statements="16" coveredstatements="16" conditionals="14" coveredconditionals="14" methods="1" coveredmethods="1"/>
        <line num="1" count="48" type="stmt"/>
        <line num="2" count="48" type="stmt"/>
        <line num="5" count="48" type="stmt"/>
        <line num="6" count="48" type="stmt"/>
        <line num="7" count="48" type="stmt"/>
        <line num="8" count="48" type="stmt"/>
        <line num="9" count="48" type="stmt"/>
        <line num="14" count="10" type="cond" truecount="2" falsecount="0"/>
        <line num="15" count="10" type="cond" truecount="2" falsecount="0"/>
        <line num="16" count="10" type="cond" truecount="2" falsecount="0"/>
        <line num="17" count="10" type="cond" truecount="2" falsecount="0"/>
        <line num="18" count="10" type="cond" truecount="2" falsecount="0"/>
        <line num="20" count="10" type="stmt"/>
        <line num="21" count="10" type="cond" truecount="2" falsecount="0"/>
        <line num="22" count="10" type="cond" truecount="1" falsecount="0"/>
        <line num="25" count="10" type="stmt"/>
      </file>
      <file name="interval.ts" path="/Users/dario/Personal/@queelag/core/src/modules/interval.ts">
        <metrics statements="25" coveredstatements="25" conditionals="7" coveredconditionals="7" methods="7" coveredmethods="6"/>
        <line num="2" count="48" type="stmt"/>
        <line num="3" count="48" type="stmt"/>
        <line num="10" count="48" type="stmt"/>
        <line num="12" count="48" type="stmt"/>
        <line num="25" count="3" type="stmt"/>
        <line num="26" count="3" type="cond" truecount="2" falsecount="0"/>
        <line num="27" count="3" type="cond" truecount="2" falsecount="0"/>
        <line num="28" count="3" type="cond" truecount="2" falsecount="0"/>
        <line num="30" count="3" type="stmt"/>
        <line num="31" count="3" type="stmt"/>
        <line num="33" count="3" type="cond" truecount="1" falsecount="0"/>
        <line num="34" count="1" type="stmt"/>
        <line num="35" count="1" type="stmt"/>
        <line num="38" count="3" type="stmt"/>
        <line num="39" count="3" type="stmt"/>
        <line num="48" count="3" type="stmt"/>
        <line num="49" count="3" type="stmt"/>
        <line num="51" count="3" type="stmt"/>
        <line num="52" count="3" type="stmt"/>
        <line num="59" count="1" type="stmt"/>
        <line num="60" count="1" type="stmt"/>
        <line num="62" count="1" type="stmt"/>
        <line num="63" count="1" type="stmt"/>
        <line num="70" count="4" type="stmt"/>
        <line num="77" count="2" type="stmt"/>
      </file>
      <file name="local.storage.ts" path="/Users/dario/Personal/@queelag/core/src/modules/local.storage.ts">
        <metrics statements="8" coveredstatements="8" conditionals="12" coveredconditionals="12" methods="5" coveredmethods="5"/>
        <line num="2" count="48" type="stmt"/>
        <line num="3" count="48" type="stmt"/>
        <line num="10" count="48" type="stmt"/>
        <line num="12" count="8" type="cond" truecount="2" falsecount="0"/>
        <line num="13" count="5" type="cond" truecount="4" falsecount="0"/>
        <line num="14" count="7" type="cond" truecount="2" falsecount="0"/>
        <line num="15" count="2" type="cond" truecount="2" falsecount="0"/>
        <line num="16" count="7" type="cond" truecount="2" falsecount="0"/>
      </file>
      <file name="localization.ts" path="/Users/dario/Personal/@queelag/core/src/modules/localization.ts">
        <metrics statements="45" coveredstatements="45" conditionals="17" coveredconditionals="17" methods="12" coveredmethods="11"/>
        <line num="1" count="48" type="stmt"/>
        <line num="3" count="48" type="stmt"/>
        <line num="4" count="48" type="stmt"/>
        <line num="5" count="48" type="stmt"/>
        <line num="6" count="48" type="stmt"/>
        <line num="14" count="48" type="stmt"/>
        <line num="33" count="12" type="stmt"/>
        <line num="34" count="12" type="stmt"/>
        <line num="35" count="12" type="stmt"/>
        <line num="36" count="12" type="stmt"/>
        <line num="40" count="1" type="stmt"/>
        <line num="47" count="11" type="stmt"/>
        <line num="50" count="14" type="stmt"/>
        <line num="52" count="14" type="cond" truecount="1" falsecount="0"/>
        <line num="53" count="1" type="stmt"/>
        <line num="54" count="1" type="stmt"/>
        <line num="56" count="1" type="stmt"/>
        <line num="59" count="13" type="stmt"/>
        <line num="60" count="13" type="stmt"/>
        <line num="72" count="13" type="cond" truecount="2" falsecount="0"/>
        <line num="73" count="13" type="cond" truecount="2" falsecount="0"/>
        <line num="75" count="13" type="cond" truecount="2" falsecount="0"/>
        <line num="76" count="13" type="cond" truecount="2" falsecount="0"/>
        <line num="78" count="13" type="stmt"/>
        <line num="79" count="13" type="cond" truecount="1" falsecount="0"/>
        <line num="81" count="12" type="stmt"/>
        <line num="82" count="12" type="cond" truecount="1" falsecount="0"/>
        <line num="84" count="11" type="stmt"/>
        <line num="85" count="11" type="cond" truecount="1" falsecount="0"/>
        <line num="87" count="9" type="stmt"/>
        <line num="88" count="9" type="stmt"/>
        <line num="90" count="9" type="stmt"/>
        <line num="93" count="9" type="stmt"/>
        <line num="94" count="9" type="stmt"/>
        <line num="96" count="9" type="stmt"/>
        <line num="99" count="9" type="stmt"/>
        <line num="103" count="1" type="stmt"/>
        <line num="104" count="1" type="stmt"/>
        <line num="106" count="1" type="stmt"/>
        <line num="110" count="2" type="stmt"/>
        <line num="111" count="2" type="stmt"/>
        <line num="115" count="1" type="stmt"/>
        <line num="116" count="1" type="stmt"/>
        <line num="123" count="2" type="stmt"/>
        <line num="127" count="32" type="cond" truecount="2" falsecount="0"/>
      </file>
      <file name="logger.ts" path="/Users/dario/Personal/@queelag/core/src/modules/logger.ts">
        <metrics statements="69" coveredstatements="69" conditionals="44" coveredconditionals="44" methods="19" coveredmethods="19"/>
        <line num="1" count="48" type="stmt"/>
        <line num="2" count="48" type="stmt"/>
        <line num="3" count="48" type="stmt"/>
        <line num="4" count="48" type="stmt"/>
        <line num="11" count="48" type="stmt"/>
        <line num="35" count="154" type="stmt"/>
        <line num="36" count="154" type="stmt"/>
        <line num="37" count="154" type="stmt"/>
        <line num="38" count="154" type="stmt"/>
        <line num="45" count="24" type="cond" truecount="1" falsecount="0"/>
        <line num="46" count="7" type="cond" truecount="1" falsecount="0"/>
        <line num="48" count="3" type="stmt"/>
        <line num="55" count="440" type="cond" truecount="1" falsecount="0"/>
        <line num="56" count="7" type="cond" truecount="1" falsecount="0"/>
        <line num="58" count="4" type="stmt"/>
        <line num="65" count="8" type="cond" truecount="1" falsecount="0"/>
        <line num="66" count="7" type="cond" truecount="1" falsecount="0"/>
        <line num="68" count="5" type="stmt"/>
        <line num="75" count="11" type="cond" truecount="1" falsecount="0"/>
        <line num="76" count="7" type="cond" truecount="1" falsecount="0"/>
        <line num="78" count="6" type="stmt"/>
        <line num="85" count="10" type="cond" truecount="1" falsecount="0"/>
        <line num="88" count="7" type="stmt"/>
        <line num="95" count="1" type="stmt"/>
        <line num="102" count="1" type="stmt"/>
        <line num="109" count="5" type="stmt"/>
        <line num="118" count="41" type="stmt"/>
        <line num="119" count="41" type="stmt"/>
        <line num="121" count="41" type="stmt"/>
        <line num="122" count="82" type="cond" truecount="8" falsecount="0"/>
        <line num="130" count="54" type="cond" truecount="1" falsecount="0"/>
        <line num="131" count="1" type="stmt"/>
        <line num="134" count="53" type="stmt"/>
        <line num="135" count="53" type="stmt"/>
        <line num="137" count="28" type="cond" truecount="1" falsecount="0"/>
        <line num="138" count="3" type="cond" truecount="1" falsecount="0"/>
        <line num="139" count="1" type="stmt"/>
        <line num="142" count="3" type="stmt"/>
        <line num="143" count="3" type="stmt"/>
        <line num="145" count="3" type="cond" truecount="1" falsecount="0"/>
        <line num="146" count="1" type="stmt"/>
        <line num="150" count="28" type="cond" truecount="3" falsecount="0"/>
        <line num="151" count="1" type="stmt"/>
        <line num="152" count="1" type="stmt"/>
        <line num="155" count="27" type="stmt"/>
        <line num="156" count="27" type="stmt"/>
        <line num="160" count="41" type="cond" truecount="1" falsecount="0"/>
        <line num="161" count="38" type="cond" truecount="1" falsecount="0"/>
        <line num="162" count="5" type="stmt"/>
        <line num="165" count="38" type="stmt"/>
        <line num="168" count="41" type="stmt"/>
        <line num="174" count="147" type="stmt"/>
        <line num="175" count="147" type="cond" truecount="1" falsecount="0"/>
        <line num="177" count="1" type="stmt"/>
        <line num="183" count="147" type="stmt"/>
        <line num="184" count="147" type="cond" truecount="1" falsecount="0"/>
        <line num="186" count="1" type="stmt"/>
        <line num="191" count="6" type="cond" truecount="5" falsecount="0"/>
        <line num="193" count="1" type="stmt"/>
        <line num="195" count="1" type="stmt"/>
        <line num="197" count="1" type="stmt"/>
        <line num="199" count="2" type="stmt"/>
        <line num="201" count="1" type="stmt"/>
        <line num="206" count="495" type="stmt"/>
        <line num="210" count="2" type="stmt"/>
        <line num="214" count="7" type="stmt"/>
        <line num="218" count="7" type="stmt"/>
        <line num="222" count="7" type="stmt"/>
        <line num="226" count="7" type="stmt"/>
      </file>
      <file name="polyfill.ts" path="/Users/dario/Personal/@queelag/core/src/modules/polyfill.ts">
        <metrics statements="40" coveredstatements="40" conditionals="20" coveredconditionals="20" methods="5" coveredmethods="5"/>
        <line num="1" count="48" type="stmt"/>
        <line num="2" count="48" type="stmt"/>
        <line num="3" count="48" type="stmt"/>
        <line num="4" count="48" type="stmt"/>
        <line num="21" count="48" type="stmt"/>
        <line num="28" count="78" type="cond" truecount="1" falsecount="0"/>
        <line num="29" count="75" type="stmt"/>
        <line num="32" count="3" type="cond" truecount="3" falsecount="0"/>
        <line num="33" count="1" type="stmt"/>
        <line num="36" count="2" type="stmt"/>
        <line num="37" count="2" type="cond" truecount="1" falsecount="0"/>
        <line num="39" count="1" type="stmt"/>
        <line num="41" count="1" type="stmt"/>
        <line num="50" count="78" type="cond" truecount="1" falsecount="0"/>
        <line num="51" count="75" type="stmt"/>
        <line num="54" count="3" type="cond" truecount="3" falsecount="0"/>
        <line num="55" count="1" type="stmt"/>
        <line num="58" count="2" type="stmt"/>
        <line num="59" count="2" type="cond" truecount="1" falsecount="0"/>
        <line num="61" count="1" type="stmt"/>
        <line num="62" count="1" type="stmt"/>
        <line num="63" count="1" type="stmt"/>
        <line num="64" count="1" type="stmt"/>
        <line num="66" count="1" type="stmt"/>
        <line num="75" count="79" type="cond" truecount="1" falsecount="0"/>
        <line num="76" count="72" type="stmt"/>
        <line num="79" count="7" type="cond" truecount="3" falsecount="0"/>
        <line num="80" count="1" type="stmt"/>
        <line num="83" count="6" type="stmt"/>
        <line num="84" count="6" type="cond" truecount="1" falsecount="0"/>
        <line num="86" count="5" type="stmt"/>
        <line num="88" count="5" type="stmt"/>
        <line num="97" count="78" type="cond" truecount="1" falsecount="0"/>
        <line num="98" count="75" type="stmt"/>
        <line num="101" count="3" type="cond" truecount="3" falsecount="0"/>
        <line num="102" count="1" type="stmt"/>
        <line num="105" count="2" type="stmt"/>
        <line num="106" count="2" type="cond" truecount="1" falsecount="0"/>
        <line num="108" count="1" type="stmt"/>
        <line num="110" count="1" type="stmt"/>
      </file>
      <file name="session.storage.ts" path="/Users/dario/Personal/@queelag/core/src/modules/session.storage.ts">
        <metrics statements="8" coveredstatements="8" conditionals="12" coveredconditionals="12" methods="5" coveredmethods="5"/>
        <line num="2" count="48" type="stmt"/>
        <line num="3" count="48" type="stmt"/>
        <line num="10" count="48" type="stmt"/>
        <line num="12" count="8" type="cond" truecount="2" falsecount="0"/>
        <line num="13" count="3" type="cond" truecount="4" falsecount="0"/>
        <line num="14" count="7" type="cond" truecount="2" falsecount="0"/>
        <line num="15" count="2" type="cond" truecount="2" falsecount="0"/>
        <line num="16" count="6" type="cond" truecount="2" falsecount="0"/>
      </file>
      <file name="status.ts" path="/Users/dario/Personal/@queelag/core/src/modules/status.ts">
        <metrics statements="30" coveredstatements="30" conditionals="3" coveredconditionals="3" methods="32" coveredmethods="32"/>
        <line num="1" count="48" type="stmt"/>
        <line num="3" count="48" type="stmt"/>
        <line num="10" count="48" type="stmt"/>
        <line num="18" count="25" type="stmt"/>
        <line num="19" count="25" type="stmt"/>
        <line num="23" count="42" type="cond" truecount="2" falsecount="0"/>
        <line num="30" count="1" type="stmt"/>
        <line num="37" count="6" type="stmt"/>
        <line num="44" count="5" type="stmt"/>
        <line num="51" count="4" type="stmt"/>
        <line num="55" count="74" type="stmt"/>
        <line num="56" count="74" type="stmt"/>
        <line num="63" count="2" type="stmt"/>
        <line num="64" count="2" type="stmt"/>
        <line num="71" count="16" type="stmt"/>
        <line num="78" count="10" type="stmt"/>
        <line num="85" count="4" type="stmt"/>
        <line num="92" count="12" type="stmt"/>
        <line num="99" count="2" type="stmt"/>
        <line num="106" count="2" type="stmt"/>
        <line num="113" count="2" type="stmt"/>
        <line num="120" count="3" type="stmt"/>
        <line num="127" count="5" type="stmt"/>
        <line num="134" count="1" type="stmt"/>
        <line num="141" count="2" type="stmt"/>
        <line num="148" count="2" type="stmt"/>
        <line num="152" count="33" type="stmt"/>
        <line num="156" count="48" type="stmt"/>
        <line num="160" count="33" type="stmt"/>
        <line num="164" count="25" type="stmt"/>
      </file>
      <file name="storage.ts" path="/Users/dario/Personal/@queelag/core/src/modules/storage.ts">
        <metrics statements="59" coveredstatements="59" conditionals="17" coveredconditionals="17" methods="17" coveredmethods="17"/>
        <line num="3" count="48" type="stmt"/>
        <line num="4" count="48" type="stmt"/>
        <line num="5" count="48" type="stmt"/>
        <line num="12" count="48" type="stmt"/>
        <line num="29" count="97" type="stmt"/>
        <line num="31" count="97" type="stmt"/>
        <line num="32" count="97" type="stmt"/>
        <line num="33" count="97" type="stmt"/>
        <line num="34" count="97" type="stmt"/>
        <line num="35" count="97" type="stmt"/>
        <line num="41" count="18" type="stmt"/>
        <line num="42" count="18" type="cond" truecount="1" falsecount="0"/>
        <line num="44" count="17" type="stmt"/>
        <line num="55" count="9" type="stmt"/>
        <line num="56" count="9" type="cond" truecount="1" falsecount="0"/>
        <line num="58" count="8" type="stmt"/>
        <line num="60" count="8" type="stmt"/>
        <line num="71" count="9" type="cond" truecount="1" falsecount="0"/>
        <line num="74" count="6" type="stmt"/>
        <line num="75" count="6" type="cond" truecount="1" falsecount="0"/>
        <line num="77" count="5" type="stmt"/>
        <line num="79" count="5" type="stmt"/>
        <line num="82" count="3" type="stmt"/>
        <line num="83" count="3" type="cond" truecount="1" falsecount="0"/>
        <line num="85" count="2" type="stmt"/>
        <line num="86" count="1" type="stmt"/>
        <line num="87" count="1" type="stmt"/>
        <line num="90" count="2" type="stmt"/>
        <line num="91" count="2" type="cond" truecount="1" falsecount="0"/>
        <line num="93" count="1" type="stmt"/>
        <line num="104" count="24" type="cond" truecount="1" falsecount="0"/>
        <line num="107" count="3" type="stmt"/>
        <line num="108" count="3" type="cond" truecount="1" falsecount="0"/>
        <line num="110" count="2" type="stmt"/>
        <line num="111" count="2" type="stmt"/>
        <line num="114" count="2" type="stmt"/>
        <line num="117" count="21" type="stmt"/>
        <line num="118" count="21" type="cond" truecount="1" falsecount="0"/>
        <line num="120" count="20" type="stmt"/>
        <line num="133" count="5" type="stmt"/>
        <line num="134" count="5" type="cond" truecount="1" falsecount="0"/>
        <line num="136" count="4" type="stmt"/>
        <line num="138" count="4" type="cond" truecount="1" falsecount="0"/>
        <line num="139" count="1" type="stmt"/>
        <line num="140" count="2" type="stmt"/>
        <line num="143" count="1" type="stmt"/>
        <line num="146" count="3" type="stmt"/>
        <line num="147" count="3" type="stmt"/>
        <line num="157" count="25" type="stmt"/>
        <line num="158" count="25" type="cond" truecount="3" falsecount="0"/>
        <line num="160" count="14" type="cond" truecount="1" falsecount="0"/>
        <line num="161" count="11" type="stmt"/>
        <line num="164" count="3" type="stmt"/>
        <line num="165" count="3" type="cond" truecount="1" falsecount="0"/>
        <line num="167" count="2" type="stmt"/>
        <line num="168" count="2" type="cond" truecount="1" falsecount="0"/>
        <line num="169" count="1" type="stmt"/>
        <line num="172" count="1" type="stmt"/>
        <line num="175" count="1" type="stmt"/>
      </file>
      <file name="text.codec.ts" path="/Users/dario/Personal/@queelag/core/src/modules/text.codec.ts">
        <metrics statements="8" coveredstatements="8" conditionals="0" coveredconditionals="0" methods="6" coveredmethods="6"/>
        <line num="1" count="48" type="stmt"/>
        <line num="8" count="48" type="stmt"/>
        <line num="15" count="1" type="stmt"/>
        <line num="19" count="2" type="stmt"/>
        <line num="23" count="2" type="stmt"/>
        <line num="27" count="2" type="stmt"/>
        <line num="31" count="2" type="stmt"/>
        <line num="35" count="2" type="stmt"/>
      </file>
      <file name="throttle.ts" path="/Users/dario/Personal/@queelag/core/src/modules/throttle.ts">
        <metrics statements="14" coveredstatements="14" conditionals="7" coveredconditionals="7" methods="3" coveredmethods="2"/>
        <line num="2" count="48" type="stmt"/>
        <line num="3" count="48" type="stmt"/>
        <line num="10" count="48" type="stmt"/>
        <line num="12" count="48" type="stmt"/>
        <line num="27" count="6" type="stmt"/>
        <line num="28" count="6" type="cond" truecount="2" falsecount="0"/>
        <line num="29" count="6" type="cond" truecount="2" falsecount="0"/>
        <line num="31" count="6" type="cond" truecount="2" falsecount="0"/>
        <line num="32" count="6" type="cond" truecount="1" falsecount="0"/>
        <line num="33" count="2" type="stmt"/>
        <line num="40" count="4" type="stmt"/>
        <line num="41" count="4" type="stmt"/>
        <line num="43" count="4" type="stmt"/>
        <line num="44" count="4" type="stmt"/>
      </file>
      <file name="timeout.ts" path="/Users/dario/Personal/@queelag/core/src/modules/timeout.ts">
        <metrics statements="20" coveredstatements="20" conditionals="5" coveredconditionals="5" methods="6" coveredmethods="5"/>
        <line num="2" count="48" type="stmt"/>
        <line num="9" count="48" type="stmt"/>
        <line num="11" count="48" type="stmt"/>
        <line num="24" count="4" type="stmt"/>
        <line num="25" count="4" type="cond" truecount="2" falsecount="0"/>
        <line num="26" count="4" type="cond" truecount="2" falsecount="0"/>
        <line num="28" count="4" type="stmt"/>
        <line num="29" count="4" type="stmt"/>
        <line num="38" count="3" type="stmt"/>
        <line num="39" count="3" type="cond" truecount="1" falsecount="0"/>
        <line num="41" count="2" type="stmt"/>
        <line num="42" count="2" type="stmt"/>
        <line num="44" count="2" type="stmt"/>
        <line num="45" count="2" type="stmt"/>
        <line num="52" count="1" type="stmt"/>
        <line num="53" count="1" type="stmt"/>
        <line num="55" count="1" type="stmt"/>
        <line num="56" count="1" type="stmt"/>
        <line num="63" count="12" type="stmt"/>
        <line num="70" count="6" type="stmt"/>
      </file>
      <file name="web.socket.ts" path="/Users/dario/Personal/@queelag/core/src/modules/web.socket.ts">
        <metrics statements="7" coveredstatements="7" conditionals="0" coveredconditionals="0" methods="0" coveredmethods="0"/>
        <line num="2" count="48" type="stmt"/>
        <line num="3" count="48" type="stmt"/>
        <line num="4" count="48" type="stmt"/>
        <line num="5" count="48" type="stmt"/>
        <line num="6" count="48" type="stmt"/>
        <line num="7" count="48" type="stmt"/>
        <line num="264" count="48" type="stmt"/>
      </file>
    </package>
    <package name="src.utils">
      <metrics statements="416" coveredstatements="416" conditionals="162" coveredconditionals="159" methods="85" coveredmethods="85"/>
      <file name="array.utils.ts" path="/Users/dario/Personal/@queelag/core/src/utils/array.utils.ts">
        <metrics statements="45" coveredstatements="45" conditionals="22" coveredconditionals="22" methods="8" coveredmethods="8"/>
        <line num="1" count="48" type="stmt"/>
        <line num="7" count="48" type="cond" truecount="1" falsecount="0"/>
        <line num="8" count="2" type="stmt"/>
        <line num="10" count="2" type="stmt"/>
        <line num="11" count="4" type="stmt"/>
        <line num="14" count="18" type="stmt"/>
        <line num="15" count="18" type="cond" truecount="1" falsecount="0"/>
        <line num="17" count="28" type="cond" truecount="2" falsecount="0"/>
        <line num="18" count="16" type="cond" truecount="1" falsecount="0"/>
        <line num="20" count="8" type="stmt"/>
        <line num="24" count="2" type="stmt"/>
        <line num="30" count="48" type="cond" truecount="1" falsecount="0"/>
        <line num="31" count="2" type="stmt"/>
        <line num="33" count="2" type="stmt"/>
        <line num="34" count="4" type="stmt"/>
        <line num="37" count="18" type="stmt"/>
        <line num="38" count="18" type="cond" truecount="1" falsecount="0"/>
        <line num="40" count="23" type="stmt"/>
        <line num="41" count="14" type="cond" truecount="1" falsecount="0"/>
        <line num="43" count="4" type="stmt"/>
        <line num="47" count="2" type="stmt"/>
        <line num="55" count="48" type="stmt"/>
        <line num="56" count="4" type="cond" truecount="2" falsecount="0"/>
        <line num="62" count="48" type="cond" truecount="1" falsecount="0"/>
        <line num="63" count="2" type="stmt"/>
        <line num="65" count="2" type="cond" truecount="1" falsecount="0"/>
        <line num="66" count="1" type="stmt"/>
        <line num="69" count="1" type="stmt"/>
        <line num="72" count="8" type="stmt"/>
        <line num="73" count="8" type="cond" truecount="1" falsecount="0"/>
        <line num="75" count="6" type="stmt"/>
        <line num="78" count="1" type="stmt"/>
        <line num="86" count="48" type="stmt"/>
        <line num="89" count="3" type="stmt"/>
        <line num="90" count="3" type="cond" truecount="2" falsecount="0"/>
        <line num="92" count="3" type="cond" truecount="2" falsecount="0"/>
        <line num="93" count="3" type="cond" truecount="2" falsecount="0"/>
        <line num="95" count="3" type="stmt"/>
        <line num="97" count="3" type="stmt"/>
        <line num="100" count="14" type="cond" truecount="2" falsecount="0"/>
        <line num="101" count="14" type="cond" truecount="1" falsecount="0"/>
        <line num="103" count="10" type="stmt"/>
        <line num="106" count="3" type="stmt"/>
        <line num="112" count="48" type="stmt"/>
        <line num="113" count="36" type="stmt"/>
      </file>
      <file name="date.utils.ts" path="/Users/dario/Personal/@queelag/core/src/utils/date.utils.ts">
        <metrics statements="2" coveredstatements="2" conditionals="0" coveredconditionals="0" methods="1" coveredmethods="1"/>
        <line num="4" count="48" type="stmt"/>
        <line num="5" count="3" type="stmt"/>
      </file>
      <file name="document.utils.ts" path="/Users/dario/Personal/@queelag/core/src/utils/document.utils.ts">
        <metrics statements="3" coveredstatements="3" conditionals="2" coveredconditionals="2" methods="1" coveredmethods="1"/>
        <line num="1" count="48" type="stmt"/>
        <line num="8" count="48" type="stmt"/>
        <line num="12" count="2" type="cond" truecount="2" falsecount="0"/>
      </file>
      <file name="emoji.utils.ts" path="/Users/dario/Personal/@queelag/core/src/utils/emoji.utils.ts">
        <metrics statements="2" coveredstatements="2" conditionals="0" coveredconditionals="0" methods="2" coveredmethods="2"/>
        <line num="1" count="48" type="stmt"/>
        <line num="2" count="4" type="stmt"/>
      </file>
      <file name="error.utils.ts" path="/Users/dario/Personal/@queelag/core/src/utils/error.utils.ts">
        <metrics statements="4" coveredstatements="4" conditionals="0" coveredconditionals="0" methods="2" coveredmethods="2"/>
        <line num="4" count="48" type="stmt"/>
        <line num="5" count="2" type="stmt"/>
        <line num="11" count="48" type="stmt"/>
        <line num="12" count="4" type="stmt"/>
      </file>
      <file name="fetch.utils.ts" path="/Users/dario/Personal/@queelag/core/src/utils/fetch.utils.ts">
        <metrics statements="99" coveredstatements="99" conditionals="35" coveredconditionals="35" methods="14" coveredmethods="14"/>
        <line num="2" count="48" type="stmt"/>
        <line num="3" count="48" type="stmt"/>
        <line num="4" count="48" type="stmt"/>
        <line num="5" count="48" type="stmt"/>
        <line num="7" count="48" type="stmt"/>
        <line num="8" count="8" type="cond" truecount="1" falsecount="0"/>
        <line num="9" count="1" type="stmt"/>
        <line num="12" count="7" type="cond" truecount="1" falsecount="0"/>
        <line num="13" count="3" type="stmt"/>
        <line num="16" count="4" type="cond" truecount="1" falsecount="0"/>
        <line num="17" count="2" type="stmt"/>
        <line num="18" count="2" type="stmt"/>
        <line num="21" count="2" type="stmt"/>
        <line num="24" count="48" type="stmt"/>
        <line num="27" count="64" type="cond" truecount="1" falsecount="0"/>
        <line num="28" count="23" type="stmt"/>
        <line num="31" count="41" type="cond" truecount="1" falsecount="0"/>
        <line num="32" count="25" type="stmt"/>
        <line num="35" count="16" type="cond" truecount="1" falsecount="0"/>
        <line num="38" count="8" type="stmt"/>
        <line num="39" count="8" type="cond" truecount="1" falsecount="0"/>
        <line num="41" count="5" type="stmt"/>
        <line num="44" count="8" type="stmt"/>
        <line num="45" count="8" type="cond" truecount="1" falsecount="0"/>
        <line num="47" count="5" type="stmt"/>
        <line num="50" count="48" type="stmt"/>
        <line num="51" count="113" type="cond" truecount="1" falsecount="0"/>
        <line num="52" count="61" type="stmt"/>
        <line num="55" count="52" type="cond" truecount="1" falsecount="0"/>
        <line num="56" count="42" type="stmt"/>
        <line num="59" count="10" type="cond" truecount="1" falsecount="0"/>
        <line num="60" count="5" type="stmt"/>
        <line num="63" count="5" type="stmt"/>
        <line num="66" count="48" type="stmt"/>
        <line num="67" count="49" type="stmt"/>
        <line num="70" count="48" type="stmt"/>
        <line num="71" count="36" type="cond" truecount="1" falsecount="0"/>
        <line num="72" count="22" type="stmt"/>
        <line num="73" count="22" type="stmt"/>
        <line num="75" count="22" type="stmt"/>
        <line num="78" count="14" type="cond" truecount="1" falsecount="0"/>
        <line num="79" count="8" type="stmt"/>
        <line num="82" count="6" type="cond" truecount="1" falsecount="0"/>
        <line num="83" count="3" type="stmt"/>
        <line num="84" count="3" type="stmt"/>
        <line num="86" count="3" type="stmt"/>
        <line num="89" count="3" type="stmt"/>
        <line num="92" count="48" type="stmt"/>
        <line num="93" count="28" type="cond" truecount="1" falsecount="0"/>
        <line num="94" count="4" type="stmt"/>
        <line num="97" count="24" type="stmt"/>
        <line num="100" count="48" type="stmt"/>
        <line num="103" count="32" type="stmt"/>
        <line num="104" count="32" type="stmt"/>
        <line num="106" count="32" type="stmt"/>
        <line num="107" count="2" type="stmt"/>
        <line num="110" count="32" type="stmt"/>
        <line num="111" count="32" type="stmt"/>
        <line num="112" count="2" type="stmt"/>
        <line num="116" count="32" type="cond" truecount="1" falsecount="0"/>
        <line num="117" count="31" type="stmt"/>
        <line num="120" count="32" type="stmt"/>
        <line num="123" count="48" type="stmt"/>
        <line num="126" count="54" type="stmt"/>
        <line num="127" count="54" type="cond" truecount="1" falsecount="0"/>
        <line num="129" count="21" type="cond" truecount="3" falsecount="0"/>
        <line num="130" count="2" type="stmt"/>
        <line num="131" count="2" type="stmt"/>
        <line num="133" count="2" type="stmt"/>
        <line num="136" count="19" type="cond" truecount="1" falsecount="0"/>
        <line num="137" count="1" type="stmt"/>
        <line num="140" count="1" type="stmt"/>
        <line num="143" count="18" type="cond" truecount="7" falsecount="0"/>
        <line num="150" count="15" type="stmt"/>
        <line num="151" count="15" type="stmt"/>
        <line num="153" count="15" type="stmt"/>
        <line num="155" count="3" type="stmt"/>
        <line num="156" count="3" type="stmt"/>
        <line num="158" count="3" type="stmt"/>
        <line num="161" count="18" type="stmt"/>
        <line num="164" count="48" type="stmt"/>
        <line num="167" count="2" type="stmt"/>
        <line num="168" count="2" type="cond" truecount="1" falsecount="0"/>
        <line num="170" count="1" type="cond" truecount="1" falsecount="0"/>
        <line num="171" count="1" type="stmt"/>
        <line num="174" count="1" type="stmt"/>
        <line num="177" count="48" type="stmt"/>
        <line num="180" count="47" type="stmt"/>
        <line num="181" count="47" type="cond" truecount="1" falsecount="0"/>
        <line num="183" count="14" type="cond" truecount="1" falsecount="0"/>
        <line num="184" count="1" type="stmt"/>
        <line num="185" count="1" type="stmt"/>
        <line num="188" count="13" type="cond" truecount="3" falsecount="0"/>
        <line num="189" count="3" type="stmt"/>
        <line num="190" count="3" type="stmt"/>
        <line num="193" count="10" type="stmt"/>
        <line num="195" count="10" type="stmt"/>
        <line num="198" count="48" type="stmt"/>
        <line num="199" count="37" type="stmt"/>
      </file>
      <file name="form.data.utils.ts" path="/Users/dario/Personal/@queelag/core/src/utils/form.data.utils.ts">
        <metrics statements="9" coveredstatements="9" conditionals="3" coveredconditionals="3" methods="1" coveredmethods="1"/>
        <line num="1" count="48" type="stmt"/>
        <line num="3" count="48" type="stmt"/>
        <line num="6" count="4" type="stmt"/>
        <line num="8" count="4" type="stmt"/>
        <line num="9" count="11" type="cond" truecount="3" falsecount="0"/>
        <line num="10" count="5" type="stmt"/>
        <line num="11" count="5" type="stmt"/>
        <line num="14" count="6" type="stmt"/>
        <line num="17" count="4" type="stmt"/>
      </file>
      <file name="function.utils.ts" path="/Users/dario/Personal/@queelag/core/src/utils/function.utils.ts">
        <metrics statements="2" coveredstatements="2" conditionals="0" coveredconditionals="0" methods="1" coveredmethods="1"/>
        <line num="4" count="48" type="stmt"/>
        <line num="5" count="2" type="stmt"/>
      </file>
      <file name="image.utils.ts" path="/Users/dario/Personal/@queelag/core/src/utils/image.utils.ts">
        <metrics statements="4" coveredstatements="4" conditionals="0" coveredconditionals="0" methods="0" coveredmethods="0"/>
        <line num="1" count="48" type="stmt"/>
        <line num="2" count="48" type="stmt"/>
        <line num="8" count="48" type="stmt"/>
        <line num="25" count="48" type="stmt"/>
      </file>
      <file name="number.utils.ts" path="/Users/dario/Personal/@queelag/core/src/utils/number.utils.ts">
        <metrics statements="44" coveredstatements="44" conditionals="33" coveredconditionals="33" methods="13" coveredmethods="13"/>
        <line num="1" count="48" type="stmt"/>
        <line num="2" count="48" type="stmt"/>
        <line num="7" count="48" type="stmt"/>
        <line num="8" count="4" type="cond" truecount="4" falsecount="0"/>
        <line num="14" count="48" type="stmt"/>
        <line num="15" count="4" type="cond" truecount="2" falsecount="0"/>
        <line num="21" count="48" type="cond" truecount="2" falsecount="0"/>
        <line num="22" count="8" type="cond" truecount="3" falsecount="0"/>
        <line num="23" count="6" type="stmt"/>
        <line num="26" count="2" type="cond" truecount="1" falsecount="0"/>
        <line num="27" count="1" type="stmt"/>
        <line num="30" count="1" type="stmt"/>
        <line num="36" count="48" type="cond" truecount="3" falsecount="0"/>
        <line num="39" count="7" type="stmt"/>
        <line num="40" count="7" type="cond" truecount="2" falsecount="0"/>
        <line num="42" count="7" type="stmt"/>
        <line num="50" count="48" type="stmt"/>
        <line num="53" count="4" type="cond" truecount="2" falsecount="0"/>
        <line num="54" count="4" type="stmt"/>
        <line num="56" count="4" type="stmt"/>
        <line num="57" count="12" type="cond" truecount="2" falsecount="0"/>
        <line num="60" count="4" type="stmt"/>
        <line num="68" count="48" type="stmt"/>
        <line num="71" count="4" type="cond" truecount="2" falsecount="0"/>
        <line num="72" count="4" type="stmt"/>
        <line num="74" count="4" type="stmt"/>
        <line num="75" count="12" type="cond" truecount="2" falsecount="0"/>
        <line num="78" count="4" type="stmt"/>
        <line num="84" count="48" type="cond" truecount="1" falsecount="0"/>
        <line num="87" count="6" type="stmt"/>
        <line num="88" count="6" type="cond" truecount="1" falsecount="0"/>
        <line num="90" count="5" type="stmt"/>
        <line num="96" count="48" type="cond" truecount="1" falsecount="0"/>
        <line num="97" count="8" type="cond" truecount="1" falsecount="0"/>
        <line num="98" count="5" type="cond" truecount="2" falsecount="0"/>
        <line num="101" count="3" type="cond" truecount="2" falsecount="0"/>
        <line num="107" count="48" type="stmt"/>
        <line num="108" count="4" type="stmt"/>
        <line num="114" count="48" type="stmt"/>
        <line num="115" count="3" type="stmt"/>
        <line num="121" count="48" type="stmt"/>
        <line num="122" count="8" type="stmt"/>
        <line num="128" count="48" type="stmt"/>
        <line num="129" count="3" type="stmt"/>
      </file>
      <file name="object.utils.ts" path="/Users/dario/Personal/@queelag/core/src/utils/object.utils.ts">
        <metrics statements="123" coveredstatements="123" conditionals="46" coveredconditionals="43" methods="19" coveredmethods="19"/>
        <line num="1" count="48" type="stmt"/>
        <line num="2" count="48" type="stmt"/>
        <line num="3" count="48" type="stmt"/>
        <line num="5" count="48" type="stmt"/>
        <line num="6" count="48" type="stmt"/>
        <line num="13" count="48" type="cond" truecount="1" falsecount="0"/>
        <line num="14" count="422" type="cond" truecount="1" falsecount="0"/>
        <line num="15" count="406" type="stmt"/>
        <line num="18" count="16" type="stmt"/>
        <line num="26" count="48" type="stmt"/>
        <line num="27" count="110" type="stmt"/>
        <line num="39" count="48" type="stmt"/>
        <line num="40" count="18" type="stmt"/>
        <line num="49" count="48" type="stmt"/>
        <line num="50" count="14" type="cond" truecount="3" falsecount="0"/>
        <line num="53" count="1" type="stmt"/>
        <line num="54" count="1" type="stmt"/>
        <line num="56" count="13" type="cond" truecount="1" falsecount="0"/>
        <line num="59" count="2" type="stmt"/>
        <line num="60" count="2" type="cond" truecount="0" falsecount="1"/>
        <line num="62" count="2" type="stmt"/>
        <line num="63" count="2" type="stmt"/>
        <line num="65" count="2" type="stmt"/>
        <line num="67" count="2" type="stmt"/>
        <line num="71" count="11" type="stmt"/>
        <line num="73" count="11" type="stmt"/>
        <line num="87" count="48" type="stmt"/>
        <line num="88" count="54" type="cond" truecount="3" falsecount="0"/>
        <line num="91" count="1" type="stmt"/>
        <line num="93" count="53" type="cond" truecount="1" falsecount="0"/>
        <line num="96" count="4" type="stmt"/>
        <line num="97" count="4" type="cond" truecount="0" falsecount="1"/>
        <line num="99" count="4" type="stmt"/>
        <line num="100" count="4" type="stmt"/>
        <line num="102" count="4" type="stmt"/>
        <line num="105" count="49" type="cond" truecount="1" falsecount="0"/>
        <line num="107" count="37" type="stmt"/>
        <line num="110" count="12" type="stmt"/>
        <line num="123" count="6" type="stmt"/>
        <line num="124" count="6" type="stmt"/>
        <line num="126" count="6" type="stmt"/>
        <line num="129" count="15" type="cond" truecount="1" falsecount="0"/>
        <line num="130" count="6" type="stmt"/>
        <line num="133" count="9" type="stmt"/>
        <line num="134" count="9" type="stmt"/>
        <line num="136" count="9" type="stmt"/>
        <line num="137" count="9" type="cond" truecount="0" falsecount="1"/>
        <line num="140" count="6" type="stmt"/>
        <line num="148" count="48" type="stmt"/>
        <line num="149" count="53" type="stmt"/>
        <line num="157" count="48" type="stmt"/>
        <line num="158" count="108" type="stmt"/>
        <line num="160" count="108" type="stmt"/>
        <line num="161" count="108" type="stmt"/>
        <line num="164" count="108" type="stmt"/>
        <line num="172" count="48" type="stmt"/>
        <line num="173" count="2" type="stmt"/>
        <line num="175" count="2" type="stmt"/>
        <line num="176" count="2" type="cond" truecount="1" falsecount="0"/>
        <line num="177" count="2" type="stmt"/>
        <line num="181" count="2" type="stmt"/>
        <line num="192" count="48" type="stmt"/>
        <line num="193" count="53" type="cond" truecount="3" falsecount="0"/>
        <line num="197" count="1" type="stmt"/>
        <line num="198" count="1" type="stmt"/>
        <line num="200" count="52" type="cond" truecount="1" falsecount="0"/>
        <line num="203" count="4" type="stmt"/>
        <line num="204" count="4" type="stmt"/>
        <line num="206" count="4" type="stmt"/>
        <line num="209" count="9" type="cond" truecount="1" falsecount="0"/>
        <line num="210" count="3" type="stmt"/>
        <line num="213" count="6" type="stmt"/>
        <line num="214" count="6" type="stmt"/>
        <line num="216" count="6" type="cond" truecount="3" falsecount="0"/>
        <line num="218" count="3" type="stmt"/>
        <line num="219" count="3" type="stmt"/>
        <line num="221" count="2" type="cond" truecount="2" falsecount="0"/>
        <line num="222" count="2" type="stmt"/>
        <line num="224" count="2" type="stmt"/>
        <line num="226" count="1" type="stmt"/>
        <line num="230" count="3" type="stmt"/>
        <line num="231" count="3" type="stmt"/>
        <line num="233" count="3" type="stmt"/>
        <line num="237" count="48" type="stmt"/>
        <line num="239" count="48" type="stmt"/>
        <line num="243" count="48" type="stmt"/>
        <line num="246" count="1" type="stmt"/>
        <line num="248" count="1" type="stmt"/>
        <line num="249" count="12" type="cond" truecount="8" falsecount="0"/>
        <line num="253" count="3" type="stmt"/>
        <line num="254" count="3" type="stmt"/>
        <line num="258" count="3" type="stmt"/>
        <line num="262" count="5" type="cond" truecount="1" falsecount="0"/>
        <line num="263" count="1" type="stmt"/>
        <line num="266" count="4" type="cond" truecount="2" falsecount="0"/>
        <line num="269" count="2" type="stmt"/>
        <line num="270" count="2" type="stmt"/>
        <line num="273" count="2" type="stmt"/>
        <line num="274" count="2" type="cond" truecount="1" falsecount="0"/>
        <line num="276" count="1" type="stmt"/>
        <line num="278" count="1" type="stmt"/>
        <line num="280" count="1" type="stmt"/>
        <line num="281" count="1" type="stmt"/>
        <line num="285" count="1" type="stmt"/>
        <line num="295" count="48" type="stmt"/>
        <line num="299" count="8" type="stmt"/>
        <line num="301" count="8" type="stmt"/>
        <line num="309" count="48" type="stmt"/>
        <line num="310" count="2" type="stmt"/>
        <line num="318" count="48" type="stmt"/>
        <line num="319" count="2" type="stmt"/>
        <line num="325" count="48" type="stmt"/>
        <line num="326" count="10" type="cond" truecount="1" falsecount="0"/>
        <line num="327" count="1" type="stmt"/>
        <line num="330" count="9" type="cond" truecount="1" falsecount="0"/>
        <line num="331" count="1" type="stmt"/>
        <line num="334" count="8" type="stmt"/>
        <line num="340" count="48" type="stmt"/>
        <line num="341" count="13" type="cond" truecount="1" falsecount="0"/>
        <line num="342" count="7" type="stmt"/>
        <line num="345" count="6" type="cond" truecount="1" falsecount="0"/>
        <line num="346" count="1" type="stmt"/>
        <line num="349" count="5" type="stmt"/>
      </file>
      <file name="promise.utils.ts" path="/Users/dario/Personal/@queelag/core/src/utils/promise.utils.ts">
        <metrics statements="11" coveredstatements="11" conditionals="2" coveredconditionals="2" methods="4" coveredmethods="4"/>
        <line num="1" count="48" type="stmt"/>
        <line num="6" count="48" type="stmt"/>
        <line num="7" count="1" type="stmt"/>
        <line num="8" count="2" type="stmt"/>
        <line num="15" count="48" type="stmt"/>
        <line num="18" count="3" type="stmt"/>
        <line num="19" count="6" type="stmt"/>
        <line num="20" count="6" type="cond" truecount="1" falsecount="0"/>
        <line num="22" count="5" type="stmt"/>
        <line num="23" count="5" type="cond" truecount="1" falsecount="0"/>
        <line num="26" count="1" type="stmt"/>
      </file>
      <file name="query.parameters.utils.ts" path="/Users/dario/Personal/@queelag/core/src/utils/query.parameters.utils.ts">
        <metrics statements="3" coveredstatements="3" conditionals="0" coveredconditionals="0" methods="2" coveredmethods="2"/>
        <line num="6" count="48" type="stmt"/>
        <line num="7" count="1" type="stmt"/>
        <line num="8" count="1" type="stmt"/>
      </file>
      <file name="string.utils.ts" path="/Users/dario/Personal/@queelag/core/src/utils/string.utils.ts">
        <metrics statements="57" coveredstatements="57" conditionals="15" coveredconditionals="15" methods="12" coveredmethods="12"/>
        <line num="1" count="48" type="stmt"/>
        <line num="2" count="48" type="stmt"/>
        <line num="7" count="48" type="cond" truecount="1" falsecount="0"/>
        <line num="8" count="7" type="cond" truecount="2" falsecount="0"/>
        <line num="14" count="48" type="stmt"/>
        <line num="17" count="5" type="stmt"/>
        <line num="18" count="5" type="stmt"/>
        <line num="20" count="5" type="stmt"/>
        <line num="21" count="48" type="cond" truecount="1" falsecount="0"/>
        <line num="22" count="3" type="cond" truecount="2" falsecount="0"/>
        <line num="23" count="3" type="stmt"/>
        <line num="26" count="45" type="cond" truecount="1" falsecount="0"/>
        <line num="27" count="3" type="stmt"/>
        <line num="28" count="3" type="stmt"/>
        <line num="31" count="42" type="cond" truecount="1" falsecount="0"/>
        <line num="32" count="3" type="stmt"/>
        <line num="33" count="3" type="stmt"/>
        <line num="35" count="3" type="stmt"/>
        <line num="38" count="39" type="stmt"/>
        <line num="41" count="5" type="stmt"/>
        <line num="45" count="10" type="stmt"/>
        <line num="47" count="10" type="stmt"/>
        <line num="48" count="96" type="cond" truecount="1" falsecount="0"/>
        <line num="49" count="6" type="cond" truecount="2" falsecount="0"/>
        <line num="50" count="6" type="stmt"/>
        <line num="53" count="90" type="cond" truecount="1" falsecount="0"/>
        <line num="54" count="6" type="stmt"/>
        <line num="55" count="6" type="stmt"/>
        <line num="58" count="84" type="stmt"/>
        <line num="61" count="10" type="stmt"/>
        <line num="67" count="48" type="stmt"/>
        <line num="68" count="5" type="stmt"/>
        <line num="74" count="48" type="stmt"/>
        <line num="75" count="5" type="stmt"/>
        <line num="81" count="48" type="stmt"/>
        <line num="84" count="5" type="stmt"/>
        <line num="85" count="5" type="stmt"/>
        <line num="87" count="5" type="stmt"/>
        <line num="88" count="48" type="cond" truecount="1" falsecount="0"/>
        <line num="89" count="3" type="stmt"/>
        <line num="90" count="3" type="stmt"/>
        <line num="93" count="45" type="cond" truecount="1" falsecount="0"/>
        <line num="94" count="3" type="stmt"/>
        <line num="95" count="3" type="stmt"/>
        <line num="97" count="3" type="stmt"/>
        <line num="100" count="42" type="stmt"/>
        <line num="103" count="5" type="stmt"/>
        <line num="109" count="48" type="stmt"/>
        <line num="110" count="26" type="stmt"/>
        <line num="116" count="48" type="stmt"/>
        <line num="117" count="2" type="stmt"/>
        <line num="123" count="48" type="stmt"/>
        <line num="124" count="8" type="stmt"/>
        <line num="130" count="48" type="stmt"/>
        <line num="131" count="6" type="cond" truecount="1" falsecount="0"/>
        <line num="132" count="1" type="stmt"/>
        <line num="135" count="5" type="stmt"/>
      </file>
      <file name="url.utils.ts" path="/Users/dario/Personal/@queelag/core/src/utils/url.utils.ts">
        <metrics statements="8" coveredstatements="8" conditionals="4" coveredconditionals="4" methods="5" coveredmethods="5"/>
        <line num="4" count="49" type="stmt"/>
        <line num="5" count="36" type="stmt"/>
        <line num="7" count="69" type="stmt"/>
        <line num="9" count="39" type="cond" truecount="2" falsecount="0"/>
        <line num="16" count="49" type="stmt"/>
        <line num="17" count="37" type="stmt"/>
        <line num="27" count="49" type="stmt"/>
        <line num="28" count="140" type="stmt"/>
      </file>
    </package>
    <package name="tests">
      <metrics statements="35" coveredstatements="35" conditionals="0" coveredconditionals="0" methods="15" coveredmethods="15"/>
      <file name="server.ts" path="/Users/dario/Personal/@queelag/core/tests/server.ts">
        <metrics statements="35" coveredstatements="35" conditionals="0" coveredconditionals="0" methods="15" coveredmethods="15"/>
        <line num="1" count="3" type="stmt"/>
        <line num="2" count="3" type="stmt"/>
        <line num="3" count="3" type="stmt"/>
        <line num="5" count="3" type="stmt"/>
        <line num="10" count="3" type="stmt"/>
        <line num="25" count="1" type="stmt"/>
        <line num="28" count="1" type="stmt"/>
        <line num="36" count="3" type="stmt"/>
        <line num="38" count="3" type="stmt"/>
        <line num="39" count="2" type="stmt"/>
        <line num="40" count="2" type="stmt"/>
        <line num="43" count="3" type="stmt"/>
        <line num="44" count="2" type="stmt"/>
        <line num="45" count="2" type="stmt"/>
        <line num="48" count="3" type="stmt"/>
        <line num="49" count="2" type="stmt"/>
        <line num="52" count="3" type="stmt"/>
        <line num="53" count="2" type="stmt"/>
        <line num="56" count="3" type="stmt"/>
        <line num="57" count="7" type="stmt"/>
        <line num="60" count="3" type="stmt"/>
        <line num="62" count="3" type="stmt"/>
        <line num="64" count="3" type="stmt"/>
        <line num="65" count="2" type="stmt"/>
        <line num="66" count="2" type="stmt"/>
        <line num="69" count="3" type="stmt"/>
        <line num="70" count="5" type="stmt"/>
        <line num="71" count="5" type="stmt"/>
        <line num="74" count="3" type="stmt"/>
        <line num="75" count="3" type="stmt"/>
        <line num="76" count="3" type="stmt"/>
        <line num="82" count="3" type="stmt"/>
        <line num="83" count="3" type="stmt"/>
        <line num="86" count="3" type="stmt"/>
        <line num="87" count="3" type="stmt"/>
      </file>
    </package>
  </project>
</coverage>
