{"/Users/dario/Personal/@queelag/core/src/index.ts": {"path":"/Users/dario/Personal/@queelag/core/src/index.ts","statementMap":{"0":{"start":{"line":1,"column":0},"end":{"line":1,"column":37}},"1":{"start":{"line":2,"column":0},"end":{"line":2,"column":40}},"2":{"start":{"line":3,"column":0},"end":{"line":3,"column":9}},"3":{"start":{"line":3,"column":9},"end":{"line":3,"column":22}},"4":{"start":{"line":3,"column":22},"end":{"line":3,"column":50}},"5":{"start":{"line":3,"column":52},"end":{"line":3,"column":66}},"6":{"start":{"line":3,"column":66},"end":{"line":3,"column":81}},"7":{"start":{"line":3,"column":81},"end":{"line":3,"column":111}},"8":{"start":{"line":3,"column":113},"end":{"line":3,"column":151}},"9":{"start":{"line":16,"column":0},"end":{"line":16,"column":35}},"10":{"start":{"line":17,"column":0},"end":{"line":17,"column":31}},"11":{"start":{"line":18,"column":0},"end":{"line":18,"column":32}},"12":{"start":{"line":19,"column":0},"end":{"line":19,"column":30}},"13":{"start":{"line":20,"column":0},"end":{"line":20,"column":31}},"14":{"start":{"line":21,"column":0},"end":{"line":21,"column":30}},"15":{"start":{"line":22,"column":0},"end":{"line":22,"column":31}},"16":{"start":{"line":23,"column":0},"end":{"line":23,"column":33}},"17":{"start":{"line":24,"column":0},"end":{"line":24,"column":30}},"18":{"start":{"line":25,"column":0},"end":{"line":25,"column":31}},"19":{"start":{"line":26,"column":0},"end":{"line":26,"column":31}},"20":{"start":{"line":27,"column":0},"end":{"line":27,"column":31}},"21":{"start":{"line":28,"column":0},"end":{"line":28,"column":9}},"22":{"start":{"line":28,"column":9},"end":{"line":28,"column":39}},"23":{"start":{"line":29,"column":0},"end":{"line":29,"column":9}},"24":{"start":{"line":29,"column":9},"end":{"line":29,"column":41}},"25":{"start":{"line":30,"column":0},"end":{"line":30,"column":9}},"26":{"start":{"line":30,"column":9},"end":{"line":30,"column":37}},"27":{"start":{"line":31,"column":0},"end":{"line":31,"column":29}},"28":{"start":{"line":32,"column":0},"end":{"line":32,"column":32}},"29":{"start":{"line":33,"column":0},"end":{"line":33,"column":32}},"30":{"start":{"line":34,"column":0},"end":{"line":34,"column":32}},"31":{"start":{"line":35,"column":0},"end":{"line":35,"column":31}},"32":{"start":{"line":36,"column":0},"end":{"line":36,"column":9}},"33":{"start":{"line":36,"column":9},"end":{"line":36,"column":43}},"34":{"start":{"line":37,"column":0},"end":{"line":37,"column":32}},"35":{"start":{"line":38,"column":0},"end":{"line":38,"column":34}},"36":{"start":{"line":39,"column":0},"end":{"line":39,"column":42}},"37":{"start":{"line":40,"column":0},"end":{"line":40,"column":37}},"38":{"start":{"line":41,"column":0},"end":{"line":41,"column":31}},"39":{"start":{"line":42,"column":0},"end":{"line":42,"column":37}},"40":{"start":{"line":43,"column":0},"end":{"line":43,"column":33}},"41":{"start":{"line":44,"column":0},"end":{"line":44,"column":28}},"42":{"start":{"line":45,"column":0},"end":{"line":45,"column":34}},"43":{"start":{"line":46,"column":0},"end":{"line":46,"column":39}},"44":{"start":{"line":47,"column":0},"end":{"line":47,"column":38}},"45":{"start":{"line":48,"column":0},"end":{"line":48,"column":32}},"46":{"start":{"line":49,"column":0},"end":{"line":49,"column":34}},"47":{"start":{"line":50,"column":0},"end":{"line":50,"column":41}},"48":{"start":{"line":51,"column":0},"end":{"line":51,"column":32}},"49":{"start":{"line":52,"column":0},"end":{"line":52,"column":33}},"50":{"start":{"line":53,"column":0},"end":{"line":53,"column":36}},"51":{"start":{"line":54,"column":0},"end":{"line":54,"column":34}},"52":{"start":{"line":55,"column":0},"end":{"line":55,"column":33}},"53":{"start":{"line":56,"column":0},"end":{"line":56,"column":36}},"54":{"start":{"line":57,"column":0},"end":{"line":57,"column":35}},"55":{"start":{"line":58,"column":0},"end":{"line":58,"column":34}},"56":{"start":{"line":59,"column":0},"end":{"line":59,"column":38}},"57":{"start":{"line":60,"column":0},"end":{"line":60,"column":35}},"58":{"start":{"line":61,"column":0},"end":{"line":61,"column":35}},"59":{"start":{"line":62,"column":0},"end":{"line":62,"column":35}},"60":{"start":{"line":63,"column":0},"end":{"line":63,"column":39}},"61":{"start":{"line":64,"column":0},"end":{"line":64,"column":38}},"62":{"start":{"line":65,"column":0},"end":{"line":65,"column":35}},"63":{"start":{"line":66,"column":0},"end":{"line":66,"column":36}},"64":{"start":{"line":67,"column":0},"end":{"line":67,"column":36}},"65":{"start":{"line":68,"column":0},"end":{"line":68,"column":37}},"66":{"start":{"line":69,"column":0},"end":{"line":69,"column":46}},"67":{"start":{"line":70,"column":0},"end":{"line":70,"column":36}},"68":{"start":{"line":71,"column":0},"end":{"line":71,"column":33}}},"fnMap":{"0":{"name":"(anonymous_4)","decl":{"start":{"line":3,"column":9},"end":{"line":3,"column":20}},"loc":{"start":{"line":3,"column":9},"end":{"line":3,"column":22}}},"1":{"name":"(anonymous_5)","decl":{"start":{"line":3,"column":22},"end":{"line":3,"column":32}},"loc":{"start":{"line":3,"column":22},"end":{"line":3,"column":50}}},"2":{"name":"(anonymous_6)","decl":{"start":{"line":3,"column":52},"end":{"line":3,"column":64}},"loc":{"start":{"line":3,"column":52},"end":{"line":3,"column":66}}},"3":{"name":"(anonymous_7)","decl":{"start":{"line":3,"column":66},"end":{"line":3,"column":79}},"loc":{"start":{"line":3,"column":66},"end":{"line":3,"column":81}}},"4":{"name":"(anonymous_8)","decl":{"start":{"line":3,"column":81},"end":{"line":3,"column":92}},"loc":{"start":{"line":3,"column":81},"end":{"line":3,"column":111}}},"5":{"name":"(anonymous_9)","decl":{"start":{"line":3,"column":113},"end":{"line":3,"column":122}},"loc":{"start":{"line":3,"column":113},"end":{"line":3,"column":151}}},"6":{"name":"(anonymous_10)","decl":{"start":{"line":28,"column":9},"end":{"line":28,"column":20}},"loc":{"start":{"line":28,"column":9},"end":{"line":28,"column":39}}},"7":{"name":"(anonymous_11)","decl":{"start":{"line":29,"column":9},"end":{"line":29,"column":21}},"loc":{"start":{"line":29,"column":9},"end":{"line":29,"column":41}}},"8":{"name":"(anonymous_12)","decl":{"start":{"line":30,"column":9},"end":{"line":30,"column":19}},"loc":{"start":{"line":30,"column":9},"end":{"line":30,"column":37}}},"9":{"name":"(anonymous_13)","decl":{"start":{"line":36,"column":9},"end":{"line":36,"column":22}},"loc":{"start":{"line":36,"column":9},"end":{"line":36,"column":43}}}},"branchMap":{},"s":{"0":48,"1":48,"2":48,"3":68,"4":48,"5":59,"6":76,"7":48,"8":50,"9":48,"10":48,"11":48,"12":48,"13":48,"14":48,"15":48,"16":48,"17":48,"18":48,"19":48,"20":48,"21":48,"22":48,"23":48,"24":48,"25":48,"26":48,"27":48,"28":48,"29":48,"30":48,"31":48,"32":48,"33":58,"34":48,"35":48,"36":48,"37":48,"38":48,"39":48,"40":48,"41":48,"42":48,"43":48,"44":48,"45":48,"46":48,"47":48,"48":48,"49":48,"50":48,"51":48,"52":48,"53":48,"54":48,"55":48,"56":48,"57":48,"58":48,"59":48,"60":48,"61":48,"62":48,"63":48,"64":48,"65":48,"66":48,"67":48,"68":48},"f":{"0":20,"1":0,"2":11,"3":28,"4":0,"5":2,"6":0,"7":0,"8":0,"9":10},"b":{}}
,"/Users/dario/Personal/@queelag/core/src/classes/fetch.error.ts": {"path":"/Users/dario/Personal/@queelag/core/src/classes/fetch.error.ts","statementMap":{"0":{"start":{"line":1,"column":0},"end":{"line":1,"column":48}},"1":{"start":{"line":12,"column":4},"end":{"line":12,"column":null}},"2":{"start":{"line":14,"column":4},"end":{"line":14,"column":null}},"3":{"start":{"line":15,"column":4},"end":{"line":15,"column":null}},"4":{"start":{"line":16,"column":4},"end":{"line":16,"column":null}},"5":{"start":{"line":24,"column":4},"end":{"line":33,"column":null}},"6":{"start":{"line":26,"column":8},"end":{"line":26,"column":null}},"7":{"start":{"line":28,"column":8},"end":{"line":28,"column":null}},"8":{"start":{"line":30,"column":8},"end":{"line":30,"column":null}},"9":{"start":{"line":32,"column":8},"end":{"line":32,"column":null}},"10":{"start":{"line":8,"column":0},"end":{"line":8,"column":13}}},"fnMap":{"0":{"name":"(anonymous_0)","decl":{"start":{"line":11,"column":2},"end":{"line":11,"column":14}},"loc":{"start":{"line":11,"column":54},"end":{"line":17,"column":3}}},"1":{"name":"(anonymous_1)","decl":{"start":{"line":23,"column":2},"end":{"line":23,"column":8}},"loc":{"start":{"line":23,"column":38},"end":{"line":34,"column":3}}}},"branchMap":{"0":{"loc":{"start":{"line":24,"column":4},"end":{"line":33,"column":null}},"type":"switch","locations":[{"start":{"line":25,"column":6},"end":{"line":26,"column":null}},{"start":{"line":27,"column":6},"end":{"line":28,"column":null}},{"start":{"line":29,"column":6},"end":{"line":30,"column":null}},{"start":{"line":31,"column":6},"end":{"line":32,"column":null}}]},"1":{"loc":{"start":{"line":25,"column":11},"end":{"line":25,"column":71}},"type":"binary-expr","locations":[{"start":{"line":25,"column":11},"end":{"line":25,"column":35}},{"start":{"line":25,"column":39},"end":{"line":25,"column":71}}]}},"s":{"0":48,"1":16,"2":16,"3":16,"4":16,"5":16,"6":1,"7":2,"8":7,"9":6,"10":48},"f":{"0":16,"1":16},"b":{"0":[1,2,7,6],"1":[16,3]}}
,"/Users/dario/Personal/@queelag/core/src/classes/fetch.response.ts": {"path":"/Users/dario/Personal/@queelag/core/src/classes/fetch.response.ts","statementMap":{"0":{"start":{"line":1,"column":0},"end":{"line":1,"column":38}},"1":{"start":{"line":2,"column":0},"end":{"line":2,"column":53}},"2":{"start":{"line":23,"column":4},"end":{"line":23,"column":null}},"3":{"start":{"line":24,"column":4},"end":{"line":24,"column":null}},"4":{"start":{"line":25,"column":4},"end":{"line":25,"column":null}},"5":{"start":{"line":26,"column":4},"end":{"line":26,"column":null}},"6":{"start":{"line":27,"column":4},"end":{"line":27,"column":null}},"7":{"start":{"line":28,"column":4},"end":{"line":28,"column":null}},"8":{"start":{"line":29,"column":4},"end":{"line":29,"column":null}},"9":{"start":{"line":30,"column":4},"end":{"line":30,"column":null}},"10":{"start":{"line":31,"column":4},"end":{"line":31,"column":null}},"11":{"start":{"line":32,"column":4},"end":{"line":32,"column":null}},"12":{"start":{"line":33,"column":4},"end":{"line":33,"column":null}},"13":{"start":{"line":37,"column":4},"end":{"line":89,"column":null}},"14":{"start":{"line":41,"column":8},"end":{"line":41,"column":null}},"15":{"start":{"line":41,"column":31},"end":{"line":41,"column":42}},"16":{"start":{"line":42,"column":8},"end":{"line":42,"column":null}},"17":{"start":{"line":42,"column":35},"end":{"line":42,"column":null}},"18":{"start":{"line":44,"column":8},"end":{"line":44,"column":null}},"19":{"start":{"line":45,"column":8},"end":{"line":45,"column":null}},"20":{"start":{"line":47,"column":8},"end":{"line":47,"column":13}},"21":{"start":{"line":51,"column":8},"end":{"line":51,"column":null}},"22":{"start":{"line":51,"column":31},"end":{"line":51,"column":42}},"23":{"start":{"line":52,"column":8},"end":{"line":52,"column":null}},"24":{"start":{"line":52,"column":35},"end":{"line":52,"column":null}},"25":{"start":{"line":54,"column":8},"end":{"line":54,"column":null}},"26":{"start":{"line":55,"column":8},"end":{"line":55,"column":null}},"27":{"start":{"line":57,"column":8},"end":{"line":57,"column":13}},"28":{"start":{"line":72,"column":8},"end":{"line":72,"column":null}},"29":{"start":{"line":72,"column":31},"end":{"line":72,"column":42}},"30":{"start":{"line":73,"column":8},"end":{"line":73,"column":null}},"31":{"start":{"line":73,"column":35},"end":{"line":73,"column":null}},"32":{"start":{"line":75,"column":8},"end":{"line":75,"column":null}},"33":{"start":{"line":76,"column":8},"end":{"line":76,"column":null}},"34":{"start":{"line":78,"column":8},"end":{"line":78,"column":13}},"35":{"start":{"line":82,"column":8},"end":{"line":82,"column":null}},"36":{"start":{"line":82,"column":33},"end":{"line":82,"column":51}},"37":{"start":{"line":83,"column":8},"end":{"line":83,"column":null}},"38":{"start":{"line":83,"column":37},"end":{"line":83,"column":null}},"39":{"start":{"line":85,"column":8},"end":{"line":85,"column":null}},"40":{"start":{"line":86,"column":8},"end":{"line":86,"column":null}},"41":{"start":{"line":88,"column":8},"end":{"line":88,"column":13}},"42":{"start":{"line":93,"column":4},"end":{"line":93,"column":null}},"43":{"start":{"line":97,"column":4},"end":{"line":97,"column":null}},"44":{"start":{"line":101,"column":4},"end":{"line":101,"column":null}},"45":{"start":{"line":110,"column":4},"end":{"line":110,"column":null}},"46":{"start":{"line":114,"column":4},"end":{"line":114,"column":null}},"47":{"start":{"line":118,"column":4},"end":{"line":118,"column":null}},"48":{"start":{"line":124,"column":4},"end":{"line":126,"column":null}},"49":{"start":{"line":125,"column":6},"end":{"line":125,"column":null}},"50":{"start":{"line":128,"column":4},"end":{"line":128,"column":null}},"51":{"start":{"line":132,"column":4},"end":{"line":132,"column":null}},"52":{"start":{"line":9,"column":0},"end":{"line":9,"column":13}}},"fnMap":{"0":{"name":"(anonymous_0)","decl":{"start":{"line":22,"column":2},"end":{"line":22,"column":14}},"loc":{"start":{"line":22,"column":42},"end":{"line":34,"column":3}}},"1":{"name":"(anonymous_1)","decl":{"start":{"line":36,"column":2},"end":{"line":36,"column":7}},"loc":{"start":{"line":36,"column":13},"end":{"line":90,"column":3}}},"2":{"name":"(anonymous_2)","decl":{"start":{"line":41,"column":25},"end":{"line":41,"column":28}},"loc":{"start":{"line":41,"column":31},"end":{"line":41,"column":42}}},"3":{"name":"(anonymous_3)","decl":{"start":{"line":51,"column":25},"end":{"line":51,"column":28}},"loc":{"start":{"line":51,"column":31},"end":{"line":51,"column":42}}},"4":{"name":"(anonymous_4)","decl":{"start":{"line":72,"column":25},"end":{"line":72,"column":28}},"loc":{"start":{"line":72,"column":31},"end":{"line":72,"column":42}}},"5":{"name":"(anonymous_5)","decl":{"start":{"line":82,"column":27},"end":{"line":82,"column":30}},"loc":{"start":{"line":82,"column":33},"end":{"line":82,"column":51}}},"6":{"name":"(anonymous_6)","decl":{"start":{"line":92,"column":2},"end":{"line":92,"column":13}},"loc":{"start":{"line":92,"column":13},"end":{"line":94,"column":3}}},"7":{"name":"(anonymous_7)","decl":{"start":{"line":96,"column":2},"end":{"line":96,"column":6}},"loc":{"start":{"line":96,"column":6},"end":{"line":98,"column":3}}},"8":{"name":"(anonymous_8)","decl":{"start":{"line":100,"column":2},"end":{"line":100,"column":7}},"loc":{"start":{"line":100,"column":7},"end":{"line":102,"column":3}}},"9":{"name":"(anonymous_9)","decl":{"start":{"line":109,"column":2},"end":{"line":109,"column":6}},"loc":{"start":{"line":109,"column":6},"end":{"line":111,"column":3}}},"10":{"name":"(anonymous_10)","decl":{"start":{"line":113,"column":2},"end":{"line":113,"column":6}},"loc":{"start":{"line":113,"column":6},"end":{"line":115,"column":3}}},"11":{"name":"(anonymous_11)","decl":{"start":{"line":117,"column":10},"end":{"line":117,"column":17}},"loc":{"start":{"line":117,"column":27},"end":{"line":119,"column":3}}},"12":{"name":"(anonymous_12)","decl":{"start":{"line":123,"column":2},"end":{"line":123,"column":8}},"loc":{"start":{"line":123,"column":31},"end":{"line":129,"column":3}}},"13":{"name":"(anonymous_13)","decl":{"start":{"line":131,"column":2},"end":{"line":131,"column":14}},"loc":{"start":{"line":131,"column":25},"end":{"line":133,"column":3}}}},"branchMap":{"0":{"loc":{"start":{"line":37,"column":4},"end":{"line":89,"column":null}},"type":"switch","locations":[{"start":{"line":38,"column":6},"end":{"line":47,"column":13}},{"start":{"line":48,"column":6},"end":{"line":57,"column":13}},{"start":{"line":69,"column":6},"end":{"line":78,"column":13}},{"start":{"line":79,"column":6},"end":{"line":88,"column":13}}]},"1":{"loc":{"start":{"line":38,"column":11},"end":{"line":38,"column":99}},"type":"binary-expr","locations":[{"start":{"line":38,"column":11},"end":{"line":38,"column":54}},{"start":{"line":38,"column":58},"end":{"line":38,"column":99}}]},"2":{"loc":{"start":{"line":42,"column":8},"end":{"line":42,"column":null}},"type":"if","locations":[{"start":{"line":42,"column":8},"end":{"line":42,"column":null}}]},"3":{"loc":{"start":{"line":48,"column":11},"end":{"line":48,"column":91}},"type":"binary-expr","locations":[{"start":{"line":48,"column":11},"end":{"line":48,"column":54}},{"start":{"line":48,"column":58},"end":{"line":48,"column":91}}]},"4":{"loc":{"start":{"line":52,"column":8},"end":{"line":52,"column":null}},"type":"if","locations":[{"start":{"line":52,"column":8},"end":{"line":52,"column":null}}]},"5":{"loc":{"start":{"line":73,"column":8},"end":{"line":73,"column":null}},"type":"if","locations":[{"start":{"line":73,"column":8},"end":{"line":73,"column":null}}]},"6":{"loc":{"start":{"line":83,"column":8},"end":{"line":83,"column":null}},"type":"if","locations":[{"start":{"line":83,"column":8},"end":{"line":83,"column":null}}]},"7":{"loc":{"start":{"line":124,"column":4},"end":{"line":126,"column":null}},"type":"if","locations":[{"start":{"line":124,"column":4},"end":{"line":126,"column":null}}]},"8":{"loc":{"start":{"line":132,"column":11},"end":{"line":132,"column":49}},"type":"binary-expr","locations":[{"start":{"line":132,"column":11},"end":{"line":132,"column":43}},{"start":{"line":132,"column":47},"end":{"line":132,"column":49}}]}},"s":{"0":48,"1":48,"2":51,"3":51,"4":51,"5":51,"6":51,"7":51,"8":51,"9":51,"10":51,"11":51,"12":51,"13":43,"14":3,"15":3,"16":3,"17":1,"18":2,"19":2,"20":2,"21":12,"22":12,"23":12,"24":1,"25":11,"26":11,"27":11,"28":17,"29":17,"30":17,"31":1,"32":16,"33":16,"34":16,"35":10,"36":10,"37":10,"38":1,"39":9,"40":9,"41":9,"42":9,"43":2,"44":2,"45":11,"46":16,"47":43,"48":5,"49":1,"50":4,"51":166,"52":48},"f":{"0":51,"1":43,"2":3,"3":12,"4":17,"5":10,"6":9,"7":2,"8":2,"9":11,"10":16,"11":43,"12":5,"13":166},"b":{"0":[3,12,17,10],"1":[43,15],"2":[1],"3":[40,12],"4":[1],"5":[1],"6":[1],"7":[1],"8":[166,40]}}
,"/Users/dario/Personal/@queelag/core/src/definitions/constants.ts": {"path":"/Users/dario/Personal/@queelag/core/src/definitions/constants.ts","statementMap":{"0":{"start":{"line":1,"column":0},"end":{"line":1,"column":40}},"1":{"start":{"line":2,"column":0},"end":{"line":2,"column":62}},"2":{"start":{"line":6,"column":13},"end":{"line":6,"column":null}},"3":{"start":{"line":7,"column":13},"end":{"line":7,"column":null}},"4":{"start":{"line":8,"column":13},"end":{"line":8,"column":null}},"5":{"start":{"line":9,"column":13},"end":{"line":9,"column":null}},"6":{"start":{"line":10,"column":13},"end":{"line":10,"column":null}},"7":{"start":{"line":12,"column":13},"end":{"line":12,"column":null}},"8":{"start":{"line":13,"column":13},"end":{"line":13,"column":null}},"9":{"start":{"line":14,"column":13},"end":{"line":14,"column":null}},"10":{"start":{"line":16,"column":65},"end":{"line":18,"column":1}},"11":{"start":{"line":17,"column":2},"end":{"line":17,"column":null}},"12":{"start":{"line":16,"column":13},"end":{"line":16,"column":65}},"13":{"start":{"line":20,"column":58},"end":{"line":20,"column":107}},"14":{"start":{"line":20,"column":87},"end":{"line":20,"column":107}},"15":{"start":{"line":20,"column":13},"end":{"line":20,"column":58}},"16":{"start":{"line":22,"column":56},"end":{"line":22,"column":105}},"17":{"start":{"line":22,"column":85},"end":{"line":22,"column":105}},"18":{"start":{"line":22,"column":13},"end":{"line":22,"column":56}},"19":{"start":{"line":24,"column":13},"end":{"line":39,"column":null}},"20":{"start":{"line":26,"column":4},"end":{"line":28,"column":null}},"21":{"start":{"line":27,"column":6},"end":{"line":27,"column":null}},"22":{"start":{"line":30,"column":4},"end":{"line":30,"column":null}},"23":{"start":{"line":33,"column":4},"end":{"line":35,"column":null}},"24":{"start":{"line":34,"column":6},"end":{"line":34,"column":12}},"25":{"start":{"line":37,"column":4},"end":{"line":37,"column":null}},"26":{"start":{"line":41,"column":71},"end":{"line":50,"column":2}},"27":{"start":{"line":41,"column":78},"end":{"line":50,"column":2}},"28":{"start":{"line":41,"column":13},"end":{"line":41,"column":71}},"29":{"start":{"line":52,"column":13},"end":{"line":52,"column":null}},"30":{"start":{"line":54,"column":13},"end":{"line":54,"column":null}},"31":{"start":{"line":56,"column":61},"end":{"line":56,"column":95}},"32":{"start":{"line":56,"column":81},"end":{"line":56,"column":95}},"33":{"start":{"line":56,"column":13},"end":{"line":56,"column":61}},"34":{"start":{"line":58,"column":60},"end":{"line":58,"column":70}},"35":{"start":{"line":58,"column":67},"end":{"line":58,"column":69}},"36":{"start":{"line":58,"column":13},"end":{"line":58,"column":60}},"37":{"start":{"line":60,"column":13},"end":{"line":60,"column":null}},"38":{"start":{"line":61,"column":13},"end":{"line":61,"column":null}},"39":{"start":{"line":62,"column":13},"end":{"line":62,"column":null}},"40":{"start":{"line":63,"column":13},"end":{"line":63,"column":null}}},"fnMap":{"0":{"name":"(anonymous_0)","decl":{"start":{"line":16,"column":65},"end":{"line":16,"column":66}},"loc":{"start":{"line":16,"column":84},"end":{"line":18,"column":1}}},"1":{"name":"(anonymous_1)","decl":{"start":{"line":20,"column":58},"end":{"line":20,"column":59}},"loc":{"start":{"line":20,"column":87},"end":{"line":20,"column":107}}},"2":{"name":"(anonymous_2)","decl":{"start":{"line":22,"column":56},"end":{"line":22,"column":57}},"loc":{"start":{"line":22,"column":85},"end":{"line":22,"column":105}}},"3":{"name":"(anonymous_3)","decl":{"start":{"line":25,"column":7},"end":{"line":25,"column":10}},"loc":{"start":{"line":25,"column":12},"end":{"line":31,"column":3}}},"4":{"name":"(anonymous_4)","decl":{"start":{"line":32,"column":7},"end":{"line":32,"column":8}},"loc":{"start":{"line":32,"column":26},"end":{"line":38,"column":3}}},"5":{"name":"(anonymous_5)","decl":{"start":{"line":41,"column":71},"end":{"line":41,"column":74}},"loc":{"start":{"line":41,"column":78},"end":{"line":50,"column":2}}},"6":{"name":"(anonymous_6)","decl":{"start":{"line":56,"column":61},"end":{"line":56,"column":62}},"loc":{"start":{"line":56,"column":81},"end":{"line":56,"column":95}}},"7":{"name":"(anonymous_7)","decl":{"start":{"line":58,"column":60},"end":{"line":58,"column":63}},"loc":{"start":{"line":58,"column":67},"end":{"line":58,"column":69}}}},"branchMap":{"0":{"loc":{"start":{"line":26,"column":4},"end":{"line":28,"column":null}},"type":"if","locations":[{"start":{"line":26,"column":4},"end":{"line":28,"column":null}}]},"1":{"loc":{"start":{"line":33,"column":4},"end":{"line":35,"column":null}},"type":"if","locations":[{"start":{"line":33,"column":4},"end":{"line":35,"column":null}}]}},"s":{"0":49,"1":49,"2":49,"3":49,"4":49,"5":49,"6":49,"7":49,"8":49,"9":49,"10":49,"11":132,"12":49,"13":49,"14":41,"15":49,"16":49,"17":10,"18":49,"19":49,"20":4,"21":2,"22":2,"23":2,"24":1,"25":1,"26":49,"27":48,"28":49,"29":49,"30":49,"31":49,"32":58,"33":49,"34":49,"35":48,"36":49,"37":49,"38":49,"39":49,"40":49},"f":{"0":132,"1":41,"2":10,"3":4,"4":2,"5":48,"6":58,"7":48},"b":{"0":[2],"1":[1]}}
,"/Users/dario/Personal/@queelag/core/src/definitions/enums.ts": {"path":"/Users/dario/Personal/@queelag/core/src/definitions/enums.ts","statementMap":{"0":{"start":{"line":1,"column":0},"end":{"line":1,"column":null}},"1":{"start":{"line":2,"column":2},"end":{"line":2,"column":null}},"2":{"start":{"line":3,"column":2},"end":{"line":3,"column":null}},"3":{"start":{"line":4,"column":2},"end":{"line":4,"column":null}},"4":{"start":{"line":5,"column":2},"end":{"line":5,"column":null}},"5":{"start":{"line":6,"column":2},"end":{"line":6,"column":null}},"6":{"start":{"line":7,"column":2},"end":{"line":7,"column":null}},"7":{"start":{"line":8,"column":2},"end":{"line":8,"column":null}},"8":{"start":{"line":9,"column":2},"end":{"line":9,"column":null}},"9":{"start":{"line":10,"column":2},"end":{"line":10,"column":null}},"10":{"start":{"line":13,"column":0},"end":{"line":13,"column":null}},"11":{"start":{"line":14,"column":2},"end":{"line":14,"column":null}},"12":{"start":{"line":15,"column":2},"end":{"line":15,"column":null}},"13":{"start":{"line":16,"column":2},"end":{"line":16,"column":null}},"14":{"start":{"line":17,"column":2},"end":{"line":17,"column":null}},"15":{"start":{"line":18,"column":2},"end":{"line":18,"column":null}},"16":{"start":{"line":21,"column":0},"end":{"line":21,"column":null}},"17":{"start":{"line":22,"column":2},"end":{"line":22,"column":null}},"18":{"start":{"line":23,"column":2},"end":{"line":23,"column":null}},"19":{"start":{"line":26,"column":0},"end":{"line":26,"column":null}},"20":{"start":{"line":27,"column":2},"end":{"line":27,"column":null}},"21":{"start":{"line":28,"column":2},"end":{"line":28,"column":null}},"22":{"start":{"line":29,"column":2},"end":{"line":29,"column":null}},"23":{"start":{"line":30,"column":2},"end":{"line":30,"column":null}},"24":{"start":{"line":33,"column":0},"end":{"line":33,"column":null}},"25":{"start":{"line":34,"column":2},"end":{"line":34,"column":null}},"26":{"start":{"line":35,"column":2},"end":{"line":35,"column":null}},"27":{"start":{"line":36,"column":2},"end":{"line":36,"column":null}},"28":{"start":{"line":37,"column":2},"end":{"line":37,"column":null}},"29":{"start":{"line":38,"column":2},"end":{"line":38,"column":null}},"30":{"start":{"line":39,"column":2},"end":{"line":39,"column":null}},"31":{"start":{"line":40,"column":2},"end":{"line":40,"column":null}},"32":{"start":{"line":41,"column":2},"end":{"line":41,"column":null}},"33":{"start":{"line":42,"column":2},"end":{"line":42,"column":null}},"34":{"start":{"line":45,"column":0},"end":{"line":45,"column":null}},"35":{"start":{"line":46,"column":2},"end":{"line":46,"column":null}},"36":{"start":{"line":49,"column":0},"end":{"line":49,"column":null}},"37":{"start":{"line":50,"column":2},"end":{"line":50,"column":null}},"38":{"start":{"line":51,"column":2},"end":{"line":51,"column":null}}},"fnMap":{"0":{"name":"(anonymous_0)","decl":{"start":{"line":1,"column":0},"end":{"line":1,"column":12}},"loc":{"start":{"line":1,"column":21},"end":{"line":11,"column":1}}},"1":{"name":"(anonymous_1)","decl":{"start":{"line":13,"column":0},"end":{"line":13,"column":12}},"loc":{"start":{"line":13,"column":23},"end":{"line":19,"column":1}}},"2":{"name":"(anonymous_2)","decl":{"start":{"line":21,"column":0},"end":{"line":21,"column":12}},"loc":{"start":{"line":21,"column":24},"end":{"line":24,"column":1}}},"3":{"name":"(anonymous_3)","decl":{"start":{"line":26,"column":0},"end":{"line":26,"column":12}},"loc":{"start":{"line":26,"column":22},"end":{"line":31,"column":1}}},"4":{"name":"(anonymous_4)","decl":{"start":{"line":33,"column":0},"end":{"line":33,"column":12}},"loc":{"start":{"line":33,"column":25},"end":{"line":43,"column":1}}},"5":{"name":"(anonymous_5)","decl":{"start":{"line":45,"column":0},"end":{"line":45,"column":12}},"loc":{"start":{"line":45,"column":23},"end":{"line":47,"column":1}}},"6":{"name":"(anonymous_6)","decl":{"start":{"line":49,"column":0},"end":{"line":49,"column":12}},"loc":{"start":{"line":49,"column":21},"end":{"line":52,"column":1}}}},"branchMap":{"0":{"loc":{"start":{"line":1,"column":12},"end":{"line":1,"column":null}},"type":"binary-expr","locations":[{"start":{"line":1,"column":12},"end":{"line":1,"column":21}},{"start":{"line":1,"column":12},"end":{"line":1,"column":null}}]},"1":{"loc":{"start":{"line":13,"column":12},"end":{"line":13,"column":null}},"type":"binary-expr","locations":[{"start":{"line":13,"column":12},"end":{"line":13,"column":23}},{"start":{"line":13,"column":12},"end":{"line":13,"column":null}}]},"2":{"loc":{"start":{"line":21,"column":12},"end":{"line":21,"column":null}},"type":"binary-expr","locations":[{"start":{"line":21,"column":12},"end":{"line":21,"column":24}},{"start":{"line":21,"column":12},"end":{"line":21,"column":null}}]},"3":{"loc":{"start":{"line":26,"column":12},"end":{"line":26,"column":null}},"type":"binary-expr","locations":[{"start":{"line":26,"column":12},"end":{"line":26,"column":22}},{"start":{"line":26,"column":12},"end":{"line":26,"column":null}}]},"4":{"loc":{"start":{"line":33,"column":12},"end":{"line":33,"column":null}},"type":"binary-expr","locations":[{"start":{"line":33,"column":12},"end":{"line":33,"column":25}},{"start":{"line":33,"column":12},"end":{"line":33,"column":null}}]},"5":{"loc":{"start":{"line":45,"column":12},"end":{"line":45,"column":null}},"type":"binary-expr","locations":[{"start":{"line":45,"column":12},"end":{"line":45,"column":23}},{"start":{"line":45,"column":12},"end":{"line":45,"column":null}}]},"6":{"loc":{"start":{"line":49,"column":12},"end":{"line":49,"column":null}},"type":"binary-expr","locations":[{"start":{"line":49,"column":12},"end":{"line":49,"column":21}},{"start":{"line":49,"column":12},"end":{"line":49,"column":null}}]}},"s":{"0":48,"1":48,"2":48,"3":48,"4":48,"5":48,"6":48,"7":48,"8":48,"9":48,"10":48,"11":48,"12":48,"13":48,"14":48,"15":48,"16":48,"17":48,"18":48,"19":48,"20":48,"21":48,"22":48,"23":48,"24":48,"25":48,"26":48,"27":48,"28":48,"29":48,"30":48,"31":48,"32":48,"33":48,"34":48,"35":48,"36":48,"37":48,"38":48},"f":{"0":48,"1":48,"2":48,"3":48,"4":48,"5":48,"6":48},"b":{"0":[48,48],"1":[48,48],"2":[48,48],"3":[48,48],"4":[48,48],"5":[48,48],"6":[48,48]}}
,"/Users/dario/Personal/@queelag/core/src/definitions/stubs.ts": {"path":"/Users/dario/Personal/@queelag/core/src/definitions/stubs.ts","statementMap":{"0":{"start":{"line":1,"column":67},"end":{"line":28,"column":2}},"1":{"start":{"line":1,"column":98},"end":{"line":28,"column":2}},"2":{"start":{"line":2,"column":15},"end":{"line":2,"column":26}},"3":{"start":{"line":6,"column":4},"end":{"line":6,"column":null}},"4":{"start":{"line":7,"column":4},"end":{"line":7,"column":null}},"5":{"start":{"line":7,"column":38},"end":{"line":7,"column":null}},"6":{"start":{"line":9,"column":4},"end":{"line":9,"column":null}},"7":{"start":{"line":14,"column":4},"end":{"line":14,"column":null}},"8":{"start":{"line":15,"column":4},"end":{"line":15,"column":null}},"9":{"start":{"line":15,"column":36},"end":{"line":15,"column":null}},"10":{"start":{"line":17,"column":4},"end":{"line":17,"column":null}},"11":{"start":{"line":20,"column":4},"end":{"line":20,"column":null}},"12":{"start":{"line":23,"column":4},"end":{"line":23,"column":null}},"13":{"start":{"line":26,"column":4},"end":{"line":26,"column":null}},"14":{"start":{"line":1,"column":13},"end":{"line":1,"column":67}},"15":{"start":{"line":30,"column":13},"end":{"line":30,"column":null}},"16":{"start":{"line":31,"column":13},"end":{"line":31,"column":null}},"17":{"start":{"line":33,"column":13},"end":{"line":33,"column":null}},"18":{"start":{"line":34,"column":13},"end":{"line":34,"column":null}},"19":{"start":{"line":36,"column":13},"end":{"line":41,"column":null}},"20":{"start":{"line":37,"column":16},"end":{"line":37,"column":18}},"21":{"start":{"line":43,"column":13},"end":{"line":47,"column":null}},"22":{"start":{"line":44,"column":16},"end":{"line":44,"column":32}},"23":{"start":{"line":45,"column":21},"end":{"line":45,"column":44}}},"fnMap":{"0":{"name":"(anonymous_0)","decl":{"start":{"line":1,"column":67},"end":{"line":1,"column":68}},"loc":{"start":{"line":1,"column":98},"end":{"line":28,"column":2}}},"1":{"name":"(anonymous_1)","decl":{"start":{"line":2,"column":9},"end":{"line":2,"column":12}},"loc":{"start":{"line":2,"column":15},"end":{"line":2,"column":26}}},"2":{"name":"(anonymous_2)","decl":{"start":{"line":3,"column":11},"end":{"line":3,"column":12}},"loc":{"start":{"line":3,"column":27},"end":{"line":10,"column":3}}},"3":{"name":"(anonymous_3)","decl":{"start":{"line":11,"column":7},"end":{"line":11,"column":8}},"loc":{"start":{"line":11,"column":25},"end":{"line":18,"column":3}}},"4":{"name":"(anonymous_4)","decl":{"start":{"line":19,"column":14},"end":{"line":19,"column":15}},"loc":{"start":{"line":19,"column":30},"end":{"line":21,"column":3}}},"5":{"name":"(anonymous_5)","decl":{"start":{"line":22,"column":11},"end":{"line":22,"column":12}},"loc":{"start":{"line":22,"column":42},"end":{"line":24,"column":3}}},"6":{"name":"(anonymous_6)","decl":{"start":{"line":25,"column":2},"end":{"line":25,"column":6}},"loc":{"start":{"line":25,"column":12},"end":{"line":27,"column":3}}},"7":{"name":"(anonymous_7)","decl":{"start":{"line":37,"column":10},"end":{"line":37,"column":13}},"loc":{"start":{"line":37,"column":16},"end":{"line":37,"column":18}}},"8":{"name":"(anonymous_8)","decl":{"start":{"line":44,"column":10},"end":{"line":44,"column":13}},"loc":{"start":{"line":44,"column":16},"end":{"line":44,"column":32}}},"9":{"name":"(anonymous_9)","decl":{"start":{"line":45,"column":14},"end":{"line":45,"column":17}},"loc":{"start":{"line":45,"column":21},"end":{"line":45,"column":44}}}},"branchMap":{"0":{"loc":{"start":{"line":7,"column":4},"end":{"line":7,"column":null}},"type":"if","locations":[{"start":{"line":7,"column":4},"end":{"line":7,"column":null}}]},"1":{"loc":{"start":{"line":15,"column":4},"end":{"line":15,"column":null}},"type":"if","locations":[{"start":{"line":15,"column":4},"end":{"line":15,"column":null}}]}},"s":{"0":52,"1":105,"2":15,"3":20,"4":20,"5":8,"6":12,"7":2,"8":2,"9":1,"10":1,"11":3,"12":12,"13":2,"14":52,"15":52,"16":52,"17":52,"18":52,"19":52,"20":1,"21":52,"22":1,"23":1},"f":{"0":105,"1":15,"2":20,"3":2,"4":3,"5":12,"6":2,"7":1,"8":1,"9":1},"b":{"0":[8],"1":[1]}}
,"/Users/dario/Personal/@queelag/core/src/functions/gql.ts": {"path":"/Users/dario/Personal/@queelag/core/src/functions/gql.ts","statementMap":{"0":{"start":{"line":2,"column":2},"end":{"line":2,"column":null}},"1":{"start":{"line":1,"column":0},"end":{"line":1,"column":16}}},"fnMap":{"0":{"name":"gql","decl":{"start":{"line":1,"column":16},"end":{"line":1,"column":19}},"loc":{"start":{"line":1,"column":47},"end":{"line":3,"column":1}}}},"branchMap":{},"s":{"0":2,"1":48},"f":{"0":2},"b":{}}
,"/Users/dario/Personal/@queelag/core/src/functions/noop.ts": {"path":"/Users/dario/Personal/@queelag/core/src/functions/noop.ts","statementMap":{"0":{"start":{"line":4,"column":0},"end":{"line":4,"column":16}}},"fnMap":{"0":{"name":"noop","decl":{"start":{"line":4,"column":16},"end":{"line":4,"column":20}},"loc":{"start":{"line":4,"column":35},"end":{"line":4,"column":44}}}},"branchMap":{},"s":{"0":49},"f":{"0":54},"b":{}}
,"/Users/dario/Personal/@queelag/core/src/functions/rc.ts": {"path":"/Users/dario/Personal/@queelag/core/src/functions/rc.ts","statementMap":{"0":{"start":{"line":1,"column":0},"end":{"line":1,"column":25}},"1":{"start":{"line":9,"column":2},"end":{"line":9,"column":null}},"2":{"start":{"line":9,"column":11},"end":{"line":9,"column":15}},"3":{"start":{"line":10,"column":2},"end":{"line":10,"column":null}},"4":{"start":{"line":8,"column":0},"end":{"line":8,"column":16}}},"fnMap":{"0":{"name":"rc","decl":{"start":{"line":8,"column":16},"end":{"line":8,"column":18}},"loc":{"start":{"line":8,"column":41},"end":{"line":11,"column":1}}},"1":{"name":"(anonymous_1)","decl":{"start":{"line":9,"column":5},"end":{"line":9,"column":8}},"loc":{"start":{"line":9,"column":11},"end":{"line":9,"column":15}}}},"branchMap":{},"s":{"0":48,"1":34,"2":34,"3":34,"4":48},"f":{"0":34,"1":34},"b":{}}
,"/Users/dario/Personal/@queelag/core/src/functions/rcp.ts": {"path":"/Users/dario/Personal/@queelag/core/src/functions/rcp.ts","statementMap":{"0":{"start":{"line":1,"column":0},"end":{"line":1,"column":27}},"1":{"start":{"line":9,"column":2},"end":{"line":9,"column":null}},"2":{"start":{"line":9,"column":18},"end":{"line":9,"column":22}},"3":{"start":{"line":10,"column":2},"end":{"line":10,"column":null}},"4":{"start":{"line":8,"column":0},"end":{"line":8,"column":7}}},"fnMap":{"0":{"name":"rcp","decl":{"start":{"line":8,"column":22},"end":{"line":8,"column":25}},"loc":{"start":{"line":8,"column":48},"end":{"line":11,"column":1}}},"1":{"name":"(anonymous_1)","decl":{"start":{"line":9,"column":12},"end":{"line":9,"column":15}},"loc":{"start":{"line":9,"column":18},"end":{"line":9,"column":22}}}},"branchMap":{},"s":{"0":48,"1":1,"2":1,"3":1,"4":48},"f":{"0":1,"1":1},"b":{}}
,"/Users/dario/Personal/@queelag/core/src/functions/rv.ts": {"path":"/Users/dario/Personal/@queelag/core/src/functions/rv.ts","statementMap":{"0":{"start":{"line":1,"column":0},"end":{"line":1,"column":25}},"1":{"start":{"line":7,"column":2},"end":{"line":7,"column":null}},"2":{"start":{"line":7,"column":11},"end":{"line":7,"column":15}},"3":{"start":{"line":6,"column":0},"end":{"line":6,"column":16}}},"fnMap":{"0":{"name":"rv","decl":{"start":{"line":6,"column":16},"end":{"line":6,"column":18}},"loc":{"start":{"line":6,"column":32},"end":{"line":8,"column":1}}},"1":{"name":"(anonymous_1)","decl":{"start":{"line":7,"column":5},"end":{"line":7,"column":8}},"loc":{"start":{"line":7,"column":11},"end":{"line":7,"column":15}}}},"branchMap":{},"s":{"0":48,"1":10,"2":10,"3":48},"f":{"0":10,"1":10},"b":{}}
,"/Users/dario/Personal/@queelag/core/src/functions/rvp.ts": {"path":"/Users/dario/Personal/@queelag/core/src/functions/rvp.ts","statementMap":{"0":{"start":{"line":1,"column":0},"end":{"line":1,"column":27}},"1":{"start":{"line":7,"column":2},"end":{"line":7,"column":null}},"2":{"start":{"line":7,"column":18},"end":{"line":7,"column":22}},"3":{"start":{"line":6,"column":0},"end":{"line":6,"column":7}}},"fnMap":{"0":{"name":"rvp","decl":{"start":{"line":6,"column":22},"end":{"line":6,"column":25}},"loc":{"start":{"line":6,"column":39},"end":{"line":8,"column":1}}},"1":{"name":"(anonymous_1)","decl":{"start":{"line":7,"column":12},"end":{"line":7,"column":15}},"loc":{"start":{"line":7,"column":18},"end":{"line":7,"column":22}}}},"branchMap":{},"s":{"0":48,"1":1,"2":1,"3":48},"f":{"0":1,"1":1},"b":{}}
,"/Users/dario/Personal/@queelag/core/src/functions/sleep.ts": {"path":"/Users/dario/Personal/@queelag/core/src/functions/sleep.ts","statementMap":{"0":{"start":{"line":7,"column":2},"end":{"line":7,"column":null}},"1":{"start":{"line":7,"column":28},"end":{"line":7,"column":53}},"2":{"start":{"line":7,"column":45},"end":{"line":7,"column":48}},"3":{"start":{"line":6,"column":0},"end":{"line":6,"column":7}}},"fnMap":{"0":{"name":"sleep","decl":{"start":{"line":6,"column":22},"end":{"line":6,"column":27}},"loc":{"start":{"line":6,"column":38},"end":{"line":8,"column":1}}},"1":{"name":"(anonymous_1)","decl":{"start":{"line":7,"column":21},"end":{"line":7,"column":22}},"loc":{"start":{"line":7,"column":28},"end":{"line":7,"column":53}}},"2":{"name":"(anonymous_2)","decl":{"start":{"line":7,"column":39},"end":{"line":7,"column":42}},"loc":{"start":{"line":7,"column":45},"end":{"line":7,"column":48}}}},"branchMap":{},"s":{"0":12,"1":12,"2":12,"3":48},"f":{"0":12,"1":12,"2":12},"b":{}}
,"/Users/dario/Personal/@queelag/core/src/functions/tc.ts": {"path":"/Users/dario/Personal/@queelag/core/src/functions/tc.ts","statementMap":{"0":{"start":{"line":1,"column":0},"end":{"line":1,"column":56}},"1":{"start":{"line":10,"column":2},"end":{"line":20,"column":null}},"2":{"start":{"line":11,"column":4},"end":{"line":11,"column":null}},"3":{"start":{"line":13,"column":4},"end":{"line":15,"column":null}},"4":{"start":{"line":14,"column":6},"end":{"line":14,"column":null}},"5":{"start":{"line":17,"column":4},"end":{"line":17,"column":null}},"6":{"start":{"line":19,"column":4},"end":{"line":19,"column":null}},"7":{"start":{"line":9,"column":0},"end":{"line":9,"column":16}}},"fnMap":{"0":{"name":"tc","decl":{"start":{"line":9,"column":16},"end":{"line":9,"column":18}},"loc":{"start":{"line":9,"column":102},"end":{"line":21,"column":1}}}},"branchMap":{"0":{"loc":{"start":{"line":9,"column":60},"end":{"line":9,"column":102}},"type":"default-arg","locations":[{"start":{"line":9,"column":75},"end":{"line":9,"column":102}}]},"1":{"loc":{"start":{"line":13,"column":4},"end":{"line":15,"column":null}},"type":"if","locations":[{"start":{"line":13,"column":4},"end":{"line":15,"column":null}}]}},"s":{"0":48,"1":748,"2":748,"3":26,"4":1,"5":26,"6":26,"7":48},"f":{"0":748},"b":{"0":[91],"1":[1]}}
,"/Users/dario/Personal/@queelag/core/src/functions/tcp.ts": {"path":"/Users/dario/Personal/@queelag/core/src/functions/tcp.ts","statementMap":{"0":{"start":{"line":1,"column":0},"end":{"line":1,"column":56}},"1":{"start":{"line":10,"column":2},"end":{"line":20,"column":null}},"2":{"start":{"line":11,"column":4},"end":{"line":11,"column":null}},"3":{"start":{"line":13,"column":4},"end":{"line":15,"column":null}},"4":{"start":{"line":14,"column":6},"end":{"line":14,"column":null}},"5":{"start":{"line":17,"column":4},"end":{"line":17,"column":null}},"6":{"start":{"line":19,"column":4},"end":{"line":19,"column":null}},"7":{"start":{"line":9,"column":0},"end":{"line":9,"column":7}}},"fnMap":{"0":{"name":"tcp","decl":{"start":{"line":9,"column":22},"end":{"line":9,"column":25}},"loc":{"start":{"line":9,"column":119},"end":{"line":21,"column":1}}}},"branchMap":{"0":{"loc":{"start":{"line":9,"column":76},"end":{"line":9,"column":119}},"type":"default-arg","locations":[{"start":{"line":9,"column":91},"end":{"line":9,"column":119}}]},"1":{"loc":{"start":{"line":13,"column":4},"end":{"line":15,"column":null}},"type":"if","locations":[{"start":{"line":13,"column":4},"end":{"line":15,"column":null}}]}},"s":{"0":48,"1":243,"2":243,"3":30,"4":1,"5":30,"6":30,"7":48},"f":{"0":243},"b":{"0":[234],"1":[1]}}
,"/Users/dario/Personal/@queelag/core/src/functions/tie.ts": {"path":"/Users/dario/Personal/@queelag/core/src/functions/tie.ts","statementMap":{"0":{"start":{"line":2,"column":2},"end":{"line":4,"column":null}},"1":{"start":{"line":3,"column":4},"end":{"line":3,"column":null}},"2":{"start":{"line":6,"column":2},"end":{"line":6,"column":null}},"3":{"start":{"line":1,"column":0},"end":{"line":1,"column":16}}},"fnMap":{"0":{"name":"tie","decl":{"start":{"line":1,"column":16},"end":{"line":1,"column":19}},"loc":{"start":{"line":1,"column":60},"end":{"line":7,"column":1}}}},"branchMap":{"0":{"loc":{"start":{"line":2,"column":2},"end":{"line":4,"column":null}},"type":"if","locations":[{"start":{"line":2,"column":2},"end":{"line":4,"column":null}}]}},"s":{"0":11,"1":1,"2":10,"3":48},"f":{"0":11},"b":{"0":[1]}}
,"/Users/dario/Personal/@queelag/core/src/functions/tne.ts": {"path":"/Users/dario/Personal/@queelag/core/src/functions/tne.ts","statementMap":{"0":{"start":{"line":7,"column":2},"end":{"line":7,"column":null}},"1":{"start":{"line":6,"column":0},"end":{"line":6,"column":16}}},"fnMap":{"0":{"name":"tne","decl":{"start":{"line":6,"column":16},"end":{"line":6,"column":19}},"loc":{"start":{"line":6,"column":60},"end":{"line":8,"column":1}}}},"branchMap":{},"s":{"0":17,"1":48},"f":{"0":17},"b":{}}
,"/Users/dario/Personal/@queelag/core/src/loggers/class.logger.ts": {"path":"/Users/dario/Personal/@queelag/core/src/loggers/class.logger.ts","statementMap":{"0":{"start":{"line":1,"column":0},"end":{"line":1,"column":49}},"1":{"start":{"line":2,"column":0},"end":{"line":2,"column":42}},"2":{"start":{"line":4,"column":13},"end":{"line":4,"column":null}}},"fnMap":{},"branchMap":{},"s":{"0":48,"1":48,"2":48},"f":{},"b":{}}
,"/Users/dario/Personal/@queelag/core/src/loggers/module.logger.ts": {"path":"/Users/dario/Personal/@queelag/core/src/loggers/module.logger.ts","statementMap":{"0":{"start":{"line":1,"column":0},"end":{"line":1,"column":49}},"1":{"start":{"line":2,"column":0},"end":{"line":2,"column":42}},"2":{"start":{"line":4,"column":13},"end":{"line":4,"column":null}}},"fnMap":{},"branchMap":{},"s":{"0":48,"1":48,"2":48},"f":{},"b":{}}
,"/Users/dario/Personal/@queelag/core/src/loggers/util.logger.ts": {"path":"/Users/dario/Personal/@queelag/core/src/loggers/util.logger.ts","statementMap":{"0":{"start":{"line":1,"column":0},"end":{"line":1,"column":49}},"1":{"start":{"line":2,"column":0},"end":{"line":2,"column":42}},"2":{"start":{"line":4,"column":13},"end":{"line":4,"column":null}}},"fnMap":{},"branchMap":{},"s":{"0":48,"1":48,"2":48},"f":{},"b":{}}
,"/Users/dario/Personal/@queelag/core/src/modules/api.ts": {"path":"/Users/dario/Personal/@queelag/core/src/modules/api.ts","statementMap":{"0":{"start":{"line":1,"column":0},"end":{"line":1,"column":51}},"1":{"start":{"line":3,"column":0},"end":{"line":3,"column":87}},"2":{"start":{"line":4,"column":0},"end":{"line":4,"column":63}},"3":{"start":{"line":6,"column":0},"end":{"line":6,"column":36}},"4":{"start":{"line":7,"column":0},"end":{"line":7,"column":61}},"5":{"start":{"line":8,"column":0},"end":{"line":8,"column":86}},"6":{"start":{"line":9,"column":0},"end":{"line":9,"column":71}},"7":{"start":{"line":10,"column":0},"end":{"line":10,"column":31}},"8":{"start":{"line":11,"column":0},"end":{"line":11,"column":37}},"9":{"start":{"line":12,"column":0},"end":{"line":12,"column":33}},"10":{"start":{"line":40,"column":4},"end":{"line":40,"column":null}},"11":{"start":{"line":41,"column":4},"end":{"line":41,"column":null}},"12":{"start":{"line":42,"column":4},"end":{"line":42,"column":null}},"13":{"start":{"line":55,"column":4},"end":{"line":55,"column":null}},"14":{"start":{"line":57,"column":4},"end":{"line":57,"column":null}},"15":{"start":{"line":58,"column":4},"end":{"line":58,"column":null}},"16":{"start":{"line":59,"column":4},"end":{"line":59,"column":null}},"17":{"start":{"line":60,"column":4},"end":{"line":60,"column":null}},"18":{"start":{"line":62,"column":4},"end":{"line":62,"column":null}},"19":{"start":{"line":63,"column":4},"end":{"line":63,"column":null}},"20":{"start":{"line":65,"column":4},"end":{"line":65,"column":null}},"21":{"start":{"line":66,"column":4},"end":{"line":66,"column":null}},"22":{"start":{"line":66,"column":18},"end":{"line":66,"column":null}},"23":{"start":{"line":66,"column":34},"end":{"line":66,"column":88}},"24":{"start":{"line":68,"column":4},"end":{"line":72,"column":null}},"25":{"start":{"line":74,"column":4},"end":{"line":79,"column":null}},"26":{"start":{"line":75,"column":6},"end":{"line":75,"column":null}},"27":{"start":{"line":76,"column":6},"end":{"line":76,"column":null}},"28":{"start":{"line":76,"column":20},"end":{"line":76,"column":null}},"29":{"start":{"line":76,"column":36},"end":{"line":76,"column":90}},"30":{"start":{"line":78,"column":6},"end":{"line":78,"column":null}},"31":{"start":{"line":78,"column":22},"end":{"line":78,"column":78}},"32":{"start":{"line":81,"column":4},"end":{"line":81,"column":null}},"33":{"start":{"line":82,"column":4},"end":{"line":82,"column":null}},"34":{"start":{"line":82,"column":18},"end":{"line":82,"column":null}},"35":{"start":{"line":82,"column":34},"end":{"line":82,"column":88}},"36":{"start":{"line":84,"column":4},"end":{"line":84,"column":null}},"37":{"start":{"line":84,"column":20},"end":{"line":84,"column":76}},"38":{"start":{"line":94,"column":4},"end":{"line":94,"column":null}},"39":{"start":{"line":104,"column":4},"end":{"line":104,"column":null}},"40":{"start":{"line":114,"column":4},"end":{"line":114,"column":null}},"41":{"start":{"line":121,"column":4},"end":{"line":121,"column":null}},"42":{"start":{"line":131,"column":4},"end":{"line":131,"column":null}},"43":{"start":{"line":142,"column":4},"end":{"line":142,"column":null}},"44":{"start":{"line":153,"column":4},"end":{"line":153,"column":null}},"45":{"start":{"line":164,"column":4},"end":{"line":164,"column":null}},"46":{"start":{"line":171,"column":4},"end":{"line":171,"column":null}},"47":{"start":{"line":182,"column":4},"end":{"line":187,"column":null}},"48":{"start":{"line":184,"column":8},"end":{"line":184,"column":null}},"49":{"start":{"line":186,"column":8},"end":{"line":186,"column":null}},"50":{"start":{"line":196,"column":4},"end":{"line":196,"column":null}},"51":{"start":{"line":205,"column":4},"end":{"line":207,"column":null}},"52":{"start":{"line":206,"column":6},"end":{"line":206,"column":null}},"53":{"start":{"line":209,"column":4},"end":{"line":209,"column":null}},"54":{"start":{"line":219,"column":4},"end":{"line":219,"column":null}},"55":{"start":{"line":228,"column":4},"end":{"line":228,"column":null}},"56":{"start":{"line":238,"column":4},"end":{"line":238,"column":null}},"57":{"start":{"line":243,"column":4},"end":{"line":245,"column":null}},"58":{"start":{"line":244,"column":6},"end":{"line":244,"column":null}},"59":{"start":{"line":250,"column":4},"end":{"line":250,"column":null}},"60":{"start":{"line":21,"column":0},"end":{"line":21,"column":13}}},"fnMap":{"0":{"name":"(anonymous_0)","decl":{"start":{"line":39,"column":2},"end":{"line":39,"column":14}},"loc":{"start":{"line":39,"column":62},"end":{"line":43,"column":3}}},"1":{"name":"(anonymous_1)","decl":{"start":{"line":52,"column":2},"end":{"line":52,"column":7}},"loc":{"start":{"line":52,"column":101},"end":{"line":85,"column":3}}},"2":{"name":"(anonymous_2)","decl":{"start":{"line":66,"column":28},"end":{"line":66,"column":31}},"loc":{"start":{"line":66,"column":34},"end":{"line":66,"column":88}}},"3":{"name":"(anonymous_3)","decl":{"start":{"line":76,"column":30},"end":{"line":76,"column":33}},"loc":{"start":{"line":76,"column":36},"end":{"line":76,"column":90}}},"4":{"name":"(anonymous_4)","decl":{"start":{"line":78,"column":16},"end":{"line":78,"column":19}},"loc":{"start":{"line":78,"column":22},"end":{"line":78,"column":78}}},"5":{"name":"(anonymous_5)","decl":{"start":{"line":82,"column":28},"end":{"line":82,"column":31}},"loc":{"start":{"line":82,"column":34},"end":{"line":82,"column":88}}},"6":{"name":"(anonymous_6)","decl":{"start":{"line":84,"column":14},"end":{"line":84,"column":17}},"loc":{"start":{"line":84,"column":20},"end":{"line":84,"column":76}}},"7":{"name":"(anonymous_7)","decl":{"start":{"line":93,"column":2},"end":{"line":93,"column":7}},"loc":{"start":{"line":93,"column":50},"end":{"line":95,"column":3}}},"8":{"name":"(anonymous_8)","decl":{"start":{"line":103,"column":2},"end":{"line":103,"column":7}},"loc":{"start":{"line":103,"column":49},"end":{"line":105,"column":3}}},"9":{"name":"(anonymous_9)","decl":{"start":{"line":113,"column":2},"end":{"line":113,"column":7}},"loc":{"start":{"line":113,"column":46},"end":{"line":115,"column":3}}},"10":{"name":"(anonymous_10)","decl":{"start":{"line":120,"column":2},"end":{"line":120,"column":7}},"loc":{"start":{"line":120,"column":37},"end":{"line":122,"column":3}}},"11":{"name":"(anonymous_11)","decl":{"start":{"line":130,"column":2},"end":{"line":130,"column":7}},"loc":{"start":{"line":130,"column":50},"end":{"line":132,"column":3}}},"12":{"name":"(anonymous_12)","decl":{"start":{"line":141,"column":2},"end":{"line":141,"column":7}},"loc":{"start":{"line":141,"column":61},"end":{"line":143,"column":3}}},"13":{"name":"(anonymous_13)","decl":{"start":{"line":152,"column":2},"end":{"line":152,"column":7}},"loc":{"start":{"line":152,"column":60},"end":{"line":154,"column":3}}},"14":{"name":"(anonymous_14)","decl":{"start":{"line":163,"column":2},"end":{"line":163,"column":7}},"loc":{"start":{"line":163,"column":59},"end":{"line":165,"column":3}}},"15":{"name":"(anonymous_15)","decl":{"start":{"line":170,"column":2},"end":{"line":170,"column":7}},"loc":{"start":{"line":170,"column":38},"end":{"line":172,"column":3}}},"16":{"name":"(anonymous_16)","decl":{"start":{"line":181,"column":2},"end":{"line":181,"column":7}},"loc":{"start":{"line":181,"column":78},"end":{"line":188,"column":3}}},"17":{"name":"(anonymous_17)","decl":{"start":{"line":195,"column":2},"end":{"line":195,"column":7}},"loc":{"start":{"line":195,"column":92},"end":{"line":197,"column":3}}},"18":{"name":"(anonymous_18)","decl":{"start":{"line":204,"column":2},"end":{"line":204,"column":7}},"loc":{"start":{"line":204,"column":103},"end":{"line":210,"column":3}}},"19":{"name":"(anonymous_19)","decl":{"start":{"line":218,"column":2},"end":{"line":218,"column":7}},"loc":{"start":{"line":218,"column":119},"end":{"line":220,"column":3}}},"20":{"name":"(anonymous_20)","decl":{"start":{"line":227,"column":2},"end":{"line":227,"column":7}},"loc":{"start":{"line":227,"column":92},"end":{"line":229,"column":3}}},"21":{"name":"(anonymous_21)","decl":{"start":{"line":237,"column":2},"end":{"line":237,"column":7}},"loc":{"start":{"line":237,"column":123},"end":{"line":239,"column":3}}},"22":{"name":"(anonymous_22)","decl":{"start":{"line":242,"column":10},"end":{"line":242,"column":23}},"loc":{"start":{"line":242,"column":86},"end":{"line":246,"column":3}}},"23":{"name":"(anonymous_23)","decl":{"start":{"line":249,"column":10},"end":{"line":249,"column":32}},"loc":{"start":{"line":249,"column":66},"end":{"line":251,"column":3}}}},"branchMap":{"0":{"loc":{"start":{"line":39,"column":14},"end":{"line":39,"column":34}},"type":"default-arg","locations":[{"start":{"line":39,"column":32},"end":{"line":39,"column":34}}]},"1":{"loc":{"start":{"line":39,"column":36},"end":{"line":39,"column":62}},"type":"default-arg","locations":[{"start":{"line":39,"column":48},"end":{"line":39,"column":62}}]},"2":{"loc":{"start":{"line":52,"column":75},"end":{"line":52,"column":101}},"type":"default-arg","locations":[{"start":{"line":52,"column":87},"end":{"line":52,"column":101}}]},"3":{"loc":{"start":{"line":66,"column":4},"end":{"line":66,"column":null}},"type":"if","locations":[{"start":{"line":66,"column":4},"end":{"line":66,"column":null}}]},"4":{"loc":{"start":{"line":74,"column":4},"end":{"line":79,"column":null}},"type":"if","locations":[{"start":{"line":74,"column":4},"end":{"line":79,"column":null}}]},"5":{"loc":{"start":{"line":76,"column":6},"end":{"line":76,"column":null}},"type":"if","locations":[{"start":{"line":76,"column":6},"end":{"line":76,"column":null}}]},"6":{"loc":{"start":{"line":82,"column":4},"end":{"line":82,"column":null}},"type":"if","locations":[{"start":{"line":82,"column":4},"end":{"line":82,"column":null}}]},"7":{"loc":{"start":{"line":182,"column":4},"end":{"line":187,"column":null}},"type":"switch","locations":[{"start":{"line":183,"column":6},"end":{"line":184,"column":null}},{"start":{"line":185,"column":6},"end":{"line":186,"column":null}}]},"8":{"loc":{"start":{"line":205,"column":4},"end":{"line":207,"column":null}},"type":"if","locations":[{"start":{"line":205,"column":4},"end":{"line":207,"column":null}}]},"9":{"loc":{"start":{"line":209,"column":11},"end":{"line":209,"column":29}},"type":"binary-expr","locations":[{"start":{"line":209,"column":11},"end":{"line":209,"column":23}},{"start":{"line":209,"column":27},"end":{"line":209,"column":29}}]},"10":{"loc":{"start":{"line":243,"column":4},"end":{"line":245,"column":null}},"type":"if","locations":[{"start":{"line":243,"column":4},"end":{"line":245,"column":null}}]},"11":{"loc":{"start":{"line":250,"column":11},"end":{"line":250,"column":156}},"type":"cond-expr","locations":[{"start":{"line":250,"column":38},"end":{"line":250,"column":79}},{"start":{"line":250,"column":82},"end":{"line":250,"column":156}}]},"12":{"loc":{"start":{"line":250,"column":82},"end":{"line":250,"column":156}},"type":"cond-expr","locations":[{"start":{"line":250,"column":109},"end":{"line":250,"column":149}},{"start":{"line":250,"column":152},"end":{"line":250,"column":156}}]}},"s":{"0":48,"1":48,"2":48,"3":48,"4":48,"5":48,"6":48,"7":48,"8":48,"9":48,"10":22,"11":22,"12":22,"13":31,"14":31,"15":31,"16":31,"17":31,"18":31,"19":31,"20":31,"21":31,"22":1,"23":1,"24":30,"25":30,"26":7,"27":7,"28":6,"29":6,"30":1,"31":1,"32":23,"33":23,"34":1,"35":1,"36":22,"37":22,"38":1,"39":1,"40":17,"41":1,"42":1,"43":1,"44":4,"45":2,"46":1,"47":2,"48":1,"49":1,"50":29,"51":30,"52":1,"53":29,"54":5,"55":26,"56":21,"57":62,"58":58,"59":62,"60":48},"f":{"0":22,"1":31,"2":1,"3":6,"4":1,"5":1,"6":22,"7":1,"8":1,"9":17,"10":1,"11":1,"12":1,"13":4,"14":2,"15":1,"16":2,"17":29,"18":30,"19":5,"20":26,"21":21,"22":62,"23":62},"b":{"0":[1],"1":[21],"2":[27],"3":[1],"4":[7],"5":[6],"6":[1],"7":[1,1],"8":[1],"9":[29,29],"10":[58],"11":[2,60],"12":[2,58]}}
,"/Users/dario/Personal/@queelag/core/src/modules/base16.ts": {"path":"/Users/dario/Personal/@queelag/core/src/modules/base16.ts","statementMap":{"0":{"start":{"line":1,"column":0},"end":{"line":1,"column":32}},"1":{"start":{"line":13,"column":4},"end":{"line":13,"column":null}},"2":{"start":{"line":20,"column":4},"end":{"line":20,"column":null}},"3":{"start":{"line":8,"column":0},"end":{"line":8,"column":13}}},"fnMap":{"0":{"name":"(anonymous_0)","decl":{"start":{"line":12,"column":2},"end":{"line":12,"column":8}},"loc":{"start":{"line":12,"column":30},"end":{"line":14,"column":3}}},"1":{"name":"(anonymous_1)","decl":{"start":{"line":19,"column":2},"end":{"line":19,"column":8}},"loc":{"start":{"line":19,"column":33},"end":{"line":21,"column":3}}}},"branchMap":{},"s":{"0":48,"1":2,"2":2,"3":48},"f":{"0":2,"1":2},"b":{}}
,"/Users/dario/Personal/@queelag/core/src/modules/base32.ts": {"path":"/Users/dario/Personal/@queelag/core/src/modules/base32.ts","statementMap":{"0":{"start":{"line":1,"column":0},"end":{"line":1,"column":32}},"1":{"start":{"line":13,"column":4},"end":{"line":13,"column":null}},"2":{"start":{"line":20,"column":4},"end":{"line":20,"column":null}},"3":{"start":{"line":8,"column":0},"end":{"line":8,"column":13}}},"fnMap":{"0":{"name":"(anonymous_0)","decl":{"start":{"line":12,"column":2},"end":{"line":12,"column":8}},"loc":{"start":{"line":12,"column":30},"end":{"line":14,"column":3}}},"1":{"name":"(anonymous_1)","decl":{"start":{"line":19,"column":2},"end":{"line":19,"column":8}},"loc":{"start":{"line":19,"column":33},"end":{"line":21,"column":3}}}},"branchMap":{},"s":{"0":48,"1":2,"2":2,"3":48},"f":{"0":2,"1":2},"b":{}}
,"/Users/dario/Personal/@queelag/core/src/modules/base64.ts": {"path":"/Users/dario/Personal/@queelag/core/src/modules/base64.ts","statementMap":{"0":{"start":{"line":1,"column":0},"end":{"line":1,"column":32}},"1":{"start":{"line":13,"column":4},"end":{"line":13,"column":null}},"2":{"start":{"line":20,"column":4},"end":{"line":20,"column":null}},"3":{"start":{"line":8,"column":0},"end":{"line":8,"column":13}}},"fnMap":{"0":{"name":"(anonymous_0)","decl":{"start":{"line":12,"column":2},"end":{"line":12,"column":8}},"loc":{"start":{"line":12,"column":30},"end":{"line":14,"column":3}}},"1":{"name":"(anonymous_1)","decl":{"start":{"line":19,"column":2},"end":{"line":19,"column":8}},"loc":{"start":{"line":19,"column":33},"end":{"line":21,"column":3}}}},"branchMap":{},"s":{"0":48,"1":2,"2":2,"3":48},"f":{"0":2,"1":2},"b":{}}
,"/Users/dario/Personal/@queelag/core/src/modules/cache.ts": {"path":"/Users/dario/Personal/@queelag/core/src/modules/cache.ts","statementMap":{"0":{"start":{"line":3,"column":39},"end":{"line":3,"column":48}},"1":{"start":{"line":2,"column":0},"end":{"line":2,"column":13}}},"fnMap":{},"branchMap":{},"s":{"0":48,"1":48},"f":{},"b":{}}
,"/Users/dario/Personal/@queelag/core/src/modules/configuration.ts": {"path":"/Users/dario/Personal/@queelag/core/src/modules/configuration.ts","statementMap":{"0":{"start":{"line":1,"column":0},"end":{"line":1,"column":71}},"1":{"start":{"line":5,"column":39},"end":{"line":5,"column":69}},"2":{"start":{"line":4,"column":0},"end":{"line":4,"column":13}}},"fnMap":{},"branchMap":{},"s":{"0":48,"1":48,"2":48},"f":{},"b":{}}
,"/Users/dario/Personal/@queelag/core/src/modules/cookie.ts": {"path":"/Users/dario/Personal/@queelag/core/src/modules/cookie.ts","statementMap":{"0":{"start":{"line":1,"column":0},"end":{"line":1,"column":85}},"1":{"start":{"line":2,"column":0},"end":{"line":2,"column":64}},"2":{"start":{"line":4,"column":0},"end":{"line":4,"column":36}},"3":{"start":{"line":5,"column":0},"end":{"line":5,"column":36}},"4":{"start":{"line":6,"column":0},"end":{"line":6,"column":55}},"5":{"start":{"line":7,"column":0},"end":{"line":7,"column":57}},"6":{"start":{"line":15,"column":32},"end":{"line":15,"column":53}},"7":{"start":{"line":28,"column":4},"end":{"line":28,"column":null}},"8":{"start":{"line":29,"column":4},"end":{"line":29,"column":null}},"9":{"start":{"line":29,"column":33},"end":{"line":29,"column":null}},"10":{"start":{"line":31,"column":4},"end":{"line":31,"column":null}},"11":{"start":{"line":33,"column":4},"end":{"line":33,"column":null}},"12":{"start":{"line":35,"column":4},"end":{"line":43,"column":null}},"13":{"start":{"line":36,"column":6},"end":{"line":39,"column":null}},"14":{"start":{"line":37,"column":8},"end":{"line":37,"column":null}},"15":{"start":{"line":38,"column":8},"end":{"line":38,"column":16}},"16":{"start":{"line":41,"column":6},"end":{"line":41,"column":null}},"17":{"start":{"line":42,"column":6},"end":{"line":42,"column":null}},"18":{"start":{"line":45,"column":4},"end":{"line":45,"column":null}},"19":{"start":{"line":54,"column":4},"end":{"line":71,"column":null}},"20":{"start":{"line":57,"column":6},"end":{"line":57,"column":null}},"21":{"start":{"line":58,"column":6},"end":{"line":58,"column":null}},"22":{"start":{"line":58,"column":35},"end":{"line":58,"column":null}},"23":{"start":{"line":60,"column":6},"end":{"line":60,"column":null}},"24":{"start":{"line":62,"column":6},"end":{"line":70,"column":null}},"25":{"start":{"line":63,"column":8},"end":{"line":66,"column":null}},"26":{"start":{"line":64,"column":10},"end":{"line":64,"column":null}},"27":{"start":{"line":65,"column":10},"end":{"line":65,"column":18}},"28":{"start":{"line":68,"column":8},"end":{"line":68,"column":null}},"29":{"start":{"line":69,"column":8},"end":{"line":69,"column":null}},"30":{"start":{"line":73,"column":4},"end":{"line":83,"column":null}},"31":{"start":{"line":76,"column":6},"end":{"line":76,"column":null}},"32":{"start":{"line":77,"column":6},"end":{"line":77,"column":null}},"33":{"start":{"line":77,"column":39},"end":{"line":77,"column":null}},"34":{"start":{"line":77,"column":55},"end":{"line":77,"column":135}},"35":{"start":{"line":79,"column":6},"end":{"line":79,"column":null}},"36":{"start":{"line":80,"column":6},"end":{"line":80,"column":null}},"37":{"start":{"line":82,"column":6},"end":{"line":82,"column":12}},"38":{"start":{"line":98,"column":4},"end":{"line":101,"column":null}},"39":{"start":{"line":99,"column":6},"end":{"line":99,"column":null}},"40":{"start":{"line":100,"column":6},"end":{"line":100,"column":null}},"41":{"start":{"line":103,"column":4},"end":{"line":112,"column":null}},"42":{"start":{"line":106,"column":6},"end":{"line":106,"column":null}},"43":{"start":{"line":107,"column":6},"end":{"line":108,"column":null}},"44":{"start":{"line":108,"column":8},"end":{"line":108,"column":null}},"45":{"start":{"line":108,"column":24},"end":{"line":108,"column":120}},"46":{"start":{"line":110,"column":6},"end":{"line":110,"column":null}},"47":{"start":{"line":111,"column":6},"end":{"line":111,"column":null}},"48":{"start":{"line":120,"column":4},"end":{"line":120,"column":null}},"49":{"start":{"line":120,"column":20},"end":{"line":120,"column":42}},"50":{"start":{"line":127,"column":4},"end":{"line":127,"column":null}},"51":{"start":{"line":127,"column":20},"end":{"line":127,"column":50}},"52":{"start":{"line":14,"column":0},"end":{"line":14,"column":13}}},"fnMap":{"0":{"name":"(anonymous_0)","decl":{"start":{"line":18,"column":2},"end":{"line":18,"column":17}},"loc":{"start":{"line":18,"column":2},"end":{"line":18,"column":18}}},"1":{"name":"(anonymous_1)","decl":{"start":{"line":25,"column":2},"end":{"line":25,"column":8}},"loc":{"start":{"line":25,"column":85},"end":{"line":46,"column":3}}},"2":{"name":"(anonymous_2)","decl":{"start":{"line":53,"column":2},"end":{"line":53,"column":8}},"loc":{"start":{"line":53,"column":129},"end":{"line":84,"column":3}}},"3":{"name":"(anonymous_3)","decl":{"start":{"line":77,"column":49},"end":{"line":77,"column":52}},"loc":{"start":{"line":77,"column":55},"end":{"line":77,"column":135}}},"4":{"name":"(anonymous_4)","decl":{"start":{"line":91,"column":2},"end":{"line":91,"column":8}},"loc":{"start":{"line":96,"column":40},"end":{"line":113,"column":3}}},"5":{"name":"(anonymous_5)","decl":{"start":{"line":108,"column":18},"end":{"line":108,"column":21}},"loc":{"start":{"line":108,"column":24},"end":{"line":108,"column":120}}},"6":{"name":"(anonymous_6)","decl":{"start":{"line":119,"column":2},"end":{"line":119,"column":8}},"loc":{"start":{"line":119,"column":59},"end":{"line":121,"column":3}}},"7":{"name":"(anonymous_7)","decl":{"start":{"line":120,"column":14},"end":{"line":120,"column":17}},"loc":{"start":{"line":120,"column":20},"end":{"line":120,"column":42}}},"8":{"name":"(anonymous_8)","decl":{"start":{"line":126,"column":2},"end":{"line":126,"column":8}},"loc":{"start":{"line":126,"column":79},"end":{"line":128,"column":3}}},"9":{"name":"(anonymous_9)","decl":{"start":{"line":127,"column":14},"end":{"line":127,"column":17}},"loc":{"start":{"line":127,"column":20},"end":{"line":127,"column":50}}}},"branchMap":{"0":{"loc":{"start":{"line":25,"column":49},"end":{"line":25,"column":85}},"type":"default-arg","locations":[{"start":{"line":25,"column":72},"end":{"line":25,"column":85}}]},"1":{"loc":{"start":{"line":29,"column":4},"end":{"line":29,"column":null}},"type":"if","locations":[{"start":{"line":29,"column":4},"end":{"line":29,"column":null}}]},"2":{"loc":{"start":{"line":36,"column":6},"end":{"line":39,"column":null}},"type":"if","locations":[{"start":{"line":36,"column":6},"end":{"line":39,"column":null}}]},"3":{"loc":{"start":{"line":53,"column":93},"end":{"line":53,"column":129}},"type":"default-arg","locations":[{"start":{"line":53,"column":116},"end":{"line":53,"column":129}}]},"4":{"loc":{"start":{"line":54,"column":4},"end":{"line":71,"column":null}},"type":"if","locations":[{"start":{"line":54,"column":4},"end":{"line":71,"column":null}}]},"5":{"loc":{"start":{"line":58,"column":6},"end":{"line":58,"column":null}},"type":"if","locations":[{"start":{"line":58,"column":6},"end":{"line":58,"column":null}}]},"6":{"loc":{"start":{"line":63,"column":8},"end":{"line":66,"column":null}},"type":"if","locations":[{"start":{"line":63,"column":8},"end":{"line":66,"column":null}}]},"7":{"loc":{"start":{"line":77,"column":6},"end":{"line":77,"column":null}},"type":"if","locations":[{"start":{"line":77,"column":6},"end":{"line":77,"column":null}}]},"8":{"loc":{"start":{"line":94,"column":4},"end":{"line":94,"column":40}},"type":"default-arg","locations":[{"start":{"line":94,"column":38},"end":{"line":94,"column":40}}]},"9":{"loc":{"start":{"line":96,"column":4},"end":{"line":96,"column":40}},"type":"default-arg","locations":[{"start":{"line":96,"column":27},"end":{"line":96,"column":40}}]},"10":{"loc":{"start":{"line":98,"column":4},"end":{"line":101,"column":null}},"type":"if","locations":[{"start":{"line":98,"column":4},"end":{"line":101,"column":null}}]},"11":{"loc":{"start":{"line":107,"column":6},"end":{"line":108,"column":null}},"type":"if","locations":[{"start":{"line":107,"column":6},"end":{"line":108,"column":null}}]}},"s":{"0":48,"1":48,"2":48,"3":48,"4":48,"5":48,"6":48,"7":5,"8":5,"9":1,"10":4,"11":4,"12":4,"13":9,"14":2,"15":2,"16":7,"17":7,"18":4,"19":4,"20":2,"21":2,"22":1,"23":1,"24":1,"25":3,"26":1,"27":1,"28":2,"29":2,"30":3,"31":3,"32":3,"33":1,"34":1,"35":2,"36":2,"37":2,"38":3,"39":3,"40":3,"41":3,"42":4,"43":4,"44":1,"45":1,"46":3,"47":3,"48":10,"49":10,"50":6,"51":6,"52":48},"f":{"0":0,"1":5,"2":4,"3":1,"4":3,"5":1,"6":10,"7":10,"8":6,"9":6},"b":{"0":[5],"1":[1],"2":[2],"3":[4],"4":[2],"5":[1],"6":[1],"7":[1],"8":[2],"9":[3],"10":[3],"11":[1]}}
,"/Users/dario/Personal/@queelag/core/src/modules/debounce.ts": {"path":"/Users/dario/Personal/@queelag/core/src/modules/debounce.ts","statementMap":{"0":{"start":{"line":1,"column":0},"end":{"line":1,"column":55}},"1":{"start":{"line":10,"column":64},"end":{"line":10,"column":73}},"2":{"start":{"line":19,"column":4},"end":{"line":19,"column":null}},"3":{"start":{"line":20,"column":4},"end":{"line":20,"column":null}},"4":{"start":{"line":22,"column":4},"end":{"line":22,"column":null}},"5":{"start":{"line":23,"column":4},"end":{"line":23,"column":null}},"6":{"start":{"line":8,"column":0},"end":{"line":8,"column":13}}},"fnMap":{"0":{"name":"(anonymous_0)","decl":{"start":{"line":13,"column":2},"end":{"line":13,"column":17}},"loc":{"start":{"line":13,"column":2},"end":{"line":13,"column":18}}},"1":{"name":"(anonymous_1)","decl":{"start":{"line":18,"column":2},"end":{"line":18,"column":8}},"loc":{"start":{"line":18,"column":41},"end":{"line":24,"column":3}}}},"branchMap":{},"s":{"0":48,"1":48,"2":3,"3":3,"4":3,"5":3,"6":48},"f":{"0":0,"1":3},"b":{}}
,"/Users/dario/Personal/@queelag/core/src/modules/deferred.promise.ts": {"path":"/Users/dario/Personal/@queelag/core/src/modules/deferred.promise.ts","statementMap":{"0":{"start":{"line":1,"column":0},"end":{"line":1,"column":38}},"1":{"start":{"line":15,"column":4},"end":{"line":18,"column":null}},"2":{"start":{"line":16,"column":6},"end":{"line":16,"column":null}},"3":{"start":{"line":17,"column":6},"end":{"line":17,"column":null}},"4":{"start":{"line":27,"column":4},"end":{"line":27,"column":null}},"5":{"start":{"line":27,"column":14},"end":{"line":27,"column":45}},"6":{"start":{"line":28,"column":4},"end":{"line":28,"column":null}},"7":{"start":{"line":38,"column":4},"end":{"line":38,"column":null}},"8":{"start":{"line":38,"column":14},"end":{"line":38,"column":46}},"9":{"start":{"line":39,"column":4},"end":{"line":39,"column":null}},"10":{"start":{"line":62,"column":4},"end":{"line":62,"column":null}},"11":{"start":{"line":62,"column":14},"end":{"line":62,"column":57}},"12":{"start":{"line":63,"column":4},"end":{"line":63,"column":null}},"13":{"start":{"line":8,"column":0},"end":{"line":8,"column":13}}},"fnMap":{"0":{"name":"(anonymous_0)","decl":{"start":{"line":14,"column":2},"end":{"line":14,"column":null}},"loc":{"start":{"line":14,"column":2},"end":{"line":19,"column":3}}},"1":{"name":"(anonymous_1)","decl":{"start":{"line":15,"column":32},"end":{"line":15,"column":33}},"loc":{"start":{"line":15,"column":109},"end":{"line":18,"column":5}}},"2":{"name":"(anonymous_2)","decl":{"start":{"line":26,"column":2},"end":{"line":26,"column":7}},"loc":{"start":{"line":26,"column":106},"end":{"line":29,"column":3}}},"3":{"name":"(anonymous_3)","decl":{"start":{"line":27,"column":8},"end":{"line":27,"column":11}},"loc":{"start":{"line":27,"column":14},"end":{"line":27,"column":45}}},"4":{"name":"(anonymous_4)","decl":{"start":{"line":37,"column":2},"end":{"line":37,"column":9}},"loc":{"start":{"line":37,"column":53},"end":{"line":40,"column":3}}},"5":{"name":"(anonymous_5)","decl":{"start":{"line":38,"column":8},"end":{"line":38,"column":11}},"loc":{"start":{"line":38,"column":14},"end":{"line":38,"column":46}}},"6":{"name":"(anonymous_6)","decl":{"start":{"line":45,"column":2},"end":{"line":45,"column":8}},"loc":{"start":{"line":45,"column":21},"end":{"line":45,"column":31}}},"7":{"name":"(anonymous_7)","decl":{"start":{"line":50,"column":2},"end":{"line":50,"column":9}},"loc":{"start":{"line":50,"column":35},"end":{"line":50,"column":45}}},"8":{"name":"(anonymous_8)","decl":{"start":{"line":58,"column":2},"end":{"line":58,"column":6}},"loc":{"start":{"line":60,"column":87},"end":{"line":64,"column":3}}},"9":{"name":"(anonymous_9)","decl":{"start":{"line":62,"column":8},"end":{"line":62,"column":11}},"loc":{"start":{"line":62,"column":14},"end":{"line":62,"column":57}}}},"branchMap":{},"s":{"0":48,"1":2,"2":2,"3":2,"4":2,"5":2,"6":2,"7":2,"8":2,"9":2,"10":2,"11":2,"12":2,"13":48},"f":{"0":2,"1":2,"2":2,"3":2,"4":2,"5":2,"6":0,"7":0,"8":2,"9":2},"b":{}}
,"/Users/dario/Personal/@queelag/core/src/modules/environment.ts": {"path":"/Users/dario/Personal/@queelag/core/src/modules/environment.ts","statementMap":{"0":{"start":{"line":1,"column":0},"end":{"line":1,"column":40}},"1":{"start":{"line":2,"column":0},"end":{"line":2,"column":36}},"2":{"start":{"line":16,"column":4},"end":{"line":16,"column":null}},"3":{"start":{"line":16,"column":21},"end":{"line":16,"column":37}},"4":{"start":{"line":17,"column":4},"end":{"line":17,"column":null}},"5":{"start":{"line":17,"column":32},"end":{"line":17,"column":null}},"6":{"start":{"line":19,"column":4},"end":{"line":19,"column":null}},"7":{"start":{"line":28,"column":4},"end":{"line":28,"column":null}},"8":{"start":{"line":28,"column":21},"end":{"line":28,"column":37}},"9":{"start":{"line":29,"column":4},"end":{"line":29,"column":null}},"10":{"start":{"line":29,"column":64},"end":{"line":29,"column":null}},"11":{"start":{"line":31,"column":4},"end":{"line":31,"column":null}},"12":{"start":{"line":55,"column":4},"end":{"line":55,"column":null}},"13":{"start":{"line":62,"column":4},"end":{"line":62,"column":null}},"14":{"start":{"line":69,"column":4},"end":{"line":69,"column":null}},"15":{"start":{"line":76,"column":4},"end":{"line":76,"column":null}},"16":{"start":{"line":83,"column":4},"end":{"line":83,"column":null}},"17":{"start":{"line":90,"column":4},"end":{"line":90,"column":null}},"18":{"start":{"line":97,"column":4},"end":{"line":97,"column":null}},"19":{"start":{"line":104,"column":4},"end":{"line":104,"column":null}},"20":{"start":{"line":111,"column":4},"end":{"line":111,"column":null}},"21":{"start":{"line":118,"column":4},"end":{"line":118,"column":null}},"22":{"start":{"line":125,"column":4},"end":{"line":125,"column":null}},"23":{"start":{"line":125,"column":27},"end":{"line":125,"column":53}},"24":{"start":{"line":132,"column":4},"end":{"line":132,"column":null}},"25":{"start":{"line":132,"column":27},"end":{"line":132,"column":53}},"26":{"start":{"line":139,"column":4},"end":{"line":139,"column":null}},"27":{"start":{"line":146,"column":4},"end":{"line":146,"column":null}},"28":{"start":{"line":153,"column":4},"end":{"line":153,"column":null}},"29":{"start":{"line":160,"column":4},"end":{"line":160,"column":null}},"30":{"start":{"line":167,"column":4},"end":{"line":167,"column":null}},"31":{"start":{"line":174,"column":4},"end":{"line":174,"column":null}},"32":{"start":{"line":181,"column":4},"end":{"line":181,"column":null}},"33":{"start":{"line":188,"column":4},"end":{"line":188,"column":null}},"34":{"start":{"line":194,"column":4},"end":{"line":194,"column":null}},"35":{"start":{"line":194,"column":24},"end":{"line":194,"column":44}},"36":{"start":{"line":195,"column":4},"end":{"line":195,"column":null}},"37":{"start":{"line":195,"column":35},"end":{"line":195,"column":null}},"38":{"start":{"line":197,"column":4},"end":{"line":197,"column":null}},"39":{"start":{"line":9,"column":0},"end":{"line":9,"column":13}}},"fnMap":{"0":{"name":"(anonymous_0)","decl":{"start":{"line":13,"column":2},"end":{"line":13,"column":8}},"loc":{"start":{"line":13,"column":24},"end":{"line":20,"column":3}}},"1":{"name":"(anonymous_1)","decl":{"start":{"line":16,"column":15},"end":{"line":16,"column":18}},"loc":{"start":{"line":16,"column":21},"end":{"line":16,"column":37}}},"2":{"name":"(anonymous_2)","decl":{"start":{"line":25,"column":2},"end":{"line":25,"column":8}},"loc":{"start":{"line":25,"column":24},"end":{"line":32,"column":3}}},"3":{"name":"(anonymous_3)","decl":{"start":{"line":28,"column":15},"end":{"line":28,"column":18}},"loc":{"start":{"line":28,"column":21},"end":{"line":28,"column":37}}},"4":{"name":"(anonymous_4)","decl":{"start":{"line":54,"column":2},"end":{"line":54,"column":8}},"loc":{"start":{"line":54,"column":26},"end":{"line":56,"column":3}}},"5":{"name":"(anonymous_5)","decl":{"start":{"line":61,"column":2},"end":{"line":61,"column":8}},"loc":{"start":{"line":61,"column":29},"end":{"line":63,"column":3}}},"6":{"name":"(anonymous_6)","decl":{"start":{"line":68,"column":2},"end":{"line":68,"column":8}},"loc":{"start":{"line":68,"column":26},"end":{"line":70,"column":3}}},"7":{"name":"(anonymous_7)","decl":{"start":{"line":75,"column":2},"end":{"line":75,"column":8}},"loc":{"start":{"line":75,"column":29},"end":{"line":77,"column":3}}},"8":{"name":"(anonymous_8)","decl":{"start":{"line":82,"column":2},"end":{"line":82,"column":8}},"loc":{"start":{"line":82,"column":27},"end":{"line":84,"column":3}}},"9":{"name":"(anonymous_9)","decl":{"start":{"line":89,"column":2},"end":{"line":89,"column":8}},"loc":{"start":{"line":89,"column":30},"end":{"line":91,"column":3}}},"10":{"name":"(anonymous_10)","decl":{"start":{"line":96,"column":2},"end":{"line":96,"column":8}},"loc":{"start":{"line":96,"column":26},"end":{"line":98,"column":3}}},"11":{"name":"(anonymous_11)","decl":{"start":{"line":103,"column":2},"end":{"line":103,"column":8}},"loc":{"start":{"line":103,"column":29},"end":{"line":105,"column":3}}},"12":{"name":"(anonymous_12)","decl":{"start":{"line":110,"column":2},"end":{"line":110,"column":8}},"loc":{"start":{"line":110,"column":30},"end":{"line":112,"column":3}}},"13":{"name":"(anonymous_13)","decl":{"start":{"line":117,"column":2},"end":{"line":117,"column":8}},"loc":{"start":{"line":117,"column":33},"end":{"line":119,"column":3}}},"14":{"name":"(anonymous_14)","decl":{"start":{"line":124,"column":2},"end":{"line":124,"column":8}},"loc":{"start":{"line":124,"column":19},"end":{"line":126,"column":3}}},"15":{"name":"(anonymous_15)","decl":{"start":{"line":125,"column":21},"end":{"line":125,"column":24}},"loc":{"start":{"line":125,"column":27},"end":{"line":125,"column":53}}},"16":{"name":"(anonymous_16)","decl":{"start":{"line":131,"column":2},"end":{"line":131,"column":8}},"loc":{"start":{"line":131,"column":22},"end":{"line":133,"column":3}}},"17":{"name":"(anonymous_17)","decl":{"start":{"line":132,"column":21},"end":{"line":132,"column":24}},"loc":{"start":{"line":132,"column":27},"end":{"line":132,"column":53}}},"18":{"name":"(anonymous_18)","decl":{"start":{"line":138,"column":2},"end":{"line":138,"column":8}},"loc":{"start":{"line":138,"column":25},"end":{"line":140,"column":3}}},"19":{"name":"(anonymous_19)","decl":{"start":{"line":145,"column":2},"end":{"line":145,"column":8}},"loc":{"start":{"line":145,"column":28},"end":{"line":147,"column":3}}},"20":{"name":"(anonymous_20)","decl":{"start":{"line":152,"column":2},"end":{"line":152,"column":8}},"loc":{"start":{"line":152,"column":19},"end":{"line":154,"column":3}}},"21":{"name":"(anonymous_21)","decl":{"start":{"line":159,"column":2},"end":{"line":159,"column":8}},"loc":{"start":{"line":159,"column":22},"end":{"line":161,"column":3}}},"22":{"name":"(anonymous_22)","decl":{"start":{"line":166,"column":2},"end":{"line":166,"column":8}},"loc":{"start":{"line":166,"column":29},"end":{"line":168,"column":3}}},"23":{"name":"(anonymous_23)","decl":{"start":{"line":173,"column":2},"end":{"line":173,"column":8}},"loc":{"start":{"line":173,"column":32},"end":{"line":175,"column":3}}},"24":{"name":"(anonymous_24)","decl":{"start":{"line":180,"column":2},"end":{"line":180,"column":8}},"loc":{"start":{"line":180,"column":28},"end":{"line":182,"column":3}}},"25":{"name":"(anonymous_25)","decl":{"start":{"line":187,"column":2},"end":{"line":187,"column":8}},"loc":{"start":{"line":187,"column":31},"end":{"line":189,"column":3}}},"26":{"name":"(anonymous_26)","decl":{"start":{"line":191,"column":2},"end":{"line":191,"column":8}},"loc":{"start":{"line":191,"column":21},"end":{"line":198,"column":3}}},"27":{"name":"(anonymous_27)","decl":{"start":{"line":194,"column":18},"end":{"line":194,"column":21}},"loc":{"start":{"line":194,"column":24},"end":{"line":194,"column":44}}}},"branchMap":{"0":{"loc":{"start":{"line":17,"column":4},"end":{"line":17,"column":null}},"type":"if","locations":[{"start":{"line":17,"column":4},"end":{"line":17,"column":null}}]},"1":{"loc":{"start":{"line":19,"column":11},"end":{"line":19,"column":22}},"type":"binary-expr","locations":[{"start":{"line":19,"column":11},"end":{"line":19,"column":16}},{"start":{"line":19,"column":20},"end":{"line":19,"column":22}}]},"2":{"loc":{"start":{"line":29,"column":4},"end":{"line":29,"column":null}},"type":"if","locations":[{"start":{"line":29,"column":4},"end":{"line":29,"column":null}}]},"3":{"loc":{"start":{"line":29,"column":8},"end":{"line":29,"column":62}},"type":"binary-expr","locations":[{"start":{"line":29,"column":8},"end":{"line":29,"column":30}},{"start":{"line":29,"column":34},"end":{"line":29,"column":62}}]},"4":{"loc":{"start":{"line":195,"column":4},"end":{"line":195,"column":null}},"type":"if","locations":[{"start":{"line":195,"column":4},"end":{"line":195,"column":
[...]
,"/Users/dario/Personal/@queelag/core/src/utils/query.parameters.utils.ts": {"path":"/Users/dario/Personal/@queelag/core/src/utils/query.parameters.utils.ts","statementMap":{"0":{"start":{"line":7,"column":2},"end":{"line":9,"column":null}},"1":{"start":{"line":8,"column":31},"end":{"line":8,"column":42}},"2":{"start":{"line":6,"column":0},"end":{"line":6,"column":16}}},"fnMap":{"0":{"name":"convertQueryParametersObjectToString","decl":{"start":{"line":6,"column":16},"end":{"line":6,"column":52}},"loc":{"start":{"line":6,"column":84},"end":{"line":10,"column":1}}},"1":{"name":"(anonymous_1)","decl":{"start":{"line":8,"column":9},"end":{"line":8,"column":10}},"loc":{"start":{"line":8,"column":31},"end":{"line":8,"column":42}}}},"branchMap":{},"s":{"0":1,"1":1,"2":48},"f":{"0":1,"1":1},"b":{}}
,"/Users/dario/Personal/@queelag/core/src/utils/string.utils.ts": {"path":"/Users/dario/Personal/@queelag/core/src/utils/string.utils.ts","statementMap":{"0":{"start":{"line":1,"column":0},"end":{"line":1,"column":117}},"1":{"start":{"line":2,"column":0},"end":{"line":2,"column":36}},"2":{"start":{"line":8,"column":2},"end":{"line":8,"column":null}},"3":{"start":{"line":7,"column":0},"end":{"line":7,"column":16}},"4":{"start":{"line":17,"column":2},"end":{"line":17,"column":null}},"5":{"start":{"line":18,"column":2},"end":{"line":18,"column":null}},"6":{"start":{"line":20,"column":2},"end":{"line":39,"column":null}},"7":{"start":{"line":20,"column":15},"end":{"line":20,"column":16}},"8":{"start":{"line":21,"column":4},"end":{"line":24,"column":null}},"9":{"start":{"line":22,"column":6},"end":{"line":22,"column":null}},"10":{"start":{"line":23,"column":6},"end":{"line":23,"column":14}},"11":{"start":{"line":26,"column":4},"end":{"line":29,"column":null}},"12":{"start":{"line":27,"column":6},"end":{"line":27,"column":null}},"13":{"start":{"line":28,"column":6},"end":{"line":28,"column":14}},"14":{"start":{"line":31,"column":4},"end":{"line":36,"column":null}},"15":{"start":{"line":32,"column":6},"end":{"line":32,"column":null}},"16":{"start":{"line":33,"column":6},"end":{"line":33,"column":null}},"17":{"start":{"line":35,"column":6},"end":{"line":35,"column":14}},"18":{"start":{"line":38,"column":4},"end":{"line":38,"column":null}},"19":{"start":{"line":41,"column":2},"end":{"line":41,"column":null}},"20":{"start":{"line":14,"column":0},"end":{"line":14,"column":16}},"21":{"start":{"line":45,"column":23},"end":{"line":45,"column":25}},"22":{"start":{"line":47,"column":2},"end":{"line":59,"column":null}},"23":{"start":{"line":47,"column":15},"end":{"line":47,"column":16}},"24":{"start":{"line":48,"column":4},"end":{"line":51,"column":null}},"25":{"start":{"line":49,"column":6},"end":{"line":49,"column":null}},"26":{"start":{"line":50,"column":6},"end":{"line":50,"column":14}},"27":{"start":{"line":53,"column":4},"end":{"line":56,"column":null}},"28":{"start":{"line":54,"column":6},"end":{"line":54,"column":null}},"29":{"start":{"line":55,"column":6},"end":{"line":55,"column":14}},"30":{"start":{"line":58,"column":4},"end":{"line":58,"column":null}},"31":{"start":{"line":61,"column":2},"end":{"line":61,"column":null}},"32":{"start":{"line":68,"column":2},"end":{"line":68,"column":null}},"33":{"start":{"line":67,"column":0},"end":{"line":67,"column":16}},"34":{"start":{"line":75,"column":2},"end":{"line":75,"column":null}},"35":{"start":{"line":74,"column":0},"end":{"line":74,"column":16}},"36":{"start":{"line":84,"column":2},"end":{"line":84,"column":null}},"37":{"start":{"line":85,"column":2},"end":{"line":85,"column":null}},"38":{"start":{"line":87,"column":2},"end":{"line":101,"column":null}},"39":{"start":{"line":87,"column":15},"end":{"line":87,"column":16}},"40":{"start":{"line":88,"column":4},"end":{"line":91,"column":null}},"41":{"start":{"line":89,"column":6},"end":{"line":89,"column":null}},"42":{"start":{"line":90,"column":6},"end":{"line":90,"column":14}},"43":{"start":{"line":93,"column":4},"end":{"line":98,"column":null}},"44":{"start":{"line":94,"column":6},"end":{"line":94,"column":null}},"45":{"start":{"line":95,"column":6},"end":{"line":95,"column":null}},"46":{"start":{"line":97,"column":6},"end":{"line":97,"column":14}},"47":{"start":{"line":100,"column":4},"end":{"line":100,"column":null}},"48":{"start":{"line":103,"column":2},"end":{"line":103,"column":null}},"49":{"start":{"line":81,"column":0},"end":{"line":81,"column":16}},"50":{"start":{"line":110,"column":2},"end":{"line":110,"column":null}},"51":{"start":{"line":110,"column":20},"end":{"line":110,"column":38}},"52":{"start":{"line":109,"column":0},"end":{"line":109,"column":16}},"53":{"start":{"line":117,"column":2},"end":{"line":117,"column":null}},"54":{"start":{"line":117,"column":18},"end":{"line":117,"column":36}},"55":{"start":{"line":116,"column":0},"end":{"line":116,"column":16}},"56":{"start":{"line":124,"column":2},"end":{"line":124,"column":null}},"57":{"start":{"line":123,"column":0},"end":{"line":123,"column":16}},"58":{"start":{"line":131,"column":2},"end":{"line":133,"column":null}},"59":{"start":{"line":132,"column":4},"end":{"line":132,"column":null}},"60":{"start":{"line":135,"column":2},"end":{"line":135,"column":null}},"61":{"start":{"line":130,"column":0},"end":{"line":130,"column":16}}},"fnMap":{"0":{"name":"toCapitalizedString","decl":{"start":{"line":7,"column":16},"end":{"line":7,"column":35}},"loc":{"start":{"line":7,"column":78},"end":{"line":9,"column":1}}},"1":{"name":"toCamelCaseString","decl":{"start":{"line":14,"column":16},"end":{"line":14,"column":33}},"loc":{"start":{"line":14,"column":48},"end":{"line":42,"column":1}}},"2":{"name":"toSymbolSeparatedCaseString","decl":{"start":{"line":44,"column":9},"end":{"line":44,"column":36}},"loc":{"start":{"line":44,"column":67},"end":{"line":62,"column":1}}},"3":{"name":"toKebabCaseString","decl":{"start":{"line":67,"column":16},"end":{"line":67,"column":33}},"loc":{"start":{"line":67,"column":48},"end":{"line":69,"column":1}}},"4":{"name":"toSnakeCaseString","decl":{"start":{"line":74,"column":16},"end":{"line":74,"column":33}},"loc":{"start":{"line":74,"column":48},"end":{"line":76,"column":1}}},"5":{"name":"toStartCaseString","decl":{"start":{"line":81,"column":16},"end":{"line":81,"column":33}},"loc":{"start":{"line":81,"column":48},"end":{"line":104,"column":1}}},"6":{"name":"isStringJSON","decl":{"start":{"line":109,"column":16},"end":{"line":109,"column":28}},"loc":{"start":{"line":109,"column":43},"end":{"line":111,"column":1}}},"7":{"name":"(anonymous_7)","decl":{"start":{"line":110,"column":14},"end":{"line":110,"column":17}},"loc":{"start":{"line":110,"column":20},"end":{"line":110,"column":38}}},"8":{"name":"isStringNotJSON","decl":{"start":{"line":116,"column":16},"end":{"line":116,"column":31}},"loc":{"start":{"line":116,"column":46},"end":{"line":118,"column":1}}},"9":{"name":"(anonymous_9)","decl":{"start":{"line":117,"column":12},"end":{"line":117,"column":15}},"loc":{"start":{"line":117,"column":18},"end":{"line":117,"column":36}}},"10":{"name":"isStringFloat","decl":{"start":{"line":123,"column":16},"end":{"line":123,"column":29}},"loc":{"start":{"line":123,"column":44},"end":{"line":125,"column":1}}},"11":{"name":"isStringInt","decl":{"start":{"line":130,"column":16},"end":{"line":130,"column":27}},"loc":{"start":{"line":130,"column":42},"end":{"line":136,"column":1}}}},"branchMap":{"0":{"loc":{"start":{"line":7,"column":52},"end":{"line":7,"column":78}},"type":"default-arg","locations":[{"start":{"line":7,"column":73},"end":{"line":7,"column":78}}]},"1":{"loc":{"start":{"line":8,"column":43},"end":{"line":8,"column":102}},"type":"cond-expr","locations":[{"start":{"line":8,"column":55},"end":{"line":8,"column":84}},{"start":{"line":8,"column":87},"end":{"line":8,"column":102}}]},"2":{"loc":{"start":{"line":21,"column":4},"end":{"line":24,"column":null}},"type":"if","locations":[{"start":{"line":21,"column":4},"end":{"line":24,"column":null}}]},"3":{"loc":{"start":{"line":22,"column":15},"end":{"line":22,"column":59}},"type":"cond-expr","locations":[{"start":{"line":22,"column":24},"end":{"line":22,"column":47}},{"start":{"line":22,"column":50},"end":{"line":22,"column":59}}]},"4":{"loc":{"start":{"line":26,"column":4},"end":{"line":29,"column":null}},"type":"if","locations":[{"start":{"line":26,"column":4},"end":{"line":29,"column":null}}]},"5":{"loc":{"start":{"line":31,"column":4},"end":{"line":36,"column":null}},"type":"if","locations":[{"start":{"line":31,"column":4},"end":{"line":36,"column":null}}]},"6":{"loc":{"start":{"line":48,"column":4},"end":{"line":51,"column":null}},"type":"if","locations":[{"start":{"line":48,"column":4},"end":{"line":51,"column":null}}]},"7":{"loc":{"start":{"line":49,"column":17},"end":{"line":49,"column":37}},"type":"cond-expr","locations":[{"start":{"line":49,"column":26},"end":{"line":49,"column":28}},{"start":{"line":49,"column":31},"end":{"line":49,"column":37}}]},"8":{"loc":{"start":{"line":53,"column":4},"end":{"line":56,"column":null}},"type":"if","locations":[{"start":{"line":53,"column":4},"end":{"line":56,"column":null}}]},"9":{"loc":{"start":{"line":88,"column":4},"end":{"line":91,"column":null}},"type":"if","locations":[{"start":{"line":88,"column":4},"end":{"line":91,"column":null}}]},"10":{"loc":{"start":{"line":93,"column":4},"end":{"line":98,"column":null}},"type":"if","locations":[{"start":{"line":93,"column":4},"end":{"line":98,"column":null}}]},"11":{"loc":{"start":{"line":131,"column":2},"end":{"line":133,"column":null}},"type":"if","locations":[{"start":{"line":131,"column":2},"end":{"line":133,"column":null}}]}},"s":{"0":48,"1":48,"2":7,"3":48,"4":5,"5":5,"6":5,"7":5,"8":48,"9":3,"10":3,"11":45,"12":3,"13":3,"14":42,"15":3,"16":3,"17":3,"18":39,"19":5,"20":48,"21":10,"22":10,"23":10,"24":96,"25":6,"26":6,"27":90,"28":6,"29":6,"30":84,"31":10,"32":5,"33":48,"34":5,"35":48,"36":5,"37":5,"38":5,"39":5,"40":48,"41":3,"42":3,"43":45,"44":3,"45":3,"46":3,"47":42,"48":5,"49":48,"50":26,"51":26,"52":48,"53":2,"54":2,"55":48,"56":8,"57":48,"58":6,"59":1,"60":5,"61":48},"f":{"0":7,"1":5,"2":10,"3":5,"4":5,"5":5,"6":26,"7":26,"8":2,"9":2,"10":8,"11":6},"b":{"0":[6],"1":[1,6],"2":[3],"3":[1,2],"4":[3],"5":[3],"6":[6],"7":[2,4],"8":[6],"9":[3],"10":[3],"11":[1]}}
,"/Users/dario/Personal/@queelag/core/src/utils/url.utils.ts": {"path":"/Users/dario/Personal/@queelag/core/src/utils/url.utils.ts","statementMap":{"0":{"start":{"line":5,"column":2},"end":{"line":10,"column":null}},"1":{"start":{"line":7,"column":24},"end":{"line":7,"column":32}},"2":{"start":{"line":9,"column":50},"end":{"line":9,"column":91}},"3":{"start":{"line":4,"column":0},"end":{"line":4,"column":16}},"4":{"start":{"line":17,"column":2},"end":{"line":21,"column":null}},"5":{"start":{"line":16,"column":0},"end":{"line":16,"column":16}},"6":{"start":{"line":28,"column":2},"end":{"line":28,"column":null}},"7":{"start":{"line":27,"column":0},"end":{"line":27,"column":16}}},"fnMap":{"0":{"name":"concatURL","decl":{"start":{"line":4,"column":16},"end":{"line":4,"column":25}},"loc":{"start":{"line":4,"column":54},"end":{"line":11,"column":1}}},"1":{"name":"(anonymous_1)","decl":{"start":{"line":7,"column":9},"end":{"line":7,"column":10}},"loc":{"start":{"line":7,"column":24},"end":{"line":7,"column":32}}},"2":{"name":"(anonymous_2)","decl":{"start":{"line":9,"column":26},"end":{"line":9,"column":27}},"loc":{"start":{"line":9,"column":50},"end":{"line":9,"column":91}}},"3":{"name":"appendSearchParamsToURL","decl":{"start":{"line":16,"column":16},"end":{"line":16,"column":39}},"loc":{"start":{"line":16,"column":71},"end":{"line":22,"column":1}}},"4":{"name":"removeSearchParamsFromURL","decl":{"start":{"line":27,"column":16},"end":{"line":27,"column":41}},"loc":{"start":{"line":27,"column":53},"end":{"line":29,"column":1}}}},"branchMap":{"0":{"loc":{"start":{"line":9,"column":50},"end":{"line":9,"column":91}},"type":"cond-expr","locations":[{"start":{"line":9,"column":76},"end":{"line":9,"column":85}},{"start":{"line":9,"column":88},"end":{"line":9,"column":91}}]},"1":{"loc":{"start":{"line":18,"column":10},"end":{"line":18,"column":42}},"type":"cond-expr","locations":[{"start":{"line":18,"column":33},"end":{"line":18,"column":36}},{"start":{"line":18,"column":39},"end":{"line":18,"column":42}}]}},"s":{"0":36,"1":69,"2":39,"3":49,"4":37,"5":49,"6":140,"7":49},"f":{"0":36,"1":69,"2":39,"3":37,"4":140},"b":{"0":[36,3],"1":[3,34]}}
,"/Users/dario/Personal/@queelag/core/tests/server.ts": {"path":"/Users/dario/Personal/@queelag/core/tests/server.ts","statementMap":{"0":{"start":{"line":1,"column":0},"end":{"line":1,"column":80}},"1":{"start":{"line":2,"column":0},"end":{"line":2,"column":33}},"2":{"start":{"line":3,"column":0},"end":{"line":3,"column":38}},"3":{"start":{"line":5,"column":32},"end":{"line":5,"column":58}},"4":{"start":{"line":10,"column":0},"end":{"line":31,"column":null}},"5":{"start":{"line":25,"column":39},"end":{"line":25,"column":43}},"6":{"start":{"line":28,"column":18},"end":{"line":28,"column":25}},"7":{"start":{"line":36,"column":0},"end":{"line":36,"column":null}},"8":{"start":{"line":36,"column":66},"end":{"line":36,"column":76}},"9":{"start":{"line":38,"column":0},"end":{"line":41,"column":null}},"10":{"start":{"line":39,"column":2},"end":{"line":39,"column":null}},"11":{"start":{"line":40,"column":2},"end":{"line":40,"column":null}},"12":{"start":{"line":43,"column":0},"end":{"line":46,"column":null}},"13":{"start":{"line":44,"column":2},"end":{"line":44,"column":null}},"14":{"start":{"line":45,"column":2},"end":{"line":45,"column":null}},"15":{"start":{"line":48,"column":0},"end":{"line":50,"column":null}},"16":{"start":{"line":49,"column":2},"end":{"line":49,"column":null}},"17":{"start":{"line":52,"column":0},"end":{"line":54,"column":null}},"18":{"start":{"line":53,"column":2},"end":{"line":53,"column":null}},"19":{"start":{"line":56,"column":0},"end":{"line":58,"column":null}},"20":{"start":{"line":57,"column":2},"end":{"line":57,"column":null}},"21":{"start":{"line":60,"column":0},"end":{"line":60,"column":null}},"22":{"start":{"line":60,"column":63},"end":{"line":60,"column":73}},"23":{"start":{"line":62,"column":0},"end":{"line":62,"column":null}},"24":{"start":{"line":62,"column":67},"end":{"line":62,"column":77}},"25":{"start":{"line":64,"column":0},"end":{"line":67,"column":null}},"26":{"start":{"line":65,"column":2},"end":{"line":65,"column":null}},"27":{"start":{"line":66,"column":2},"end":{"line":66,"column":null}},"28":{"start":{"line":69,"column":0},"end":{"line":72,"column":null}},"29":{"start":{"line":70,"column":2},"end":{"line":70,"column":null}},"30":{"start":{"line":71,"column":2},"end":{"line":71,"column":null}},"31":{"start":{"line":74,"column":0},"end":{"line":77,"column":null}},"32":{"start":{"line":75,"column":2},"end":{"line":75,"column":null}},"33":{"start":{"line":76,"column":2},"end":{"line":76,"column":null}},"34":{"start":{"line":83,"column":2},"end":{"line":83,"column":null}},"35":{"start":{"line":82,"column":0},"end":{"line":82,"column":7}},"36":{"start":{"line":87,"column":2},"end":{"line":87,"column":null}},"37":{"start":{"line":86,"column":0},"end":{"line":86,"column":7}}},"fnMap":{"0":{"name":"(anonymous_1)","decl":{"start":{"line":25,"column":15},"end":{"line":25,"column":16}},"loc":{"start":{"line":25,"column":39},"end":{"line":25,"column":43}}},"1":{"name":"(anonymous_2)","decl":{"start":{"line":28,"column":12},"end":{"line":28,"column":15}},"loc":{"start":{"line":28,"column":18},"end":{"line":28,"column":25}}},"2":{"name":"(anonymous_3)","decl":{"start":{"line":36,"column":22},"end":{"line":36,"column":23}},"loc":{"start":{"line":36,"column":66},"end":{"line":36,"column":76}}},"3":{"name":"(anonymous_4)","decl":{"start":{"line":38,"column":20},"end":{"line":38,"column":21}},"loc":{"start":{"line":38,"column":63},"end":{"line":41,"column":1}}},"4":{"name":"(anonymous_5)","decl":{"start":{"line":43,"column":22},"end":{"line":43,"column":23}},"loc":{"start":{"line":43,"column":65},"end":{"line":46,"column":1}}},"5":{"name":"(anonymous_6)","decl":{"start":{"line":48,"column":20},"end":{"line":48,"column":21}},"loc":{"start":{"line":48,"column":63},"end":{"line":50,"column":1}}},"6":{"name":"(anonymous_7)","decl":{"start":{"line":52,"column":21},"end":{"line":52,"column":22}},"loc":{"start":{"line":52,"column":64},"end":{"line":54,"column":1}}},"7":{"name":"(anonymous_8)","decl":{"start":{"line":56,"column":20},"end":{"line":56,"column":21}},"loc":{"start":{"line":56,"column":63},"end":{"line":58,"column":1}}},"8":{"name":"(anonymous_9)","decl":{"start":{"line":60,"column":19},"end":{"line":60,"column":20}},"loc":{"start":{"line":60,"column":63},"end":{"line":60,"column":73}}},"9":{"name":"(anonymous_10)","decl":{"start":{"line":62,"column":23},"end":{"line":62,"column":24}},"loc":{"start":{"line":62,"column":67},"end":{"line":62,"column":77}}},"10":{"name":"(anonymous_11)","decl":{"start":{"line":64,"column":21},"end":{"line":64,"column":22}},"loc":{"start":{"line":64,"column":64},"end":{"line":67,"column":1}}},"11":{"name":"(anonymous_12)","decl":{"start":{"line":69,"column":20},"end":{"line":69,"column":21}},"loc":{"start":{"line":69,"column":63},"end":{"line":72,"column":1}}},"12":{"name":"(anonymous_13)","decl":{"start":{"line":74,"column":19},"end":{"line":74,"column":20}},"loc":{"start":{"line":74,"column":62},"end":{"line":77,"column":1}}},"13":{"name":"openServer","decl":{"start":{"line":82,"column":22},"end":{"line":82,"column":32}},"loc":{"start":{"line":82,"column":45},"end":{"line":84,"column":1}}},"14":{"name":"closeServer","decl":{"start":{"line":86,"column":22},"end":{"line":86,"column":33}},"loc":{"start":{"line":86,"column":33},"end":{"line":88,"column":1}}}},"branchMap":{},"s":{"0":3,"1":3,"2":3,"3":3,"4":3,"5":1,"6":1,"7":3,"8":2,"9":3,"10":2,"11":2,"12":3,"13":2,"14":2,"15":3,"16":2,"17":3,"18":2,"19":3,"20":7,"21":3,"22":2,"23":3,"24":2,"25":3,"26":2,"27":2,"28":3,"29":5,"30":5,"31":3,"32":3,"33":3,"34":3,"35":3,"36":3,"37":3},"f":{"0":1,"1":1,"2":2,"3":2,"4":2,"5":2,"6":2,"7":7,"8":2,"9":2,"10":2,"11":5,"12":3,"13":3,"14":3},"b":{}}
}
