TN:
SF:src/index.ts
FN:3,(anonymous_4)
FN:3,(anonymous_5)
FN:3,(anonymous_6)
FN:3,(anonymous_7)
FN:3,(anonymous_8)
FN:3,(anonymous_9)
FN:28,(anonymous_10)
FN:29,(anonymous_11)
FN:30,(anonymous_12)
FN:36,(anonymous_13)
FNF:10
FNH:5
FNDA:20,(anonymous_4)
FNDA:0,(anonymous_5)
FNDA:11,(anonymous_6)
FNDA:28,(anonymous_7)
FNDA:0,(anonymous_8)
FNDA:2,(anonymous_9)
FNDA:0,(anonymous_10)
FNDA:0,(anonymous_11)
FNDA:0,(anonymous_12)
FNDA:10,(anonymous_13)
DA:1,48
DA:2,48
DA:3,76
DA:16,48
DA:17,48
DA:18,48
DA:19,48
DA:20,48
DA:21,48
DA:22,48
DA:23,48
DA:24,48
DA:25,48
DA:26,48
DA:27,48
DA:28,48
DA:29,48
DA:30,48
DA:31,48
DA:32,48
DA:33,48
DA:34,48
DA:35,48
DA:36,58
DA:37,48
DA:38,48
DA:39,48
DA:40,48
DA:41,48
DA:42,48
DA:43,48
DA:44,48
DA:45,48
DA:46,48
DA:47,48
DA:48,48
DA:49,48
DA:50,48
DA:51,48
DA:52,48
DA:53,48
DA:54,48
DA:55,48
DA:56,48
DA:57,48
DA:58,48
DA:59,48
DA:60,48
DA:61,48
DA:62,48
DA:63,48
DA:64,48
DA:65,48
DA:66,48
DA:67,48
DA:68,48
DA:69,48
DA:70,48
DA:71,48
LF:59
LH:59
BRF:0
BRH:0
end_of_record
TN:
SF:src/classes/fetch.error.ts
FN:11,(anonymous_0)
FN:23,(anonymous_1)
FNF:2
FNH:2
FNDA:16,(anonymous_0)
FNDA:16,(anonymous_1)
DA:1,48
DA:8,48
DA:12,16
DA:14,16
DA:15,16
DA:16,16
DA:24,16
DA:26,1
DA:28,2
DA:30,7
DA:32,6
LF:11
LH:11
BRDA:24,0,0,1
BRDA:24,0,1,2
BRDA:24,0,2,7
BRDA:24,0,3,6
BRDA:25,1,0,16
BRDA:25,1,1,3
BRF:6
BRH:6
end_of_record
TN:
SF:src/classes/fetch.response.ts
FN:22,(anonymous_0)
FN:36,(anonymous_1)
FN:41,(anonymous_2)
FN:51,(anonymous_3)
FN:72,(anonymous_4)
FN:82,(anonymous_5)
FN:92,(anonymous_6)
FN:96,(anonymous_7)
FN:100,(anonymous_8)
FN:109,(anonymous_9)
FN:113,(anonymous_10)
FN:117,(anonymous_11)
FN:123,(anonymous_12)
FN:131,(anonymous_13)
FNF:14
FNH:14
FNDA:51,(anonymous_0)
FNDA:43,(anonymous_1)
FNDA:3,(anonymous_2)
FNDA:12,(anonymous_3)
FNDA:17,(anonymous_4)
FNDA:10,(anonymous_5)
FNDA:9,(anonymous_6)
FNDA:2,(anonymous_7)
FNDA:2,(anonymous_8)
FNDA:11,(anonymous_9)
FNDA:16,(anonymous_10)
FNDA:43,(anonymous_11)
FNDA:5,(anonymous_12)
FNDA:166,(anonymous_13)
DA:1,48
DA:2,48
DA:9,48
DA:23,51
DA:24,51
DA:25,51
DA:26,51
DA:27,51
DA:28,51
DA:29,51
DA:30,51
DA:31,51
DA:32,51
DA:33,51
DA:37,43
DA:41,3
DA:42,3
DA:44,2
DA:45,2
DA:47,2
DA:51,12
DA:52,12
DA:54,11
DA:55,11
DA:57,11
DA:72,17
DA:73,17
DA:75,16
DA:76,16
DA:78,16
DA:82,10
DA:83,10
DA:85,9
DA:86,9
DA:88,9
DA:93,9
DA:97,2
DA:101,2
DA:110,11
DA:114,16
DA:118,43
DA:124,5
DA:125,1
DA:128,4
DA:132,166
LF:45
LH:45
BRDA:37,0,0,3
BRDA:37,0,1,12
BRDA:37,0,2,17
BRDA:37,0,3,10
BRDA:38,1,0,43
BRDA:38,1,1,15
BRDA:42,2,0,1
BRDA:48,3,0,40
BRDA:48,3,1,12
BRDA:52,4,0,1
BRDA:73,5,0,1
BRDA:83,6,0,1
BRDA:124,7,0,1
BRDA:132,8,0,166
BRDA:132,8,1,40
BRF:15
BRH:15
end_of_record
TN:
SF:src/definitions/constants.ts
FN:16,(anonymous_0)
FN:20,(anonymous_1)
FN:22,(anonymous_2)
FN:25,(anonymous_3)
FN:32,(anonymous_4)
FN:41,(anonymous_5)
FN:56,(anonymous_6)
FN:58,(anonymous_7)
FNF:8
FNH:8
FNDA:132,(anonymous_0)
FNDA:41,(anonymous_1)
FNDA:10,(anonymous_2)
FNDA:4,(anonymous_3)
FNDA:2,(anonymous_4)
FNDA:48,(anonymous_5)
FNDA:58,(anonymous_6)
FNDA:48,(anonymous_7)
DA:1,49
DA:2,49
DA:6,49
DA:7,49
DA:8,49
DA:9,49
DA:10,49
DA:12,49
DA:13,49
DA:14,49
DA:16,49
DA:17,132
DA:20,49
DA:22,49
DA:24,49
DA:26,4
DA:27,2
DA:30,2
DA:33,2
DA:34,1
DA:37,1
DA:41,49
DA:52,49
DA:54,49
DA:56,58
DA:58,49
DA:60,49
DA:61,49
DA:62,49
DA:63,49
LF:30
LH:30
BRDA:26,0,0,2
BRDA:33,1,0,1
BRF:2
BRH:2
end_of_record
TN:
SF:src/definitions/enums.ts
FN:1,(anonymous_0)
FN:13,(anonymous_1)
FN:21,(anonymous_2)
FN:26,(anonymous_3)
FN:33,(anonymous_4)
FN:45,(anonymous_5)
FN:49,(anonymous_6)
FNF:7
FNH:7
FNDA:48,(anonymous_0)
FNDA:48,(anonymous_1)
FNDA:48,(anonymous_2)
FNDA:48,(anonymous_3)
FNDA:48,(anonymous_4)
FNDA:48,(anonymous_5)
FNDA:48,(anonymous_6)
DA:1,48
DA:2,48
DA:3,48
DA:4,48
DA:5,48
DA:6,48
DA:7,48
DA:8,48
DA:9,48
DA:10,48
DA:13,48
DA:14,48
DA:15,48
DA:16,48
DA:17,48
DA:18,48
DA:21,48
DA:22,48
DA:23,48
DA:26,48
DA:27,48
DA:28,48
DA:29,48
DA:30,48
DA:33,48
DA:34,48
DA:35,48
DA:36,48
DA:37,48
DA:38,48
DA:39,48
DA:40,48
DA:41,48
DA:42,48
DA:45,48
DA:46,48
DA:49,48
DA:50,48
DA:51,48
LF:39
LH:39
BRDA:1,0,0,48
BRDA:1,0,1,48
BRDA:13,1,0,48
BRDA:13,1,1,48
BRDA:21,2,0,48
BRDA:21,2,1,48
BRDA:26,3,0,48
BRDA:26,3,1,48
BRDA:33,4,0,48
BRDA:33,4,1,48
BRDA:45,5,0,48
BRDA:45,5,1,48
BRDA:49,6,0,48
BRDA:49,6,1,48
BRF:14
BRH:14
end_of_record
TN:
SF:src/definitions/stubs.ts
FN:1,(anonymous_0)
FN:2,(anonymous_1)
FN:3,(anonymous_2)
FN:11,(anonymous_3)
FN:19,(anonymous_4)
FN:22,(anonymous_5)
FN:25,(anonymous_6)
FN:37,(anonymous_7)
FN:44,(anonymous_8)
FN:45,(anonymous_9)
FNF:10
FNH:10
FNDA:105,(anonymous_0)
FNDA:15,(anonymous_1)
FNDA:20,(anonymous_2)
FNDA:2,(anonymous_3)
FNDA:3,(anonymous_4)
FNDA:12,(anonymous_5)
FNDA:2,(anonymous_6)
FNDA:1,(anonymous_7)
FNDA:1,(anonymous_8)
FNDA:1,(anonymous_9)
DA:1,105
DA:2,15
DA:6,20
DA:7,20
DA:9,12
DA:14,2
DA:15,2
DA:17,1
DA:20,3
DA:23,12
DA:26,2
DA:30,52
DA:31,52
DA:33,52
DA:34,52
DA:36,52
DA:37,1
DA:43,52
DA:44,1
DA:45,1
LF:20
LH:20
BRDA:7,0,0,8
BRDA:15,1,0,1
BRF:2
BRH:2
end_of_record
TN:
SF:src/functions/gql.ts
FN:1,gql
FNF:1
FNH:1
FNDA:2,gql
DA:1,48
DA:2,2
LF:2
LH:2
BRF:0
BRH:0
end_of_record
TN:
SF:src/functions/noop.ts
FN:4,noop
FNF:1
FNH:1
FNDA:54,noop
DA:4,49
LF:1
LH:1
BRF:0
BRH:0
end_of_record
TN:
SF:src/functions/rc.ts
FN:8,rc
FN:9,(anonymous_1)
FNF:2
FNH:2
FNDA:34,rc
FNDA:34,(anonymous_1)
DA:1,48
DA:8,48
DA:9,34
DA:10,34
LF:4
LH:4
BRF:0
BRH:0
end_of_record
TN:
SF:src/functions/rcp.ts
FN:8,rcp
FN:9,(anonymous_1)
FNF:2
FNH:2
FNDA:1,rcp
FNDA:1,(anonymous_1)
DA:1,48
DA:8,48
DA:9,1
DA:10,1
LF:4
LH:4
BRF:0
BRH:0
end_of_record
TN:
SF:src/functions/rv.ts
FN:6,rv
FN:7,(anonymous_1)
FNF:2
FNH:2
FNDA:10,rv
FNDA:10,(anonymous_1)
DA:1,48
DA:6,48
DA:7,10
LF:3
LH:3
BRF:0
BRH:0
end_of_record
TN:
SF:src/functions/rvp.ts
FN:6,rvp
FN:7,(anonymous_1)
FNF:2
FNH:2
FNDA:1,rvp
FNDA:1,(anonymous_1)
DA:1,48
DA:6,48
DA:7,1
LF:3
LH:3
BRF:0
BRH:0
end_of_record
TN:
SF:src/functions/sleep.ts
FN:6,sleep
FN:7,(anonymous_1)
FN:7,(anonymous_2)
FNF:3
FNH:3
FNDA:12,sleep
FNDA:12,(anonymous_1)
FNDA:12,(anonymous_2)
DA:6,48
DA:7,12
LF:2
LH:2
BRF:0
BRH:0
end_of_record
TN:
SF:src/functions/tc.ts
FN:9,tc
FNF:1
FNH:1
FNDA:748,tc
DA:1,48
DA:9,48
DA:10,748
DA:11,748
DA:13,26
DA:14,1
DA:17,26
DA:19,26
LF:8
LH:8
BRDA:9,0,0,91
BRDA:13,1,0,1
BRF:2
BRH:2
end_of_record
TN:
SF:src/functions/tcp.ts
FN:9,tcp
FNF:1
FNH:1
FNDA:243,tcp
DA:1,48
DA:9,48
DA:10,243
DA:11,243
DA:13,30
DA:14,1
DA:17,30
DA:19,30
LF:8
LH:8
BRDA:9,0,0,234
BRDA:13,1,0,1
BRF:2
BRH:2
end_of_record
TN:
SF:src/functions/tie.ts
FN:1,tie
FNF:1
FNH:1
FNDA:11,tie
DA:1,48
DA:2,11
DA:3,1
DA:6,10
LF:4
LH:4
BRDA:2,0,0,1
BRF:1
BRH:1
end_of_record
TN:
SF:src/functions/tne.ts
FN:6,tne
FNF:1
FNH:1
FNDA:17,tne
DA:6,48
DA:7,17
LF:2
LH:2
BRF:0
BRH:0
end_of_record
TN:
SF:src/loggers/class.logger.ts
FNF:0
FNH:0
DA:1,48
DA:2,48
DA:4,48
LF:3
LH:3
BRF:0
BRH:0
end_of_record
TN:
SF:src/loggers/module.logger.ts
FNF:0
FNH:0
DA:1,48
DA:2,48
DA:4,48
LF:3
LH:3
BRF:0
BRH:0
end_of_record
TN:
SF:src/loggers/util.logger.ts
FNF:0
FNH:0
DA:1,48
DA:2,48
DA:4,48
LF:3
LH:3
BRF:0
BRH:0
end_of_record
TN:
SF:src/modules/api.ts
FN:39,(anonymous_0)
FN:52,(anonymous_1)
FN:66,(anonymous_2)
FN:76,(anonymous_3)
FN:78,(anonymous_4)
FN:82,(anonymous_5)
FN:84,(anonymous_6)
FN:93,(anonymous_7)
FN:103,(anonymous_8)
FN:113,(anonymous_9)
FN:120,(anonymous_10)
FN:130,(anonymous_11)
FN:141,(anonymous_12)
FN:152,(anonymous_13)
FN:163,(anonymous_14)
FN:170,(anonymous_15)
FN:181,(anonymous_16)
FN:195,(anonymous_17)
FN:204,(anonymous_18)
FN:218,(anonymous_19)
FN:227,(anonymous_20)
FN:237,(anonymous_21)
FN:242,(anonymous_22)
FN:249,(anonymous_23)
FNF:24
FNH:24
FNDA:22,(anonymous_0)
FNDA:31,(anonymous_1)
FNDA:1,(anonymous_2)
FNDA:6,(anonymous_3)
FNDA:1,(anonymous_4)
FNDA:1,(anonymous_5)
FNDA:22,(anonymous_6)
FNDA:1,(anonymous_7)
FNDA:1,(anonymous_8)
FNDA:17,(anonymous_9)
FNDA:1,(anonymous_10)
FNDA:1,(anonymous_11)
FNDA:1,(anonymous_12)
FNDA:4,(anonymous_13)
FNDA:2,(anonymous_14)
FNDA:1,(anonymous_15)
FNDA:2,(anonymous_16)
FNDA:29,(anonymous_17)
FNDA:30,(anonymous_18)
FNDA:5,(anonymous_19)
FNDA:26,(anonymous_20)
FNDA:21,(anonymous_21)
FNDA:62,(anonymous_22)
FNDA:62,(anonymous_23)
DA:1,48
DA:3,48
DA:4,48
DA:6,48
DA:7,48
DA:8,48
DA:9,48
DA:10,48
DA:11,48
DA:12,48
DA:21,48
DA:40,22
DA:41,22
DA:42,22
DA:55,31
DA:57,31
DA:58,31
DA:59,31
DA:60,31
DA:62,31
DA:63,31
DA:65,31
DA:66,31
DA:68,30
DA:74,30
DA:75,7
DA:76,7
DA:78,1
DA:81,23
DA:82,23
DA:84,22
DA:94,1
DA:104,1
DA:114,17
DA:121,1
DA:131,1
DA:142,1
DA:153,4
DA:164,2
DA:171,1
DA:182,2
DA:184,1
DA:186,1
DA:196,29
DA:205,30
DA:206,1
DA:209,29
DA:219,5
DA:228,26
DA:238,21
DA:243,62
DA:244,58
DA:250,62
LF:53
LH:53
BRDA:39,0,0,1
BRDA:39,1,0,21
BRDA:52,2,0,27
BRDA:66,3,0,1
BRDA:74,4,0,7
BRDA:76,5,0,6
BRDA:82,6,0,1
BRDA:182,7,0,1
BRDA:182,7,1,1
BRDA:205,8,0,1
BRDA:209,9,0,29
BRDA:209,9,1,29
BRDA:243,10,0,58
BRDA:250,11,0,2
BRDA:250,11,1,60
BRDA:250,12,0,2
BRDA:250,12,1,58
BRF:17
BRH:17
end_of_record
TN:
SF:src/modules/base16.ts
FN:12,(anonymous_0)
FN:19,(anonymous_1)
FNF:2
FNH:2
FNDA:2,(anonymous_0)
FNDA:2,(anonymous_1)
DA:1,48
DA:8,48
DA:13,2
DA:20,2
LF:4
LH:4
BRF:0
BRH:0
end_of_record
TN:
SF:src/modules/base32.ts
FN:12,(anonymous_0)
FN:19,(anonymous_1)
FNF:2
FNH:2
FNDA:2,(anonymous_0)
FNDA:2,(anonymous_1)
DA:1,48
DA:8,48
DA:13,2
DA:20,2
LF:4
LH:4
BRF:0
BRH:0
end_of_record
TN:
SF:src/modules/base64.ts
FN:12,(anonymous_0)
FN:19,(anonymous_1)
FNF:2
FNH:2
FNDA:2,(anonymous_0)
FNDA:2,(anonymous_1)
DA:1,48
DA:8,48
DA:13,2
DA:20,2
LF:4
LH:4
BRF:0
BRH:0
end_of_record
TN:
SF:src/modules/cache.ts
FNF:0
FNH:0
DA:2,48
DA:3,48
LF:2
LH:2
BRF:0
BRH:0
end_of_record
TN:
SF:src/modules/configuration.ts
FNF:0
FNH:0
DA:1,48
DA:4,48
DA:5,48
LF:3
LH:3
BRF:0
BRH:0
end_of_record
TN:
SF:src/modules/cookie.ts
FN:18,(anonymous_0)
FN:25,(anonymous_1)
FN:53,(anonymous_2)
FN:77,(anonymous_3)
FN:91,(anonymous_4)
FN:108,(anonymous_5)
FN:119,(anonymous_6)
FN:120,(anonymous_7)
FN:126,(anonymous_8)
FN:127,(anonymous_9)
FNF:10
FNH:9
FNDA:0,(anonymous_0)
FNDA:5,(anonymous_1)
FNDA:4,(anonymous_2)
FNDA:1,(anonymous_3)
FNDA:3,(anonymous_4)
FNDA:1,(anonymous_5)
FNDA:10,(anonymous_6)
FNDA:10,(anonymous_7)
FNDA:6,(anonymous_8)
FNDA:6,(anonymous_9)
DA:1,48
DA:2,48
DA:4,48
DA:5,48
DA:6,48
DA:7,48
DA:14,48
DA:15,48
DA:28,5
DA:29,5
DA:31,4
DA:33,4
DA:35,4
DA:36,9
DA:37,2
DA:38,2
DA:41,7
DA:42,7
DA:45,4
DA:54,4
DA:57,2
DA:58,2
DA:60,1
DA:62,1
DA:63,3
DA:64,1
DA:65,1
DA:68,2
DA:69,2
DA:73,3
DA:76,3
DA:77,3
DA:79,2
DA:80,2
DA:82,2
DA:98,3
DA:99,3
DA:100,3
DA:103,3
DA:106,4
DA:107,4
DA:108,1
DA:110,3
DA:111,3
DA:120,10
DA:127,6
LF:46
LH:46
BRDA:25,0,0,5
BRDA:29,1,0,1
BRDA:36,2,0,2
BRDA:53,3,0,4
BRDA:54,4,0,2
BRDA:58,5,0,1
BRDA:63,6,0,1
BRDA:77,7,0,1
BRDA:94,8,0,2
BRDA:96,9,0,3
BRDA:98,10,0,3
BRDA:107,11,0,1
BRF:12
BRH:12
end_of_record
TN:
SF:src/modules/debounce.ts
FN:13,(anonymous_0)
FN:18,(anonymous_1)
FNF:2
FNH:1
FNDA:0,(anonymous_0)
FNDA:3,(anonymous_1)
DA:1,48
DA:8,48
DA:10,48
DA:19,3
DA:20,3
DA:22,3
DA:23,3
LF:7
LH:7
BRF:0
BRH:0
end_of_record
TN:
SF:src/modules/deferred.promise.ts
FN:14,(anonymous_0)
FN:15,(anonymous_1)
FN:26,(anonymous_2)
FN:27,(anonymous_3)
FN:37,(anonymous_4)
FN:38,(anonymous_5)
FN:45,(anonymous_6)
FN:50,(anonymous_7)
FN:58,(anonymous_8)
FN:62,(anonymous_9)
FNF:10
FNH:8
FNDA:2,(anonymous_0)
FNDA:2,(anonymous_1)
FNDA:2,(anonymous_2)
FNDA:2,(anonymous_3)
FNDA:2,(anonymous_4)
FNDA:2,(anonymous_5)
FNDA:0,(anonymous_6)
FNDA:0,(anonymous_7)
FNDA:2,(anonymous_8)
FNDA:2,(anonymous_9)
DA:1,48
DA:8,48
DA:15,2
DA:16,2
DA:17,2
DA:27,2
DA:28,2
DA:38,2
DA:39,2
DA:62,2
DA:63,2
LF:11
LH:11
BRF:0
BRH:0
end_of_record
TN:
SF:src/modules/environment.ts
FN:13,(anonymous_0)
FN:16,(anonymous_1)
FN:25,(anonymous_2)
FN:28,(anonymous_3)
FN:54,(anonymous_4)
FN:61,(anonymous_5)
FN:68,(anonymous_6)
FN:75,(anonymous_7)
FN:82,(anonymous_8)
FN:89,(anonymous_9)
FN:96,(anonymous_10)
FN:103,(anonymous_11)
FN:110,(anonymous_12)
FN:117,(anonymous_13)
FN:124,(anonymous_14)
FN:125,(anonymous_15)
FN:131,(anonymous_16)
FN:132,(anonymous_17)
FN:138,(anonymous_18)
FN:145,(anonymous_19)
FN:152,(anonymous_20)
FN:159,(anonymous_21)
FN:166,(anonymous_22)
FN:173,(anonymous_23)
FN:180,(anonymous_24)
FN:187,(anonymous_25)
FN:191,(anonymous_26)
FN:194,(anonymous_27)
FNF:28
FNH:28
FNDA:297,(anonymous_0)
FNDA:297,(anonymous_1)
FNDA:2,(anonymous_2)
FNDA:2,(anonymous_3)
FNDA:83,(anonymous_4)
FNDA:1,(anonymous_5)
FNDA:1,(anonymous_6)
FNDA:1,(anonymous_7)
FNDA:79,(anonymous_8)
FNDA:1,(anonymous_9)
FNDA:83,(anonymous_10)
FNDA:1,(anonymous_11)
FNDA:107,(anonymous_12)
FNDA:1,(anonymous_13)
FNDA:9,(anonymous_14)
FNDA:9,(anonymous_15)
FNDA:17,(anonymous_16)
FNDA:17,(anonymous_17)
FNDA:147,(anonymous_18)
FNDA:1,(anonymous_19)
FNDA:147,(anonymous_20)
FNDA:1,(anonymous_21)
FNDA:1,(anonymous_22)
FNDA:1,(anonymous_23)
FNDA:62,(anonymous_24)
FNDA:45,(anonymous_25)
FNDA:301,(anonymous_26)
FNDA:301,(anonymous_27)
DA:1,48
DA:2,48
DA:9,48
DA:16,297
DA:17,297
DA:19,296
DA:28,2
DA:29,2
DA:31,1
DA:55,83
DA:62,1
DA:69,1
DA:76,1
DA:83,79
DA:90,1
DA:97,83
DA:104,1
DA:111,107
DA:118,1
DA:125,9
DA:132,17
DA:139,147
DA:146,1
DA:153,147
DA:160,1
DA:167,1
DA:174,1
DA:181,62
DA:188,45
DA:194,301
DA:195,301
DA:197,300
LF:32
LH:32
BRDA:17,0,0,1
BRDA:19,1,0,296
BRDA:19,1,1,293
BRDA:29,2,0,1
BRDA:29,3,0,2
BRDA:29,3,1,2
BRDA:195,4,0,1
BRDA:197,5,0,300
BRDA:197,5,1,1
BRF:9
BRH:9
end_of_record
TN:
SF:src/modules/fetch.ts
FN:24,(anonymous_0)
FN:35,(anonymous_1)
FN:41,(anonymous_2)
FN:57,(anonymous_3)
FN:68,(anonymous_4)
FN:78,(anonymous_5)
FN:85,(anonymous_6)
FN:95,(anonymous_7)
FN:106,(anonymous_8)
FN:117,(anonymous_9)
FN:126,(anonymous_10)
FN:133,(anonymous_11)
FNF:12
FNH:12
FNDA:43,(anonymous_0)
FNDA:43,(anonymous_1)
FNDA:42,(anonymous_2)
FNDA:1,(anonymous_3)
FNDA:1,(anonymous_4)
FNDA:5,(anonymous_5)
FNDA:1,(anonymous_6)
FNDA:1,(anonymous_7)
FNDA:1,(anonymous_8)
FNDA:1,(anonymous_9)
FNDA:1,(anonymous_10)
FNDA:1,(anonymous_11)
DA:1,48
DA:2,48
DA:3,48
DA:6,48
DA:7,48
DA:8,48
DA:9,48
DA:16,48
DA:27,43
DA:28,43
DA:29,43
DA:30,43
DA:32,43
DA:33,43
DA:35,43
DA:36,43
DA:38,42
DA:40,42
DA:41,42
DA:44,42
DA:45,33
DA:48,9
DA:58,1
DA:69,1
DA:79,5
DA:86,1
DA:96,1
DA:107,1
DA:118,1
DA:127,1
DA:134,1
LF:31
LH:31
BRDA:24,0,0,0
BRDA:36,1,0,1
BRDA:40,2,0,42
BRDA:44,3,0,33
BRDA:57,4,0,1
BRDA:68,5,0,1
BRDA:78,6,0,5
BRDA:85,7,0,1
BRDA:95,8,0,1
BRDA:106,9,0,1
BRDA:117,10,0,1
BRDA:126,11,0,1
BRDA:133,12,0,1
BRF:13
BRH:12
end_of_record
TN:
SF:src/modules/graphql.api.ts
FN:20,(anonymous_0)
FN:24,(anonymous_1)
FN:41,(anonymous_2)
FN:51,(anonymous_3)
FNF:4
FNH:4
FNDA:2,(anonymous_0)
FNDA:2,(anonymous_1)
FNDA:1,(anonymous_2)
FNDA:1,(anonymous_3)
DA:3,48
DA:5,48
DA:15,48
DA:21,2
DA:27,2
DA:32,2
DA:42,1
DA:52,1
LF:8
LH:8
BRF:0
BRH:0
end_of_record
TN:
SF:src/modules/history.ts
FN:18,(anonymous_0)
FN:26,(anonymous_1)
FN:34,(anonymous_2)
FN:42,(anonymous_3)
FN:52,(anonymous_4)
FN:57,(anonymous_5)
FN:61,(anonymous_6)
FN:65,(anonymous_7)
FN:69,(anonymous_8)
FN:73,(anonymous_9)
FN:77,(anonymous_10)
FNF:11
FNH:11
FNDA:5,(anonymous_0)
FNDA:2,(anonymous_1)
FNDA:2,(anonymous_2)
FNDA:301,(anonymous_3)
FNDA:2,(anonymous_4)
FNDA:301,(anonymous_5)
FNDA:301,(anonymous_6)
FNDA:2,(anonymous_7)
FNDA:2,(anonymous_8)
FNDA:2,(anonymous_9)
FNDA:2,(anonymous_10)
DA:1,48
DA:3,48
DA:4,48
DA:11,48
DA:19,5
DA:20,5
DA:21,5
DA:22,5
DA:23,5
DA:27,2
DA:28,1
DA:31,1
DA:35,2
DA:36,1
DA:39,1
DA:43,301
DA:44,102
DA:45,102
DA:48,301
DA:49,301
DA:53,2
DA:54,2
DA:58,301
DA:62,301
DA:66,2
DA:70,2
DA:74,2
DA:78,2
LF:28
LH:28
BRDA:18,0,0,5
BRDA:27,1,0,1
BRDA:35,2,0,1
BRDA:43,3,0,102
BRF:4
BRH:4
end_of_record
TN:
SF:src/modules/id.ts
FN:11,(anonymous_0)
FNF:1
FNH:1
FNDA:10,(anonymous_0)
DA:1,48
DA:2,48
DA:5,48
DA:6,48
DA:7,48
DA:8,48
DA:9,48
DA:14,10
DA:15,10
DA:16,10
DA:17,10
DA:18,10
DA:20,10
DA:21,12
DA:22,12
DA:25,10
LF:16
LH:16
BRDA:11,0,0,2
BRDA:14,1,0,10
BRDA:14,1,1,9
BRDA:15,2,0,10
BRDA:15,2,1,9
BRDA:16,3,0,10
BRDA:16,3,1,9
BRDA:17,4,0,10
BRDA:17,4,1,9
BRDA:18,5,0,10
BRDA:18,5,1,9
BRDA:21,6,0,12
BRDA:21,6,1,11
BRDA:22,7,0,10
BRF:14
BRH:14
end_of_record
TN:
SF:src/modules/interval.ts
FN:15,(anonymous_0)
FN:22,(anonymous_1)
FN:34,(anonymous_2)
FN:47,(anonymous_3)
FN:58,(anonymous_4)
FN:69,(anonymous_5)
FN:76,(anonymous_6)
FNF:7
FNH:6
FNDA:0,(anonymous_0)
FNDA:3,(anonymous_1)
FNDA:1,(anonymous_2)
FNDA:3,(anonymous_3)
FNDA:1,(anonymous_4)
FNDA:4,(anonymous_5)
FNDA:2,(anonymous_6)
DA:2,48
DA:3,48
DA:10,48
DA:12,48
DA:25,3
DA:26,3
DA:27,3
DA:28,3
DA:30,3
DA:31,3
DA:33,3
DA:34,1
DA:35,1
DA:38,3
DA:39,3
DA:48,3
DA:49,3
DA:51,3
DA:52,3
DA:59,1
DA:60,1
DA:62,1
DA:63,1
DA:70,4
DA:77,2
LF:25
LH:25
BRDA:26,0,0,2
BRDA:26,0,1,1
BRDA:27,1,0,2
BRDA:27,1,1,1
BRDA:28,2,0,2
BRDA:28,2,1,1
BRDA:33,3,0,1
BRF:7
BRH:7
end_of_record
TN:
SF:src/modules/local.storage.ts
FN:12,(anonymous_0)
FN:13,(anonymous_1)
FN:14,(anonymous_2)
FN:15,(anonymous_3)
FN:16,(anonymous_4)
FNF:5
FNH:5
FNDA:8,(anonymous_0)
FNDA:5,(anonymous_1)
FNDA:7,(anonymous_2)
FNDA:2,(anonymous_3)
FNDA:7,(anonymous_4)
DA:2,48
DA:3,48
DA:10,48
DA:12,8
DA:13,5
DA:14,7
DA:15,2
DA:16,7
LF:8
LH:8
BRDA:12,0,0,7
BRDA:12,0,1,1
BRDA:13,1,0,4
BRDA:13,1,1,1
BRDA:13,2,0,4
BRDA:13,2,1,2
BRDA:14,3,0,6
BRDA:14,3,1,1
BRDA:15,4,0,1
BRDA:15,4,1,1
BRDA:16,5,0,6
BRDA:16,5,1,1
BRF:12
BRH:12
end_of_record
TN:
SF:src/modules/localization.ts
FN:32,(anonymous_0)
FN:39,(anonymous_1)
FN:46,(anonymous_2)
FN:69,(anonymous_3)
FN:88,(anonymous_4)
FN:102,(anonymous_5)
FN:109,(anonymous_6)
FN:114,(anonymous_7)
FN:122,(anonymous_8)
FN:123,(anonymous_9)
FN:126,(anonymous_10)
FN:127,(anonymous_11)
FNF:12
FNH:11
FNDA:12,(anonymous_0)
FNDA:1,(anonymous_1)
FNDA:11,(anonymous_2)
FNDA:13,(anonymous_3)
FNDA:0,(anonymous_4)
FNDA:1,(anonymous_5)
FNDA:2,(anonymous_6)
FNDA:1,(anonymous_7)
FNDA:2,(anonymous_8)
FNDA:2,(anonymous_9)
FNDA:32,(anonymous_10)
FNDA:27,(anonymous_11)
DA:1,48
DA:3,48
DA:4,48
DA:5,48
DA:6,48
DA:14,48
DA:33,12
DA:34,12
DA:35,12
DA:36,12
DA:40,1
DA:47,11
DA:50,14
DA:52,14
DA:53,1
DA:54,1
DA:56,1
DA:59,13
DA:60,13
DA:72,13
DA:73,13
DA:75,13
DA:76,13
DA:78,13
DA:79,13
DA:81,12
DA:82,12
DA:84,11
DA:85,11
DA:87,9
DA:88,9
DA:90,9
DA:93,9
DA:94,9
DA:96,9
DA:99,9
DA:103,1
DA:104,1
DA:106,1
DA:110,2
DA:111,2
DA:115,1
DA:116,1
DA:123,2
DA:127,32
LF:45
LH:45
BRDA:32,0,0,12
BRDA:32,1,0,12
BRDA:32,2,0,12
BRDA:52,3,0,1
BRDA:72,4,0,5
BRDA:72,4,1,8
BRDA:73,5,0,5
BRDA:73,5,1,8
BRDA:75,6,0,5
BRDA:75,6,1,8
BRDA:76,7,0,13
BRDA:76,7,1,11
BRDA:79,8,0,1
BRDA:82,9,0,1
BRDA:85,10,0,2
BRDA:127,11,0,32
BRDA:127,11,1,14
BRF:17
BRH:17
end_of_record
TN:
SF:src/modules/logger.ts
FN:29,(anonymous_0)
FN:44,(anonymous_1)
FN:54,(anonymous_2)
FN:64,(anonymous_3)
FN:74,(anonymous_4)
FN:84,(anonymous_5)
FN:94,(anonymous_6)
FN:101,(anonymous_7)
FN:108,(anonymous_8)
FN:115,(anonymous_9)
FN:171,(anonymous_10)
FN:180,(anonymous_11)
FN:190,(anonymous_12)
FN:205,(anonymous_13)
FN:209,(anonymous_14)
FN:213,(anonymous_15)
FN:217,(anonymous_16)
FN:221,(anonymous_17)
FN:225,(anonymous_18)
FNF:19
FNH:19
FNDA:154,(anonymous_0)
FNDA:24,(anonymous_1)
FNDA:440,(anonymous_2)
FNDA:8,(anonymous_3)
FNDA:11,(anonymous_4)
FNDA:10,(anonymous_5)
FNDA:1,(anonymous_6)
FNDA:1,(anonymous_7)
FNDA:5,(anonymous_8)
FNDA:41,(anonymous_9)
FNDA:147,(anonymous_10)
FNDA:147,(anonymous_11)
FNDA:6,(anonymous_12)
FNDA:495,(anonymous_13)
FNDA:2,(anonymous_14)
FNDA:7,(anonymous_15)
FNDA:7,(anonymous_16)
FNDA:7,(anonymous_17)
FNDA:7,(anonymous_18)
DA:1,48
DA:2,48
DA:3,48
DA:4,48
DA:11,48
DA:35,154
DA:36,154
DA:37,154
DA:38,154
DA:45,24
DA:46,7
DA:48,3
DA:55,440
DA:56,7
DA:58,4
DA:65,8
DA:66,7
DA:68,5
DA:75,11
DA:76,7
DA:78,6
DA:85,10
DA:88,7
DA:95,1
DA:102,1
DA:109,5
DA:118,41
DA:119,41
DA:121,41
DA:122,82
DA:130,54
DA:131,1
DA:134,53
DA:135,53
DA:137,28
DA:138,3
DA:139,1
DA:142,3
DA:143,3
DA:145,3
DA:146,1
DA:150,28
DA:151,1
DA:152,1
DA:155,27
DA:156,27
DA:160,41
DA:161,38
DA:162,5
DA:165,38
DA:168,41
DA:174,147
DA:175,147
DA:177,1
DA:183,147
DA:184,147
DA:186,1
DA:191,6
DA:193,1
DA:195,1
DA:197,1
DA:199,2
DA:201,1
DA:206,495
DA:210,2
DA:214,7
DA:218,7
DA:222,7
DA:226,7
LF:69
LH:69
BRDA:31,0,0,147
BRDA:31,1,0,147
BRDA:31,1,1,146
BRDA:31,2,0,1
BRDA:31,2,1,145
BRDA:32,3,0,147
BRDA:32,4,0,147
BRDA:32,4,1,146
BRDA:32,5,0,145
BRDA:32,5,1,1
BRDA:33,6,0,154
BRDA:45,7,0,17
BRDA:46,8,0,4
BRDA:55,9,0,433
BRDA:56,10,0,3
BRDA:65,11,0,1
BRDA:66,12,0,2
BRDA:75,13,0,4
BRDA:76,14,0,1
BRDA:85,15,0,3
BRDA:122,16,0,1
BRDA:122,16,1,2
BRDA:122,16,2,3
BRDA:122,16,3,9
BRDA:122,16,4,52
BRDA:122,16,5,53
BRDA:122,16,6,54
BRDA:122,16,7,28
BRDA:130,17,0,1
BRDA:137,18,0,3
BRDA:138,19,0,1
BRDA:145,20,0,1
BRDA:150,21,0,1
BRDA:150,22,0,28
BRDA:150,22,1,28
BRDA:160,23,0,38
BRDA:161,24,0,5
BRDA:175,25,0,146
BRDA:184,26,0,146
BRDA:191,27,0,1
BRDA:191,27,1,1
BRDA:191,27,2,1
BRDA:191,27,3,2
BRDA:191,27,4,1
BRF:44
BRH:44
end_of_record
TN:
SF:src/modules/polyfill.ts
FN:25,(anonymous_0)
FN:47,(anonymous_1)
FN:72,(anonymous_2)
FN:94,(anonymous_3)
FN:113,(anonymous_4)
FNF:5
FNH:5
FNDA:78,(anonymous_0)
FNDA:78,(anonymous_1)
FNDA:79,(anonymous_2)
FNDA:78,(anonymous_3)
FNDA:8,(anonymous_4)
DA:1,48
DA:2,48
DA:3,48
DA:4,48
DA:21,48
DA:28,78
DA:29,75
DA:32,3
DA:33,1
DA:36,2
DA:37,2
DA:39,1
DA:41,1
DA:50,78
DA:51,75
DA:54,3
DA:55,1
DA:58,2
DA:59,2
DA:61,1
DA:62,1
DA:63,1
DA:64,1
DA:66,1
DA:75,79
DA:76,72
DA:79,7
DA:80,1
DA:83,6
DA:84,6
DA:86,5
DA:88,5
DA:97,78
DA:98,75
DA:101,3
DA:102,1
DA:105,2
DA:106,2
DA:108,1
DA:110,1
LF:40
LH:40
BRDA:28,0,0,75
BRDA:32,1,0,1
BRDA:32,2,0,3
BRDA:32,2,1,1
BRDA:37,3,0,1
BRDA:50,4,0,75
BRDA:54,5,0,1
BRDA:54,6,0,3
BRDA:54,6,1,1
BRDA:59,7,0,1
BRDA:75,8,0,72
BRDA:79,9,0,1
BRDA:79,10,0,7
BRDA:79,10,1,1
BRDA:84,11,0,1
BRDA:97,12,0,75
BRDA:101,13,0,1
BRDA:101,14,0,3
BRDA:101,14,1,1
BRDA:106,15,0,1
BRF:20
BRH:20
end_of_record
TN:
SF:src/modules/session.storage.ts
FN:12,(anonymous_0)
FN:13,(anonymous_1)
FN:14,(anonymous_2)
FN:15,(anonymous_3)
FN:16,(anonymous_4)
FNF:5
FNH:5
FNDA:8,(anonymous_0)
FNDA:3,(anonymous_1)
FNDA:7,(anonymous_2)
FNDA:2,(anonymous_3)
FNDA:6,(anonymous_4)
DA:2,48
DA:3,48
DA:10,48
DA:12,8
DA:13,3
DA:14,7
DA:15,2
DA:16,6
LF:8
LH:8
BRDA:12,0,0,7
BRDA:12,0,1,1
BRDA:13,1,0,2
BRDA:13,1,1,1
BRDA:13,2,0,2
BRDA:13,2,1,1
BRDA:14,3,0,6
BRDA:14,3,1,1
BRDA:15,4,0,1
BRDA:15,4,1,1
BRDA:16,5,0,5
BRDA:16,5,1,1
BRF:12
BRH:12
end_of_record
TN:
SF:src/modules/status.ts
FN:17,(anonymous_0)
FN:22,(anonymous_1)
FN:29,(anonymous_2)
FN:36,(anonymous_3)
FN:43,(anonymous_4)
FN:50,(anonymous_5)
FN:54,(anonymous_6)
FN:62,(anonymous_7)
FN:70,(anonymous_8)
FN:77,(anonymous_9)
FN:84,(anonymous_10)
FN:91,(anonymous_11)
FN:98,(anonymous_12)
FN:99,(anonymous_13)
FN:105,(anonymous_14)
FN:106,(anonymous_15)
FN:112,(anonymous_16)
FN:113,(anonymous_17)
FN:119,(anonymous_18)
FN:120,(anonymous_19)
FN:126,(anonymous_20)
FN:127,(anonymous_21)
FN:133,(anonymous_22)
FN:134,(anonymous_23)
FN:140,(anonymous_24)
FN:141,(anonymous_25)
FN:147,(anonymous_26)
FN:148,(anonymous_27)
FN:151,(anonymous_28)
FN:155,(anonymous_29)
FN:159,(anonymous_30)
FN:163,(anonymous_31)
FNF:32
FNH:32
FNDA:25,(anonymous_0)
FNDA:42,(anonymous_1)
FNDA:1,(anonymous_2)
FNDA:6,(anonymous_3)
FNDA:5,(anonymous_4)
FNDA:4,(anonymous_5)
FNDA:74,(anonymous_6)
FNDA:2,(anonymous_7)
FNDA:16,(anonymous_8)
FNDA:10,(anonymous_9)
FNDA:4,(anonymous_10)
FNDA:12,(anonymous_11)
FNDA:1,(anonymous_12)
FNDA:2,(anonymous_13)
FNDA:1,(anonymous_14)
FNDA:2,(anonymous_15)
FNDA:1,(anonymous_16)
FNDA:2,(anonymous_17)
FNDA:2,(anonymous_18)
FNDA:3,(anonymous_19)
FNDA:3,(anonymous_20)
FNDA:5,(anonymous_21)
FNDA:1,(anonymous_22)
FNDA:1,(anonymous_23)
FNDA:1,(anonymous_24)
FNDA:2,(anonymous_25)
FNDA:1,(anonymous_26)
FNDA:2,(anonymous_27)
FNDA:33,(anonymous_28)
FNDA:48,(anonymous_29)
FNDA:33,(anonymous_30)
FNDA:25,(anonymous_31)
DA:1,48
DA:3,48
DA:10,48
DA:18,25
DA:19,25
DA:23,42
DA:30,1
DA:37,6
DA:44,5
DA:51,4
DA:55,74
DA:56,74
DA:63,2
DA:64,2
DA:71,16
DA:78,10
DA:85,4
DA:92,12
DA:99,2
DA:106,2
DA:113,2
DA:120,3
DA:127,5
DA:134,1
DA:141,2
DA:148,2
DA:152,33
DA:156,48
DA:160,33
DA:164,25
LF:30
LH:30
BRDA:17,0,0,3
BRDA:23,1,0,42
BRDA:23,1,1,13
BRF:3
BRH:3
end_of_record
TN:
SF:src/modules/storage.ts
FN:21,(anonymous_0)
FN:38,(anonymous_1)
FN:41,(anonymous_2)
FN:52,(anonymous_3)
FN:55,(anonymous_4)
FN:68,(anonymous_5)
FN:74,(anonymous_6)
FN:82,(anonymous_7)
FN:90,(anonymous_8)
FN:101,(anonymous_9)
FN:107,(anonymous_10)
FN:117,(anonymous_11)
FN:130,(anonymous_12)
FN:133,(anonymous_13)
FN:154,(anonymous_14)
FN:157,(anonymous_15)
FN:164,(anonymous_16)
FNF:17
FNH:17
FNDA:97,(anonymous_0)
FNDA:18,(anonymous_1)
FNDA:18,(anonymous_2)
FNDA:9,(anonymous_3)
FNDA:9,(anonymous_4)
FNDA:9,(anonymous_5)
FNDA:6,(anonymous_6)
FNDA:3,(anonymous_7)
FNDA:2,(anonymous_8)
FNDA:24,(anonymous_9)
FNDA:3,(anonymous_10)
FNDA:21,(anonymous_11)
FNDA:5,(anonymous_12)
FNDA:5,(anonymous_13)
FNDA:25,(anonymous_14)
FNDA:25,(anonymous_15)
FNDA:3,(anonymous_16)
DA:3,48
DA:4,48
DA:5,48
DA:12,48
DA:29,97
DA:31,97
DA:32,97
DA:33,97
DA:34,97
DA:35,97
DA:41,18
DA:42,18
DA:44,17
DA:55,9
DA:56,9
DA:58,8
DA:60,8
DA:71,9
DA:74,6
DA:75,6
DA:77,5
DA:79,5
DA:82,3
DA:83,3
DA:85,2
DA:86,1
DA:87,1
DA:90,2
DA:91,2
DA:93,1
DA:104,24
DA:107,3
DA:108,3
DA:110,2
DA:111,2
DA:114,2
DA:117,21
DA:118,21
DA:120,20
DA:133,5
DA:134,5
DA:136,4
DA:138,4
DA:139,1
DA:140,2
DA:143,1
DA:146,3
DA:147,3
DA:157,25
DA:158,25
DA:160,14
DA:161,11
DA:164,3
DA:165,3
DA:167,2
DA:168,2
DA:169,1
DA:172,1
DA:175,1
LF:59
LH:59
BRDA:42,0,0,1
BRDA:56,1,0,1
BRDA:71,2,0,6
BRDA:75,3,0,1
BRDA:83,4,0,1
BRDA:91,5,0,1
BRDA:104,6,0,3
BRDA:108,7,0,1
BRDA:118,8,0,1
BRDA:134,9,0,1
BRDA:138,10,0,1
BRDA:158,11,0,11
BRDA:158,12,0,25
BRDA:158,12,1,23
BRDA:160,13,0,11
BRDA:165,14,0,1
BRDA:168,15,0,1
BRF:17
BRH:17
end_of_record
TN:
SF:src/modules/text.codec.ts
FN:14,(anonymous_0)
FN:18,(anonymous_1)
FN:22,(anonymous_2)
FN:26,(anonymous_3)
FN:30,(anonymous_4)
FN:34,(anonymous_5)
FNF:6
FNH:6
FNDA:1,(anonymous_0)
FNDA:2,(anonymous_1)
FNDA:2,(anonymous_2)
FNDA:2,(anonymous_3)
FNDA:2,(anonymous_4)
FNDA:2,(anonymous_5)
DA:1,48
DA:8,48
DA:15,1
DA:19,2
DA:23,2
DA:27,2
DA:31,2
DA:35,2
LF:8
LH:8
BRF:0
BRH:0
end_of_record
TN:
SF:src/modules/throttle.ts
FN:15,(anonymous_0)
FN:24,(anonymous_1)
FN:40,(anonymous_2)
FNF:3
FNH:2
FNDA:0,(anonymous_0)
FNDA:6,(anonymous_1)
FNDA:4,(anonymous_2)
DA:2,48
DA:3,48
DA:10,48
DA:12,48
DA:27,6
DA:28,6
DA:29,6
DA:31,6
DA:32,6
DA:33,2
DA:40,4
DA:41,4
DA:43,4
DA:44,4
LF:14
LH:14
BRDA:28,0,0,3
BRDA:28,0,1,3
BRDA:29,1,0,3
BRDA:29,1,1,3
BRDA:31,2,0,6
BRDA:31,2,1,2
BRDA:32,3,0,2
BRF:7
BRH:7
end_of_record
TN:
SF:src/modules/timeout.ts
FN:14,(anonymous_0)
FN:21,(anonymous_1)
FN:35,(anonymous_2)
FN:51,(anonymous_3)
FN:62,(anonymous_4)
FN:69,(anonymous_5)
FNF:6
FNH:5
FNDA:0,(anonymous_0)
FNDA:4,(anonymous_1)
FNDA:3,(anonymous_2)
FNDA:1,(anonymous_3)
FNDA:12,(anonymous_4)
FNDA:6,(anonymous_5)
DA:2,48
DA:9,48
DA:11,48
DA:24,4
DA:25,4
DA:26,4
DA:28,4
DA:29,4
DA:38,3
DA:39,3
DA:41,2
DA:42,2
DA:44,2
DA:45,2
DA:52,1
DA:53,1
DA:55,1
DA:56,1
DA:63,12
DA:70,6
LF:20
LH:20
BRDA:25,0,0,2
BRDA:25,0,1,2
BRDA:26,1,0,2
BRDA:26,1,1,2
BRDA:39,2,0,1
BRF:5
BRH:5
end_of_record
TN:
SF:src/modules/web.socket.ts
FNF:0
FNH:0
DA:2,48
DA:3,48
DA:4,48
DA:5,48
DA:6,48
DA:7,48
DA:264,48
LF:7
LH:7
BRF:0
BRH:0
end_of_record
TN:
SF:src/utils/array.utils.ts
FN:7,getArraysDifference
FN:17,(anonymous_1)
FN:30,getArraysIntersection
FN:40,(anonymous_3)
FN:55,getArrayLastItem
FN:62,removeArrayDuplicates
FN:86,removeArrayItems
FN:112,isArray
FNF:8
FNH:8
FNDA:2,getArraysDifference
FNDA:28,(anonymous_1)
FNDA:2,getArraysIntersection
FNDA:23,(anonymous_3)
FNDA:4,getArrayLastItem
FNDA:2,removeArrayDuplicates
FNDA:3,removeArrayItems
FNDA:36,isArray
DA:1,48
DA:7,48
DA:8,2
DA:10,2
DA:11,4
DA:14,18
DA:15,18
DA:17,28
DA:18,16
DA:20,8
DA:24,2
DA:30,48
DA:31,2
DA:33,2
DA:34,4
DA:37,18
DA:38,18
DA:40,23
DA:41,14
DA:43,4
DA:47,2
DA:55,48
DA:56,4
DA:62,48
DA:63,2
DA:65,2
DA:66,1
DA:69,1
DA:72,8
DA:73,8
DA:75,6
DA:78,1
DA:86,48
DA:89,3
DA:90,3
DA:92,3
DA:93,3
DA:95,3
DA:97,3
DA:100,14
DA:101,14
DA:103,10
DA:106,3
DA:112,48
DA:113,36
LF:45
LH:45
BRDA:7,0,0,1
BRDA:15,1,0,2
BRDA:17,2,0,28
BRDA:17,2,1,16
BRDA:18,3,0,8
BRDA:30,4,0,1
BRDA:38,5,0,4
BRDA:41,6,0,10
BRDA:56,7,0,4
BRDA:56,7,1,2
BRDA:62,8,0,1
BRDA:65,9,0,1
BRDA:73,10,0,2
BRDA:90,11,0,1
BRDA:90,11,1,2
BRDA:92,12,0,1
BRDA:92,12,1,2
BRDA:93,13,0,3
BRDA:93,13,1,2
BRDA:100,14,0,14
BRDA:100,14,1,4
BRDA:101,15,0,4
BRF:22
BRH:22
end_of_record
TN:
SF:src/utils/date.utils.ts
FN:4,getDateInMilliseconds
FNF:1
FNH:1
FNDA:3,getDateInMilliseconds
DA:4,48
DA:5,3
LF:2
LH:2
BRF:0
BRH:0
end_of_record
TN:
SF:src/utils/document.utils.ts
FN:8,createDocumentElement
FNF:1
FNH:1
FNDA:2,createDocumentElement
DA:1,48
DA:8,48
DA:12,2
LF:3
LH:3
BRDA:12,0,0,1
BRDA:12,0,1,1
BRF:2
BRH:2
end_of_record
TN:
SF:src/utils/emoji.utils.ts
FN:1,getEmojiFromCountryCode
FN:2,(anonymous_1)
FNF:2
FNH:2
FNDA:2,getEmojiFromCountryCode
FNDA:4,(anonymous_1)
DA:1,48
DA:2,4
LF:2
LH:2
BRF:0
BRH:0
end_of_record
TN:
SF:src/utils/error.utils.ts
FN:4,isError
FN:11,isNotError
FNF:2
FNH:2
FNDA:2,isError
FNDA:4,isNotError
DA:4,48
DA:5,2
DA:11,48
DA:12,4
LF:4
LH:4
BRF:0
BRH:0
end_of_record
TN:
SF:src/utils/fetch.utils.ts
FN:7,deleteFetchRequestInitHeader
FN:17,(anonymous_1)
FN:24,getFetchRequestInitHeader
FN:38,(anonymous_3)
FN:50,getFetchRequestInitHeadersEntries
FN:66,getFetchRequestInitHeadersLength
FN:70,setFetchRequestInitHeader
FN:83,(anonymous_7)
FN:92,setFetchRequestInitHeaderWhenUnset
FN:100,mergeFetchRequestInits
FN:123,toNativeFetchRequestInit
FN:164,toLoggableFetchRequestInit
FN:177,toLoggableNativeFetchRequestInit
FN:198,hasFetchRequestInitHeader
FNF:14
FNH:14
FNDA:8,deleteFetchRequestInitHeader
FNDA:1,(anonymous_1)
FNDA:64,getFetchRequestInitHeader
FNDA:5,(anonymous_3)
FNDA:113,getFetchRequestInitHeadersEntries
FNDA:49,getFetchRequestInitHeadersLength
FNDA:36,setFetchRequestInitHeader
FNDA:1,(anonymous_7)
FNDA:28,setFetchRequestInitHeaderWhenUnset
FNDA:32,mergeFetchRequestInits
FNDA:54,toNativeFetchRequestInit
FNDA:2,toLoggableFetchRequestInit
FNDA:47,toLoggableNativeFetchRequestInit
FNDA:37,hasFetchRequestInitHeader
DA:2,48
DA:3,48
DA:4,48
DA:5,48
DA:7,48
DA:8,8
DA:9,1
DA:12,7
DA:13,3
DA:16,4
DA:17,2
DA:18,2
DA:21,2
DA:24,48
DA:27,64
DA:28,23
DA:31,41
DA:32,25
DA:35,16
DA:38,8
DA:39,8
DA:41,5
DA:44,8
DA:45,8
DA:47,5
DA:50,48
DA:51,113
DA:52,61
DA:55,52
DA:56,42
DA:59,10
DA:60,5
DA:63,5
DA:66,48
DA:67,49
DA:70,48
DA:71,36
DA:72,22
DA:73,22
DA:75,22
DA:78,14
DA:79,8
DA:82,6
DA:83,3
DA:84,3
DA:86,3
DA:89,3
DA:92,48
DA:93,28
DA:94,4
DA:97,24
DA:100,48
DA:103,32
DA:104,32
DA:106,32
DA:107,2
DA:110,32
DA:111,32
DA:112,2
DA:116,32
DA:117,31
DA:120,32
DA:123,48
DA:126,54
DA:127,54
DA:129,21
DA:130,2
DA:131,2
DA:133,2
DA:136,19
DA:137,1
DA:140,1
DA:143,18
DA:150,15
DA:151,15
DA:153,15
DA:155,3
DA:156,3
DA:158,3
DA:161,18
DA:164,48
DA:167,2
DA:168,2
DA:170,1
DA:171,1
DA:174,1
DA:177,48
DA:180,47
DA:181,47
DA:183,14
DA:184,1
DA:185,1
DA:188,13
DA:189,3
DA:190,3
DA:193,10
DA:195,10
DA:198,48
DA:199,37
LF:99
LH:99
BRDA:8,0,0,1
BRDA:12,1,0,3
BRDA:16,2,0,2
BRDA:27,3,0,23
BRDA:31,4,0,25
BRDA:35,5,0,8
BRDA:39,6,0,3
BRDA:45,7,0,3
BRDA:51,8,0,61
BRDA:55,9,0,42
BRDA:59,10,0,5
BRDA:71,11,0,22
BRDA:78,12,0,8
BRDA:82,13,0,3
BRDA:93,14,0,4
BRDA:116,15,0,31
BRDA:127,16,0,33
BRDA:129,17,0,2
BRDA:129,18,0,21
BRDA:129,18,1,20
BRDA:136,19,0,1
BRDA:143,20,0,1
BRDA:143,20,1,2
BRDA:143,20,2,3
BRDA:143,20,3,4
BRDA:143,20,4,14
BRDA:143,20,5,15
BRDA:143,20,6,3
BRDA:168,21,0,1
BRDA:170,22,0,1
BRDA:181,23,0,33
BRDA:183,24,0,1
BRDA:188,25,0,3
BRDA:188,26,0,13
BRDA:188,26,1,13
BRF:35
BRH:35
end_of_record
TN:
SF:src/utils/form.data.utils.ts
FN:3,convertFormDataToObject
FNF:1
FNH:1
FNDA:4,convertFormDataToObject
DA:1,48
DA:3,48
DA:6,4
DA:8,4
DA:9,11
DA:10,5
DA:11,5
DA:14,6
DA:17,4
LF:9
LH:9
BRDA:9,0,0,5
BRDA:9,1,0,11
BRDA:9,1,1,11
BRF:3
BRH:3
end_of_record
TN:
SF:src/utils/function.utils.ts
FN:4,isInstanceOf
FNF:1
FNH:1
FNDA:2,isInstanceOf
DA:4,48
DA:5,2
LF:2
LH:2
BRF:0
BRH:0
end_of_record
TN:
SF:src/utils/image.utils.ts
FNF:0
FNH:0
DA:1,48
DA:2,48
DA:8,48
DA:25,48
LF:4
LH:4
BRF:0
BRH:0
end_of_record
TN:
SF:src/utils/number.utils.ts
FN:7,getAbsoluteNumber
FN:14,getNumbersDistance
FN:21,getLimitedNumber
FN:36,getNumberPercentage
FN:50,getHighestNumber
FN:68,getLowestNumber
FN:84,parseBigInt
FN:87,(anonymous_7)
FN:96,parseNumber
FN:107,toFixedNumber
FN:114,isNumberEven
FN:121,isNumberMultipleOf
FN:128,isNumberOdd
FNF:13
FNH:13
FNDA:4,getAbsoluteNumber
FNDA:4,getNumbersDistance
FNDA:8,getLimitedNumber
FNDA:7,getNumberPercentage
FNDA:4,getHighestNumber
FNDA:4,getLowestNumber
FNDA:6,parseBigInt
FNDA:6,(anonymous_7)
FNDA:8,parseNumber
FNDA:4,toFixedNumber
FNDA:3,isNumberEven
FNDA:8,isNumberMultipleOf
FNDA:3,isNumberOdd
DA:1,48
DA:2,48
DA:7,48
DA:8,4
DA:14,48
DA:15,4
DA:21,48
DA:22,8
DA:23,6
DA:26,2
DA:27,1
DA:30,1
DA:36,48
DA:39,7
DA:40,7
DA:42,7
DA:50,48
DA:53,4
DA:54,4
DA:56,4
DA:57,12
DA:60,4
DA:68,48
DA:71,4
DA:72,4
DA:74,4
DA:75,12
DA:78,4
DA:84,48
DA:87,6
DA:88,6
DA:90,5
DA:96,48
DA:97,8
DA:98,5
DA:101,3
DA:107,48
DA:108,4
DA:114,48
DA:115,3
DA:121,48
DA:122,8
DA:128,48
DA:129,3
LF:44
LH:44
BRDA:8,0,0,2
BRDA:8,0,1,2
BRDA:8,1,0,1
BRDA:8,1,1,1
BRDA:15,2,0,1
BRDA:15,2,1,3
BRDA:21,3,0,1
BRDA:21,4,0,1
BRDA:22,5,0,6
BRDA:22,6,0,8
BRDA:22,6,1,7
BRDA:26,7,0,1
BRDA:36,8,0,1
BRDA:36,9,0,3
BRDA:36,10,0,5
BRDA:40,11,0,2
BRDA:40,11,1,5
BRDA:53,12,0,2
BRDA:53,12,1,2
BRDA:57,13,0,8
BRDA:57,13,1,4
BRDA:71,14,0,2
BRDA:71,14,1,2
BRDA:75,15,0,8
BRDA:75,15,1,4
BRDA:84,16,0,6
BRDA:88,17,0,1
BRDA:96,18,0,6
BRDA:97,19,0,5
BRDA:98,20,0,4
BRDA:98,20,1,1
BRDA:101,21,0,2
BRDA:101,21,1,1
BRF:33
BRH:33
end_of_record
TN:
SF:src/utils/object.utils.ts
FN:13,cloneDeepObject
FN:26,cloneShallowObject
FN:39,copyObjectProperty
FN:49,deleteObjectProperty
FN:87,getObjectProperty
FN:120,getObjectPropertyDotKeyTarget
FN:136,(anonymous_7)
FN:148,mergeObjects
FN:149,(anonymous_9)
FN:157,omitObjectProperties
FN:172,pickObjectProperties
FN:192,setObjectProperty
FN:243,convertObjectToFormData
FN:273,(anonymous_14)
FN:295,hasObjectProperty
FN:309,isObjectKeysPopulated
FN:318,isObjectValuesPopulated
FN:325,isObject
FN:340,isPlainObject
FNF:19
FNH:19
FNDA:422,cloneDeepObject
FNDA:110,cloneShallowObject
FNDA:18,copyObjectProperty
FNDA:14,deleteObjectProperty
FNDA:54,getObjectProperty
FNDA:6,getObjectPropertyDotKeyTarget
FNDA:9,(anonymous_7)
FNDA:44,mergeObjects
FNDA:53,(anonymous_9)
FNDA:108,omitObjectProperties
FNDA:2,pickObjectProperties
FNDA:53,setObjectProperty
FNDA:1,convertObjectToFormData
FNDA:2,(anonymous_14)
FNDA:8,hasObjectProperty
FNDA:2,isObjectKeysPopulated
FNDA:2,isObjectValuesPopulated
FNDA:10,isObject
FNDA:13,isPlainObject
DA:1,48
DA:2,48
DA:3,48
DA:5,48
DA:6,48
DA:13,48
DA:14,422
DA:15,406
DA:18,16
DA:26,48
DA:27,110
DA:39,48
DA:40,18
DA:49,48
DA:50,14
DA:53,1
DA:54,1
DA:56,13
DA:59,2
DA:60,2
DA:62,2
DA:63,2
DA:65,2
DA:67,2
DA:71,11
DA:73,11
DA:87,48
DA:88,54
DA:91,1
DA:93,53
DA:96,4
DA:97,4
DA:99,4
DA:100,4
DA:102,4
DA:105,49
DA:107,37
DA:110,12
DA:123,6
DA:124,6
DA:126,6
DA:129,15
DA:130,6
DA:133,9
DA:134,9
DA:136,9
DA:137,9
DA:140,6
DA:148,48
DA:149,53
DA:157,48
DA:158,108
DA:160,108
DA:161,108
DA:164,108
DA:172,48
DA:173,2
DA:175,2
DA:176,2
DA:177,2
DA:181,2
DA:192,48
DA:193,53
DA:197,1
DA:198,1
DA:200,52
DA:203,4
DA:204,4
DA:206,4
DA:209,9
DA:210,3
DA:213,6
DA:214,6
DA:216,6
DA:218,3
DA:219,3
DA:221,2
DA:222,2
DA:224,2
DA:226,1
DA:230,3
DA:231,3
DA:233,3
DA:237,48
DA:239,48
DA:243,48
DA:246,1
DA:248,1
DA:249,12
DA:253,3
DA:254,3
DA:258,3
DA:262,5
DA:263,1
DA:266,4
DA:269,2
DA:270,2
DA:273,2
DA:274,2
DA:276,1
DA:278,1
DA:280,1
DA:281,1
DA:285,1
DA:295,48
DA:299,8
DA:301,8
DA:309,48
DA:310,2
DA:318,48
DA:319,2
DA:325,48
DA:326,10
DA:327,1
DA:330,9
DA:331,1
DA:334,8
DA:340,48
DA:341,13
DA:342,7
DA:345,6
DA:346,1
DA:349,5
LF:123
LH:123
BRDA:13,0,0,406
BRDA:14,1,0,406
BRDA:50,2,0,1
BRDA:50,2,1,1
BRDA:50,2,2,13
BRDA:56,3,0,2
BRDA:60,4,0,0
BRDA:88,5,0,1
BRDA:88,5,1,1
BRDA:88,5,2,53
BRDA:93,6,0,4
BRDA:97,7,0,0
BRDA:105,8,0,37
BRDA:129,9,0,6
BRDA:137,10,0,0
BRDA:176,11,0,2
BRDA:193,12,0,1
BRDA:193,12,1,1
BRDA:193,12,2,52
BRDA:200,13,0,4
BRDA:209,14,0,3
BRDA:216,15,0,3
BRDA:216,15,1,2
BRDA:216,15,2,1
BRDA:221,16,0,1
BRDA:221,16,1,1
BRDA:249,17,0,1
BRDA:249,17,1,2
BRDA:249,17,2,3
BRDA:249,17,3,1
BRDA:249,17,4,2
BRDA:249,17,5,3
BRDA:249,17,6,5
BRDA:249,17,7,1
BRDA:262,18,0,1
BRDA:266,19,0,1
BRDA:266,19,1,2
BRDA:267,20,0,4
BRDA:267,20,1,4
BRDA:268,21,0,3
BRDA:268,21,1,3
BRDA:274,22,0,1
BRDA:326,23,0,1
BRDA:330,24,0,1
BRDA:341,25,0,7
BRDA:345,26,0,1
BRF:46
BRH:43
end_of_record
TN:
SF:src/utils/promise.utils.ts
FN:6,chainPromises
FN:8,(anonymous_1)
FN:15,chainTruthyPromises
FN:19,(anonymous_3)
FNF:4
FNH:4
FNDA:1,chainPromises
FNDA:2,(anonymous_1)
FNDA:3,chainTruthyPromises
FNDA:6,(anonymous_3)
DA:1,48
DA:6,48
DA:7,1
DA:8,2
DA:15,48
DA:18,3
DA:19,6
DA:20,6
DA:22,5
DA:23,5
DA:26,1
LF:11
LH:11
BRDA:20,0,0,1
BRDA:23,1,0,1
BRF:2
BRH:2
end_of_record
TN:
SF:src/utils/query.parameters.utils.ts
FN:6,convertQueryParametersObjectToString
FN:8,(anonymous_1)
FNF:2
FNH:2
FNDA:1,convertQueryParametersObjectToString
FNDA:1,(anonymous_1)
DA:6,48
DA:7,1
DA:8,1
LF:3
LH:3
BRF:0
BRH:0
end_of_record
TN:
SF:src/utils/string.utils.ts
FN:7,toCapitalizedString
FN:14,toCamelCaseString
FN:44,toSymbolSeparatedCaseString
FN:67,toKebabCaseString
FN:74,toSnakeCaseString
FN:81,toStartCaseString
FN:109,isStringJSON
FN:110,(anonymous_7)
FN:116,isStringNotJSON
FN:117,(anonymous_9)
FN:123,isStringFloat
FN:130,isStringInt
FNF:12
FNH:12
FNDA:7,toCapitalizedString
FNDA:5,toCamelCaseString
FNDA:10,toSymbolSeparatedCaseString
FNDA:5,toKebabCaseString
FNDA:5,toSnakeCaseString
FNDA:5,toStartCaseString
FNDA:26,isStringJSON
FNDA:26,(anonymous_7)
FNDA:2,isStringNotJSON
FNDA:2,(anonymous_9)
FNDA:8,isStringFloat
FNDA:6,isStringInt
DA:1,48
DA:2,48
DA:7,48
DA:8,7
DA:14,48
DA:17,5
DA:18,5
DA:20,5
DA:21,48
DA:22,3
DA:23,3
DA:26,45
DA:27,3
DA:28,3
DA:31,42
DA:32,3
DA:33,3
DA:35,3
DA:38,39
DA:41,5
DA:45,10
DA:47,10
DA:48,96
DA:49,6
DA:50,6
DA:53,90
DA:54,6
DA:55,6
DA:58,84
DA:61,10
DA:67,48
DA:68,5
DA:74,48
DA:75,5
DA:81,48
DA:84,5
DA:85,5
DA:87,5
DA:88,48
DA:89,3
DA:90,3
DA:93,45
DA:94,3
DA:95,3
DA:97,3
DA:100,42
DA:103,5
DA:109,48
DA:110,26
DA:116,48
DA:117,2
DA:123,48
DA:124,8
DA:130,48
DA:131,6
DA:132,1
DA:135,5
LF:57
LH:57
BRDA:7,0,0,6
BRDA:8,1,0,1
BRDA:8,1,1,6
BRDA:21,2,0,3
BRDA:22,3,0,1
BRDA:22,3,1,2
BRDA:26,4,0,3
BRDA:31,5,0,3
BRDA:48,6,0,6
BRDA:49,7,0,2
BRDA:49,7,1,4
BRDA:53,8,0,6
BRDA:88,9,0,3
BRDA:93,10,0,3
BRDA:131,11,0,1
BRF:15
BRH:15
end_of_record
TN:
SF:src/utils/url.utils.ts
FN:4,concatURL
FN:7,(anonymous_1)
FN:9,(anonymous_2)
FN:16,appendSearchParamsToURL
FN:27,removeSearchParamsFromURL
FNF:5
FNH:5
FNDA:36,concatURL
FNDA:69,(anonymous_1)
FNDA:39,(anonymous_2)
FNDA:37,appendSearchParamsToURL
FNDA:140,removeSearchParamsFromURL
DA:4,49
DA:5,36
DA:7,69
DA:9,39
DA:16,49
DA:17,37
DA:27,49
DA:28,140
LF:8
LH:8
BRDA:9,0,0,36
BRDA:9,0,1,3
BRDA:18,1,0,3
BRDA:18,1,1,34
BRF:4
BRH:4
end_of_record
TN:
SF:tests/server.ts
FN:25,(anonymous_1)
FN:28,(anonymous_2)
FN:36,(anonymous_3)
FN:38,(anonymous_4)
FN:43,(anonymous_5)
FN:48,(anonymous_6)
FN:52,(anonymous_7)
FN:56,(anonymous_8)
FN:60,(anonymous_9)
FN:62,(anonymous_10)
FN:64,(anonymous_11)
FN:69,(anonymous_12)
FN:74,(anonymous_13)
FN:82,openServer
FN:86,closeServer
FNF:15
FNH:15
FNDA:1,(anonymous_1)
FNDA:1,(anonymous_2)
FNDA:2,(anonymous_3)
FNDA:2,(anonymous_4)
FNDA:2,(anonymous_5)
FNDA:2,(anonymous_6)
FNDA:2,(anonymous_7)
FNDA:7,(anonymous_8)
FNDA:2,(anonymous_9)
FNDA:2,(anonymous_10)
FNDA:2,(anonymous_11)
FNDA:5,(anonymous_12)
FNDA:3,(anonymous_13)
FNDA:3,openServer
FNDA:3,closeServer
DA:1,3
DA:2,3
DA:3,3
DA:5,3
DA:10,3
DA:25,1
DA:28,1
DA:36,3
DA:38,3
DA:39,2
DA:40,2
DA:43,3
DA:44,2
DA:45,2
DA:48,3
DA:49,2
DA:52,3
DA:53,2
DA:56,3
DA:57,7
DA:60,3
DA:62,3
DA:64,3
DA:65,2
DA:66,2
DA:69,3
DA:70,5
DA:71,5
DA:74,3
DA:75,3
DA:76,3
DA:82,3
DA:83,3
DA:86,3
DA:87,3
LF:35
LH:35
BRF:0
BRH:0
end_of_record
